fedavg_20_fl_digits_200_10
Counter({'syn': 5, 'mnist': 5, 'usps': 5, 'svhn': 5})
['syn' 'mnist' 'syn' 'usps' 'svhn' 'syn' 'usps' 'svhn' 'mnist' 'mnist'
 'usps' 'svhn' 'usps' 'usps' 'syn' 'svhn' 'mnist' 'mnist' 'syn' 'svhn']
0
[11, 1, 18, 17, 2, 12, 19, 16, 10, 0, 3, 4, 15, 8, 13, 9, 5, 14, 7, 6]
11:0.097		1:0.080		18:0.013		17:0.080		2:0.013		12:0.010		19:0.097		16:0.080		10:0.010		0:0.013		3:0.010		4:0.097		15:0.097		8:0.080		13:0.010		9:0.080		5:0.013		14:0.013		7:0.097		6:0.010
The 0 Communcation Round: Method: fedavg
mnist: 29.9,	usps: 15.79,	svhn: 18.37,	syn: 9.95
Mean Accuracy: 18.503
Standard Deviation: 8.375


1
[15, 13, 12, 5, 11, 2, 8, 6, 3, 17, 4, 10, 16, 18, 9, 1, 0, 7, 14, 19]
15:0.097		13:0.010		12:0.010		5:0.013		11:0.097		2:0.013		8:0.080		6:0.010		3:0.010		17:0.080		4:0.097		10:0.010		16:0.080		18:0.013		9:0.080		1:0.080		0:0.013		7:0.097		14:0.013		19:0.097
The 1 Communcation Round: Method: fedavg
mnist: 53.94,	usps: 22.67,	svhn: 19.97,	syn: 11.99
Mean Accuracy: 27.142
Standard Deviation: 18.431


2
[18, 0, 13, 2, 3, 17, 7, 12, 14, 16, 11, 10, 9, 15, 1, 19, 8, 6, 5, 4]
18:0.013		0:0.013		13:0.010		2:0.013		3:0.010		17:0.080		7:0.097		12:0.010		14:0.013		16:0.080		11:0.097		10:0.010		9:0.080		15:0.097		1:0.080		19:0.097		8:0.080		6:0.010		5:0.013		4:0.097
The 2 Communcation Round: Method: fedavg
mnist: 53.11,	usps: 34.23,	svhn: 23.32,	syn: 13.33
Mean Accuracy: 30.997
Standard Deviation: 17.034


3
[7, 1, 2, 19, 5, 18, 8, 17, 15, 16, 6, 13, 11, 4, 10, 9, 12, 3, 14, 0]
7:0.097		1:0.080		2:0.013		19:0.097		5:0.013		18:0.013		8:0.080		17:0.080		15:0.097		16:0.080		6:0.010		13:0.010		11:0.097		4:0.097		10:0.010		9:0.080		12:0.010		3:0.010		14:0.013		0:0.013
The 3 Communcation Round: Method: fedavg
mnist: 51.43,	usps: 48.73,	svhn: 27.37,	syn: 13.83
Mean Accuracy: 35.340
Standard Deviation: 17.929


4
[12, 6, 10, 8, 17, 7, 4, 2, 18, 11, 14, 0, 19, 9, 5, 1, 16, 13, 15, 3]
12:0.010		6:0.010		10:0.010		8:0.080		17:0.080		7:0.097		4:0.097		2:0.013		18:0.013		11:0.097		14:0.013		0:0.013		19:0.097		9:0.080		5:0.013		1:0.080		16:0.080		13:0.010		15:0.097		3:0.010
The 4 Communcation Round: Method: fedavg
mnist: 52.11,	usps: 52.47,	svhn: 29.48,	syn: 15.02
Mean Accuracy: 37.270
Standard Deviation: 18.321


5
[18, 14, 6, 4, 5, 3, 8, 1, 12, 17, 19, 11, 2, 10, 0, 15, 9, 7, 16, 13]
18:0.013		14:0.013		6:0.010		4:0.097		5:0.013		3:0.010		8:0.080		1:0.080		12:0.010		17:0.080		19:0.097		11:0.097		2:0.013		10:0.010		0:0.013		15:0.097		9:0.080		7:0.097		16:0.080		13:0.010
The 5 Communcation Round: Method: fedavg
mnist: 52.46,	usps: 55.26,	svhn: 33.07,	syn: 15.87
Mean Accuracy: 39.165
Standard Deviation: 18.399


6
[5, 18, 13, 16, 12, 11, 7, 0, 19, 2, 8, 6, 15, 4, 1, 10, 9, 14, 17, 3]
5:0.013		18:0.013		13:0.010		16:0.080		12:0.010		11:0.097		7:0.097		0:0.013		19:0.097		2:0.013		8:0.080		6:0.010		15:0.097		4:0.097		1:0.080		10:0.010		9:0.080		14:0.013		17:0.080		3:0.010
The 6 Communcation Round: Method: fedavg
mnist: 53.13,	usps: 60.94,	svhn: 32.49,	syn: 16.87
Mean Accuracy: 40.858
Standard Deviation: 19.994


7
[6, 1, 5, 9, 4, 12, 7, 15, 10, 16, 18, 19, 0, 11, 17, 14, 3, 2, 13, 8]
6:0.010		1:0.080		5:0.013		9:0.080		4:0.097		12:0.010		7:0.097		15:0.097		10:0.010		16:0.080		18:0.013		19:0.097		0:0.013		11:0.097		17:0.080		14:0.013		3:0.010		2:0.013		13:0.010		8:0.080
The 7 Communcation Round: Method: fedavg
mnist: 56.13,	usps: 66.72,	svhn: 40.76,	syn: 17.81
Mean Accuracy: 45.355
Standard Deviation: 21.232


8
[2, 16, 15, 17, 19, 1, 7, 5, 10, 18, 8, 9, 6, 12, 11, 13, 3, 4, 0, 14]
2:0.013		16:0.080		15:0.097		17:0.080		19:0.097		1:0.080		7:0.097		5:0.013		10:0.010		18:0.013		8:0.080		9:0.080		6:0.010		12:0.010		11:0.097		13:0.010		3:0.010		4:0.097		0:0.013		14:0.013
The 8 Communcation Round: Method: fedavg
mnist: 59.63,	usps: 71.65,	svhn: 47.38,	syn: 18.61
Mean Accuracy: 49.317
Standard Deviation: 22.743


9
[15, 13, 3, 10, 12, 2, 18, 16, 17, 7, 5, 6, 9, 14, 11, 4, 0, 8, 1, 19]
15:0.097		13:0.010		3:0.010		10:0.010		12:0.010		2:0.013		18:0.013		16:0.080		17:0.080		7:0.097		5:0.013		6:0.010		9:0.080		14:0.013		11:0.097		4:0.097		0:0.013		8:0.080		1:0.080		19:0.097
The 9 Communcation Round: Method: fedavg
mnist: 62.85,	usps: 72.65,	svhn: 55.13,	syn: 21.0
Mean Accuracy: 52.907
Standard Deviation: 22.447


10
[19, 9, 2, 4, 14, 8, 0, 11, 7, 5, 13, 16, 6, 18, 10, 17, 15, 3, 12, 1]
19:0.097		9:0.080		2:0.013		4:0.097		14:0.013		8:0.080		0:0.013		11:0.097		7:0.097		5:0.013		13:0.010		16:0.080		6:0.010		18:0.013		10:0.010		17:0.080		15:0.097		3:0.010		12:0.010		1:0.080
The 10 Communcation Round: Method: fedavg
mnist: 65.65,	usps: 76.23,	svhn: 58.34,	syn: 20.6
Mean Accuracy: 55.205
Standard Deviation: 24.211


11
[0, 17, 1, 16, 6, 12, 14, 10, 4, 13, 18, 7, 9, 3, 19, 2, 8, 15, 5, 11]
0:0.013		17:0.080		1:0.080		16:0.080		6:0.010		12:0.010		14:0.013		10:0.010		4:0.097		13:0.010		18:0.013		7:0.097		9:0.080		3:0.010		19:0.097		2:0.013		8:0.080		15:0.097		5:0.013		11:0.097
The 11 Communcation Round: Method: fedavg
mnist: 64.7,	usps: 75.14,	svhn: 62.19,	syn: 21.04
Mean Accuracy: 55.767
Standard Deviation: 23.821


12
[17, 13, 15, 8, 0, 6, 2, 4, 1, 5, 16, 7, 11, 10, 19, 18, 12, 14, 3, 9]
17:0.080		13:0.010		15:0.097		8:0.080		0:0.013		6:0.010		2:0.013		4:0.097		1:0.080		5:0.013		16:0.080		7:0.097		11:0.097		10:0.010		19:0.097		18:0.013		12:0.010		14:0.013		3:0.010		9:0.080
The 12 Communcation Round: Method: fedavg
mnist: 65.66,	usps: 77.73,	svhn: 64.68,	syn: 22.39
Mean Accuracy: 57.615
Standard Deviation: 24.222


13
[9, 16, 13, 19, 6, 7, 17, 3, 12, 10, 1, 8, 18, 15, 14, 5, 2, 11, 0, 4]
9:0.080		16:0.080		13:0.010		19:0.097		6:0.010		7:0.097		17:0.080		3:0.010		12:0.010		10:0.010		1:0.080		8:0.080		18:0.013		15:0.097		14:0.013		5:0.013		2:0.013		11:0.097		0:0.013		4:0.097
The 13 Communcation Round: Method: fedavg
mnist: 69.08,	usps: 80.52,	svhn: 68.06,	syn: 24.48
Mean Accuracy: 60.535
Standard Deviation: 24.691


14
[0, 14, 12, 6, 18, 17, 11, 8, 9, 10, 5, 15, 4, 13, 16, 2, 1, 19, 7, 3]
0:0.013		14:0.013		12:0.010		6:0.010		18:0.013		17:0.080		11:0.097		8:0.080		9:0.080		10:0.010		5:0.013		15:0.097		4:0.097		13:0.010		16:0.080		2:0.013		1:0.080		19:0.097		7:0.097		3:0.010
The 14 Communcation Round: Method: fedavg
mnist: 71.06,	usps: 80.77,	svhn: 70.07,	syn: 25.42
Mean Accuracy: 61.830
Standard Deviation: 24.749


15
[18, 3, 4, 19, 15, 17, 10, 8, 1, 0, 2, 12, 16, 5, 14, 13, 9, 11, 7, 6]
18:0.013		3:0.010		4:0.097		19:0.097		15:0.097		17:0.080		10:0.010		8:0.080		1:0.080		0:0.013		2:0.013		12:0.010		16:0.080		5:0.013		14:0.013		13:0.010		9:0.080		11:0.097		7:0.097		6:0.010
The 15 Communcation Round: Method: fedavg
mnist: 73.4,	usps: 81.91,	svhn: 71.18,	syn: 25.57
Mean Accuracy: 63.015
Standard Deviation: 25.388


16
[2, 5, 11, 6, 9, 15, 16, 12, 4, 17, 1, 10, 13, 7, 18, 19, 0, 14, 8, 3]
2:0.013		5:0.013		11:0.097		6:0.010		9:0.080		15:0.097		16:0.080		12:0.010		4:0.097		17:0.080		1:0.080		10:0.010		13:0.010		7:0.097		18:0.013		19:0.097		0:0.013		14:0.013		8:0.080		3:0.010
The 16 Communcation Round: Method: fedavg
mnist: 74.61,	usps: 80.52,	svhn: 70.82,	syn: 26.52
Mean Accuracy: 63.117
Standard Deviation: 24.723


17
[1, 13, 15, 9, 2, 6, 17, 18, 11, 12, 0, 5, 8, 7, 16, 19, 3, 4, 14, 10]
1:0.080		13:0.010		15:0.097		9:0.080		2:0.013		6:0.010		17:0.080		18:0.013		11:0.097		12:0.010		0:0.013		5:0.013		8:0.080		7:0.097		16:0.080		19:0.097		3:0.010		4:0.097		14:0.013		10:0.010
The 17 Communcation Round: Method: fedavg
mnist: 75.09,	usps: 82.01,	svhn: 71.68,	syn: 25.67
Mean Accuracy: 63.613
Standard Deviation: 25.657


18
[8, 15, 4, 13, 0, 19, 6, 1, 12, 16, 7, 11, 10, 5, 14, 18, 2, 9, 3, 17]
8:0.080		15:0.097		4:0.097		13:0.010		0:0.013		19:0.097		6:0.010		1:0.080		12:0.010		16:0.080		7:0.097		11:0.097		10:0.010		5:0.013		14:0.013		18:0.013		2:0.013		9:0.080		3:0.010		17:0.080
The 18 Communcation Round: Method: fedavg
mnist: 77.2,	usps: 81.81,	svhn: 74.27,	syn: 26.67
Mean Accuracy: 64.987
Standard Deviation: 25.733


19
[2, 4, 1, 19, 5, 11, 0, 18, 14, 8, 7, 15, 6, 16, 13, 12, 9, 10, 17, 3]
2:0.013		4:0.097		1:0.080		19:0.097		5:0.013		11:0.097		0:0.013		18:0.013		14:0.013		8:0.080		7:0.097		15:0.097		6:0.010		16:0.080		13:0.010		12:0.010		9:0.080		10:0.010		17:0.080		3:0.010
The 19 Communcation Round: Method: fedavg
mnist: 77.42,	usps: 83.26,	svhn: 74.45,	syn: 25.97
Mean Accuracy: 65.275
Standard Deviation: 26.458


20
[19, 10, 14, 1, 5, 18, 15, 11, 16, 13, 8, 0, 12, 2, 9, 4, 7, 17, 6, 3]
19:0.097		10:0.010		14:0.013		1:0.080		5:0.013		18:0.013		15:0.097		11:0.097		16:0.080		13:0.010		8:0.080		0:0.013		12:0.010		2:0.013		9:0.080		4:0.097		7:0.097		17:0.080		6:0.010		3:0.010
The 20 Communcation Round: Method: fedavg
mnist: 80.91,	usps: 82.51,	svhn: 74.53,	syn: 26.52
Mean Accuracy: 66.118
Standard Deviation: 26.622


21
[16, 12, 2, 10, 11, 18, 13, 14, 4, 8, 3, 0, 6, 15, 17, 9, 7, 19, 5, 1]
16:0.080		12:0.010		2:0.013		10:0.010		11:0.097		18:0.013		13:0.010		14:0.013		4:0.097		8:0.080		3:0.010		0:0.013		6:0.010		15:0.097		17:0.080		9:0.080		7:0.097		19:0.097		5:0.013		1:0.080
The 21 Communcation Round: Method: fedavg
mnist: 79.71,	usps: 84.35,	svhn: 75.41,	syn: 27.51
Mean Accuracy: 66.745
Standard Deviation: 26.410


22
[15, 9, 7, 5, 19, 2, 14, 12, 3, 6, 17, 11, 8, 13, 10, 0, 16, 18, 4, 1]
15:0.097		9:0.080		7:0.097		5:0.013		19:0.097		2:0.013		14:0.013		12:0.010		3:0.010		6:0.010		17:0.080		11:0.097		8:0.080		13:0.010		10:0.010		0:0.013		16:0.080		18:0.013		4:0.097		1:0.080
The 22 Communcation Round: Method: fedavg
mnist: 82.67,	usps: 84.5,	svhn: 75.65,	syn: 28.56
Mean Accuracy: 67.845
Standard Deviation: 26.466


23
[19, 9, 17, 13, 2, 15, 6, 5, 18, 16, 8, 7, 0, 14, 1, 10, 4, 12, 3, 11]
19:0.097		9:0.080		17:0.080		13:0.010		2:0.013		15:0.097		6:0.010		5:0.013		18:0.013		16:0.080		8:0.080		7:0.097		0:0.013		14:0.013		1:0.080		10:0.010		4:0.097		12:0.010		3:0.010		11:0.097
The 23 Communcation Round: Method: fedavg
mnist: 81.63,	usps: 85.45,	svhn: 76.15,	syn: 28.66
Mean Accuracy: 67.972
Standard Deviation: 26.485


24
[11, 10, 2, 17, 14, 12, 15, 18, 6, 8, 7, 19, 16, 5, 9, 3, 13, 0, 4, 1]
11:0.097		10:0.010		2:0.013		17:0.080		14:0.013		12:0.010		15:0.097		18:0.013		6:0.010		8:0.080		7:0.097		19:0.097		16:0.080		5:0.013		9:0.080		3:0.010		13:0.010		0:0.013		4:0.097		1:0.080
The 24 Communcation Round: Method: fedavg
mnist: 81.25,	usps: 84.85,	svhn: 76.92,	syn: 28.96
Mean Accuracy: 67.995
Standard Deviation: 26.224


25
[12, 10, 4, 6, 2, 1, 13, 15, 18, 8, 16, 17, 19, 3, 9, 14, 11, 5, 0, 7]
12:0.010		10:0.010		4:0.097		6:0.010		2:0.013		1:0.080		13:0.010		15:0.097		18:0.013		8:0.080		16:0.080		17:0.080		19:0.097		3:0.010		9:0.080		14:0.013		11:0.097		5:0.013		0:0.013		7:0.097
The 25 Communcation Round: Method: fedavg
mnist: 85.07,	usps: 86.0,	svhn: 76.77,	syn: 29.55
Mean Accuracy: 69.347
Standard Deviation: 26.854


26
[16, 5, 17, 7, 8, 10, 13, 3, 15, 4, 18, 2, 9, 11, 12, 1, 6, 19, 14, 0]
16:0.080		5:0.013		17:0.080		7:0.097		8:0.080		10:0.010		13:0.010		3:0.010		15:0.097		4:0.097		18:0.013		2:0.013		9:0.080		11:0.097		12:0.010		1:0.080		6:0.010		19:0.097		14:0.013		0:0.013
The 26 Communcation Round: Method: fedavg
mnist: 85.6,	usps: 85.9,	svhn: 77.25,	syn: 29.15
Mean Accuracy: 69.475
Standard Deviation: 27.181


27
[1, 0, 11, 5, 16, 8, 14, 19, 12, 6, 15, 10, 9, 3, 2, 7, 18, 13, 17, 4]
1:0.080		0:0.013		11:0.097		5:0.013		16:0.080		8:0.080		14:0.013		19:0.097		12:0.010		6:0.010		15:0.097		10:0.010		9:0.080		3:0.010		2:0.013		7:0.097		18:0.013		13:0.010		17:0.080		4:0.097
The 27 Communcation Round: Method: fedavg
mnist: 84.42,	usps: 86.45,	svhn: 77.79,	syn: 30.3
Mean Accuracy: 69.740
Standard Deviation: 26.552


28
[14, 17, 16, 18, 1, 4, 2, 3, 19, 12, 9, 5, 6, 7, 13, 11, 10, 0, 8, 15]
14:0.013		17:0.080		16:0.080		18:0.013		1:0.080		4:0.097		2:0.013		3:0.010		19:0.097		12:0.010		9:0.080		5:0.013		6:0.010		7:0.097		13:0.010		11:0.097		10:0.010		0:0.013		8:0.080		15:0.097
The 28 Communcation Round: Method: fedavg
mnist: 82.59,	usps: 86.35,	svhn: 78.31,	syn: 30.3
Mean Accuracy: 69.388
Standard Deviation: 26.265


29
[6, 15, 17, 7, 8, 18, 3, 10, 16, 11, 9, 0, 12, 1, 2, 13, 19, 4, 5, 14]
6:0.010		15:0.097		17:0.080		7:0.097		8:0.080		18:0.013		3:0.010		10:0.010		16:0.080		11:0.097		9:0.080		0:0.013		12:0.010		1:0.080		2:0.013		13:0.010		19:0.097		4:0.097		5:0.013		14:0.013
The 29 Communcation Round: Method: fedavg
mnist: 84.48,	usps: 87.19,	svhn: 78.18,	syn: 31.04
Mean Accuracy: 70.223
Standard Deviation: 26.393


30
[19, 18, 13, 16, 10, 7, 9, 4, 6, 8, 14, 11, 17, 12, 3, 15, 2, 5, 0, 1]
19:0.097		18:0.013		13:0.010		16:0.080		10:0.010		7:0.097		9:0.080		4:0.097		6:0.010		8:0.080		14:0.013		11:0.097		17:0.080		12:0.010		3:0.010		15:0.097		2:0.013		5:0.013		0:0.013		1:0.080
The 30 Communcation Round: Method: fedavg
mnist: 84.35,	usps: 86.2,	svhn: 77.7,	syn: 30.7
Mean Accuracy: 69.737
Standard Deviation: 26.280


31
[14, 8, 7, 12, 16, 10, 0, 2, 15, 3, 1, 11, 17, 19, 4, 9, 13, 18, 5, 6]
14:0.013		8:0.080		7:0.097		12:0.010		16:0.080		10:0.010		0:0.013		2:0.013		15:0.097		3:0.010		1:0.080		11:0.097		17:0.080		19:0.097		4:0.097		9:0.080		13:0.010		18:0.013		5:0.013		6:0.010
The 31 Communcation Round: Method: fedavg
mnist: 86.12,	usps: 87.0,	svhn: 78.25,	syn: 32.19
Mean Accuracy: 70.890
Standard Deviation: 26.098


32
[0, 18, 4, 13, 15, 2, 3, 9, 17, 7, 8, 16, 11, 14, 10, 12, 6, 19, 1, 5]
0:0.013		18:0.013		4:0.097		13:0.010		15:0.097		2:0.013		3:0.010		9:0.080		17:0.080		7:0.097		8:0.080		16:0.080		11:0.097		14:0.013		10:0.010		12:0.010		6:0.010		19:0.097		1:0.080		5:0.013
The 32 Communcation Round: Method: fedavg
mnist: 85.17,	usps: 86.7,	svhn: 78.67,	syn: 31.64
Mean Accuracy: 70.545
Standard Deviation: 26.169


33
[6, 12, 9, 11, 2, 10, 0, 7, 15, 16, 13, 18, 19, 8, 17, 1, 4, 5, 14, 3]
6:0.010		12:0.010		9:0.080		11:0.097		2:0.013		10:0.010		0:0.013		7:0.097		15:0.097		16:0.080		13:0.010		18:0.013		19:0.097		8:0.080		17:0.080		1:0.080		4:0.097		5:0.013		14:0.013		3:0.010
The 33 Communcation Round: Method: fedavg
mnist: 86.43,	usps: 85.65,	svhn: 78.52,	syn: 31.44
Mean Accuracy: 70.510
Standard Deviation: 26.289


34
[10, 5, 9, 19, 8, 13, 15, 3, 2, 0, 18, 6, 12, 17, 1, 4, 16, 14, 11, 7]
10:0.010		5:0.013		9:0.080		19:0.097		8:0.080		13:0.010		15:0.097		3:0.010		2:0.013		0:0.013		18:0.013		6:0.010		12:0.010		17:0.080		1:0.080		4:0.097		16:0.080		14:0.013		11:0.097		7:0.097
The 34 Communcation Round: Method: fedavg
mnist: 85.92,	usps: 86.95,	svhn: 79.06,	syn: 31.79
Mean Accuracy: 70.930
Standard Deviation: 26.327


35
[8, 16, 6, 13, 1, 17, 15, 10, 11, 19, 5, 18, 3, 7, 4, 2, 9, 12, 0, 14]
8:0.080		16:0.080		6:0.010		13:0.010		1:0.080		17:0.080		15:0.097		10:0.010		11:0.097		19:0.097		5:0.013		18:0.013		3:0.010		7:0.097		4:0.097		2:0.013		9:0.080		12:0.010		0:0.013		14:0.013
The 35 Communcation Round: Method: fedavg
mnist: 85.24,	usps: 85.95,	svhn: 78.93,	syn: 32.14
Mean Accuracy: 70.565
Standard Deviation: 25.810


36
[8, 5, 18, 9, 6, 15, 11, 12, 13, 19, 2, 16, 0, 4, 7, 1, 17, 10, 3, 14]
8:0.080		5:0.013		18:0.013		9:0.080		6:0.010		15:0.097		11:0.097		12:0.010		13:0.010		19:0.097		2:0.013		16:0.080		0:0.013		4:0.097		7:0.097		1:0.080		17:0.080		10:0.010		3:0.010		14:0.013
The 36 Communcation Round: Method: fedavg
mnist: 87.48,	usps: 86.6,	svhn: 78.82,	syn: 31.84
Mean Accuracy: 71.185
Standard Deviation: 26.517


37
[11, 14, 18, 15, 6, 16, 2, 17, 3, 13, 0, 7, 5, 1, 8, 12, 10, 9, 19, 4]
11:0.097		14:0.013		18:0.013		15:0.097		6:0.010		16:0.080		2:0.013		17:0.080		3:0.010		13:0.010		0:0.013		7:0.097		5:0.013		1:0.080		8:0.080		12:0.010		10:0.010		9:0.080		19:0.097		4:0.097
The 37 Communcation Round: Method: fedavg
mnist: 86.67,	usps: 87.54,	svhn: 78.52,	syn: 33.03
Mean Accuracy: 71.440
Standard Deviation: 25.927


38
[13, 4, 17, 1, 5, 9, 16, 14, 0, 6, 15, 3, 2, 19, 12, 11, 10, 7, 18, 8]
13:0.010		4:0.097		17:0.080		1:0.080		5:0.013		9:0.080		16:0.080		14:0.013		0:0.013		6:0.010		15:0.097		3:0.010		2:0.013		19:0.097		12:0.010		11:0.097		10:0.010		7:0.097		18:0.013		8:0.080
The 38 Communcation Round: Method: fedavg
mnist: 88.26,	usps: 87.19,	svhn: 78.59,	syn: 32.84
Mean Accuracy: 71.720
Standard Deviation: 26.279


39
[14, 12, 3, 16, 8, 5, 13, 7, 10, 15, 1, 19, 9, 4, 0, 17, 11, 6, 18, 2]
14:0.013		12:0.010		3:0.010		16:0.080		8:0.080		5:0.013		13:0.010		7:0.097		10:0.010		15:0.097		1:0.080		19:0.097		9:0.080		4:0.097		0:0.013		17:0.080		11:0.097		6:0.010		18:0.013		2:0.013
The 39 Communcation Round: Method: fedavg
mnist: 85.09,	usps: 86.25,	svhn: 78.65,	syn: 32.44
Mean Accuracy: 70.608
Standard Deviation: 25.664


40
[17, 7, 10, 1, 8, 4, 14, 0, 16, 9, 12, 3, 13, 15, 5, 2, 11, 18, 19, 6]
17:0.080		7:0.097		10:0.010		1:0.080		8:0.080		4:0.097		14:0.013		0:0.013		16:0.080		9:0.080		12:0.010		3:0.010		13:0.010		15:0.097		5:0.013		2:0.013		11:0.097		18:0.013		19:0.097		6:0.010
The 40 Communcation Round: Method: fedavg
mnist: 86.34,	usps: 87.79,	svhn: 79.34,	syn: 32.94
Mean Accuracy: 71.602
Standard Deviation: 26.038


41
[7, 2, 17, 16, 11, 1, 3, 10, 19, 14, 8, 0, 4, 6, 5, 9, 18, 13, 12, 15]
7:0.097		2:0.013		17:0.080		16:0.080		11:0.097		1:0.080		3:0.010		10:0.010		19:0.097		14:0.013		8:0.080		0:0.013		4:0.097		6:0.010		5:0.013		9:0.080		18:0.013		13:0.010		12:0.010		15:0.097
The 41 Communcation Round: Method: fedavg
mnist: 88.45,	usps: 87.99,	svhn: 79.19,	syn: 32.69
Mean Accuracy: 72.080
Standard Deviation: 26.603


42
[2, 16, 9, 8, 17, 15, 19, 11, 1, 13, 18, 14, 4, 5, 3, 6, 7, 0, 12, 10]
2:0.013		16:0.080		9:0.080		8:0.080		17:0.080		15:0.097		19:0.097		11:0.097		1:0.080		13:0.010		18:0.013		14:0.013		4:0.097		5:0.013		3:0.010		6:0.010		7:0.097		0:0.013		12:0.010		10:0.010
The 42 Communcation Round: Method: fedavg
mnist: 86.14,	usps: 87.29,	svhn: 79.26,	syn: 33.08
Mean Accuracy: 71.442
Standard Deviation: 25.820


43
[16, 2, 7, 11, 6, 18, 1, 14, 13, 8, 5, 12, 4, 9, 19, 0, 17, 3, 10, 15]
16:0.080		2:0.013		7:0.097		11:0.097		6:0.010		18:0.013		1:0.080		14:0.013		13:0.010		8:0.080		5:0.013		12:0.010		4:0.097		9:0.080		19:0.097		0:0.013		17:0.080		3:0.010		10:0.010		15:0.097
The 43 Communcation Round: Method: fedavg
mnist: 89.09,	usps: 87.64,	svhn: 79.4,	syn: 33.18
Mean Accuracy: 72.328
Standard Deviation: 26.445


44
[5, 16, 8, 13, 3, 17, 10, 9, 2, 18, 11, 12, 7, 19, 0, 4, 1, 14, 6, 15]
5:0.013		16:0.080		8:0.080		13:0.010		3:0.010		17:0.080		10:0.010		9:0.080		2:0.013		18:0.013		11:0.097		12:0.010		7:0.097		19:0.097		0:0.013		4:0.097		1:0.080		14:0.013		6:0.010		15:0.097
The 44 Communcation Round: Method: fedavg
mnist: 87.11,	usps: 87.69,	svhn: 79.71,	syn: 33.18
Mean Accuracy: 71.922
Standard Deviation: 26.083


45
[17, 10, 6, 1, 8, 12, 15, 16, 9, 19, 4, 5, 0, 11, 13, 18, 3, 2, 7, 14]
17:0.080		10:0.010		6:0.010		1:0.080		8:0.080		12:0.010		15:0.097		16:0.080		9:0.080		19:0.097		4:0.097		5:0.013		0:0.013		11:0.097		13:0.010		18:0.013		3:0.010		2:0.013		7:0.097		14:0.013
The 45 Communcation Round: Method: fedavg
mnist: 87.44,	usps: 88.29,	svhn: 79.64,	syn: 33.33
Mean Accuracy: 72.175
Standard Deviation: 26.188


46
[7, 0, 13, 18, 2, 17, 9, 12, 11, 10, 19, 3, 15, 14, 8, 6, 16, 5, 1, 4]
7:0.097		0:0.013		13:0.010		18:0.013		2:0.013		17:0.080		9:0.080		12:0.010		11:0.097		10:0.010		19:0.097		3:0.010		15:0.097		14:0.013		8:0.080		6:0.010		16:0.080		5:0.013		1:0.080		4:0.097
The 46 Communcation Round: Method: fedavg
mnist: 85.55,	usps: 87.44,	svhn: 79.6,	syn: 33.63
Mean Accuracy: 71.555
Standard Deviation: 25.503


47
[4, 13, 19, 12, 2, 6, 11, 9, 16, 7, 3, 0, 18, 5, 15, 14, 1, 10, 8, 17]
4:0.097		13:0.010		19:0.097		12:0.010		2:0.013		6:0.010		11:0.097		9:0.080		16:0.080		7:0.097		3:0.010		0:0.013		18:0.013		5:0.013		15:0.097		14:0.013		1:0.080		10:0.010		8:0.080		17:0.080
The 47 Communcation Round: Method: fedavg
mnist: 87.67,	usps: 87.69,	svhn: 79.26,	syn: 33.68
Mean Accuracy: 72.075
Standard Deviation: 25.903


48
[14, 17, 10, 4, 13, 19, 2, 8, 7, 1, 12, 3, 6, 18, 11, 0, 16, 9, 5, 15]
14:0.013		17:0.080		10:0.010		4:0.097		13:0.010		19:0.097		2:0.013		8:0.080		7:0.097		1:0.080		12:0.010		3:0.010		6:0.010		18:0.013		11:0.097		0:0.013		16:0.080		9:0.080		5:0.013		15:0.097
The 48 Communcation Round: Method: fedavg
mnist: 89.41,	usps: 88.74,	svhn: 80.04,	syn: 34.58
Mean Accuracy: 73.192
Standard Deviation: 26.093


49
[17, 19, 18, 7, 12, 0, 3, 14, 9, 11, 13, 16, 1, 4, 15, 6, 5, 10, 8, 2]
17:0.080		19:0.097		18:0.013		7:0.097		12:0.010		0:0.013		3:0.010		14:0.013		9:0.080		11:0.097		13:0.010		16:0.080		1:0.080		4:0.097		15:0.097		6:0.010		5:0.013		10:0.010		8:0.080		2:0.013
The 49 Communcation Round: Method: fedavg
mnist: 89.68,	usps: 87.69,	svhn: 80.12,	syn: 34.68
Mean Accuracy: 73.043
Standard Deviation: 25.904


50
[0, 19, 14, 10, 7, 8, 12, 5, 16, 6, 1, 18, 11, 13, 15, 3, 2, 17, 4, 9]
0:0.013		19:0.097		14:0.013		10:0.010		7:0.097		8:0.080		12:0.010		5:0.013		16:0.080		6:0.010		1:0.080		18:0.013		11:0.097		13:0.010		15:0.097		3:0.010		2:0.013		17:0.080		4:0.097		9:0.080
The 50 Communcation Round: Method: fedavg
mnist: 87.72,	usps: 87.49,	svhn: 79.94,	syn: 34.73
Mean Accuracy: 72.470
Standard Deviation: 25.418


51
[18, 12, 14, 6, 17, 8, 5, 7, 10, 9, 13, 0, 3, 1, 16, 11, 2, 15, 19, 4]
18:0.013		12:0.010		14:0.013		6:0.010		17:0.080		8:0.080		5:0.013		7:0.097		10:0.010		9:0.080		13:0.010		0:0.013		3:0.010		1:0.080		16:0.080		11:0.097		2:0.013		15:0.097		19:0.097		4:0.097
The 51 Communcation Round: Method: fedavg
mnist: 89.64,	usps: 88.09,	svhn: 79.76,	syn: 34.18
Mean Accuracy: 72.918
Standard Deviation: 26.187


52
[0, 19, 11, 15, 8, 1, 17, 12, 10, 6, 13, 4, 18, 7, 9, 5, 2, 14, 3, 16]
0:0.013		19:0.097		11:0.097		15:0.097		8:0.080		1:0.080		17:0.080		12:0.010		10:0.010		6:0.010		13:0.010		4:0.097		18:0.013		7:0.097		9:0.080		5:0.013		2:0.013		14:0.013		3:0.010		16:0.080
The 52 Communcation Round: Method: fedavg
mnist: 88.63,	usps: 88.64,	svhn: 79.51,	syn: 34.43
Mean Accuracy: 72.802
Standard Deviation: 25.941


53
[10, 8, 12, 18, 1, 16, 15, 17, 0, 7, 5, 19, 9, 2, 14, 11, 6, 4, 13, 3]
10:0.010		8:0.080		12:0.010		18:0.013		1:0.080		16:0.080		15:0.097		17:0.080		0:0.013		7:0.097		5:0.013		19:0.097		9:0.080		2:0.013		14:0.013		11:0.097		6:0.010		4:0.097		13:0.010		3:0.010
The 53 Communcation Round: Method: fedavg
mnist: 89.21,	usps: 89.54,	svhn: 79.92,	syn: 35.32
Mean Accuracy: 73.498
Standard Deviation: 25.839


54
[10, 6, 16, 19, 15, 18, 2, 4, 14, 17, 13, 7, 1, 3, 5, 12, 11, 8, 9, 0]
10:0.010		6:0.010		16:0.080		19:0.097		15:0.097		18:0.013		2:0.013		4:0.097		14:0.013		17:0.080		13:0.010		7:0.097		1:0.080		3:0.010		5:0.013		12:0.010		11:0.097		8:0.080		9:0.080		0:0.013
The 54 Communcation Round: Method: fedavg
mnist: 85.71,	usps: 86.7,	svhn: 80.22,	syn: 34.58
Mean Accuracy: 71.802
Standard Deviation: 24.978


55
[4, 10, 7, 9, 3, 17, 5, 12, 8, 6, 19, 18, 15, 16, 0, 14, 1, 2, 13, 11]
4:0.097		10:0.010		7:0.097		9:0.080		3:0.010		17:0.080		5:0.013		12:0.010		8:0.080		6:0.010		19:0.097		18:0.013		15:0.097		16:0.080		0:0.013		14:0.013		1:0.080		2:0.013		13:0.010		11:0.097
The 55 Communcation Round: Method: fedavg
mnist: 88.78,	usps: 88.19,	svhn: 79.7,	syn: 34.98
Mean Accuracy: 72.913
Standard Deviation: 25.626


56
[2, 7, 1, 11, 8, 14, 17, 6, 18, 13, 19, 10, 12, 9, 16, 3, 15, 5, 0, 4]
2:0.013		7:0.097		1:0.080		11:0.097		8:0.080		14:0.013		17:0.080		6:0.010		18:0.013		13:0.010		19:0.097		10:0.010		12:0.010		9:0.080		16:0.080		3:0.010		15:0.097		5:0.013		0:0.013		4:0.097
The 56 Communcation Round: Method: fedavg
mnist: 89.36,	usps: 88.99,	svhn: 80.01,	syn: 34.73
Mean Accuracy: 73.273
Standard Deviation: 26.056


57
[19, 13, 1, 3, 5, 4, 14, 6, 2, 16, 10, 9, 8, 18, 7, 12, 17, 15, 11, 0]
19:0.097		13:0.010		1:0.080		3:0.010		5:0.013		4:0.097		14:0.013		6:0.010		2:0.013		16:0.080		10:0.010		9:0.080		8:0.080		18:0.013		7:0.097		12:0.010		17:0.080		15:0.097		11:0.097		0:0.013
The 57 Communcation Round: Method: fedavg
mnist: 89.91,	usps: 88.44,	svhn: 80.42,	syn: 36.07
Mean Accuracy: 73.710
Standard Deviation: 25.438


58
[3, 5, 19, 6, 18, 8, 0, 9, 7, 10, 17, 1, 4, 2, 16, 14, 13, 11, 15, 12]
3:0.010		5:0.013		19:0.097		6:0.010		18:0.013		8:0.080		0:0.013		9:0.080		7:0.097		10:0.010		17:0.080		1:0.080		4:0.097		2:0.013		16:0.080		14:0.013		13:0.010		11:0.097		15:0.097		12:0.010
The 58 Communcation Round: Method: fedavg
mnist: 88.99,	usps: 90.38,	svhn: 80.01,	syn: 35.87
Mean Accuracy: 73.812
Standard Deviation: 25.709


59
[4, 1, 9, 3, 7, 19, 11, 15, 5, 13, 14, 8, 2, 10, 16, 12, 18, 0, 6, 17]
4:0.097		1:0.080		9:0.080		3:0.010		7:0.097		19:0.097		11:0.097		15:0.097		5:0.013		13:0.010		14:0.013		8:0.080		2:0.013		10:0.010		16:0.080		12:0.010		18:0.013		0:0.013		6:0.010		17:0.080
The 59 Communcation Round: Method: fedavg
mnist: 85.99,	usps: 88.14,	svhn: 80.67,	syn: 35.97
Mean Accuracy: 72.692
Standard Deviation: 24.682


60
[19, 8, 12, 17, 0, 14, 15, 13, 11, 2, 6, 18, 5, 3, 1, 4, 10, 16, 7, 9]
19:0.097		8:0.080		12:0.010		17:0.080		0:0.013		14:0.013		15:0.097		13:0.010		11:0.097		2:0.013		6:0.010		18:0.013		5:0.013		3:0.010		1:0.080		4:0.097		10:0.010		16:0.080		7:0.097		9:0.080
The 60 Communcation Round: Method: fedavg
mnist: 88.7,	usps: 89.24,	svhn: 80.46,	syn: 35.47
Mean Accuracy: 73.468
Standard Deviation: 25.648


61
[11, 18, 12, 6, 17, 8, 5, 4, 2, 0, 13, 14, 9, 7, 3, 1, 10, 16, 15, 19]
11:0.097		18:0.013		12:0.010		6:0.010		17:0.080		8:0.080		5:0.013		4:0.097		2:0.013		0:0.013		13:0.010		14:0.013		9:0.080		7:0.097		3:0.010		1:0.080		10:0.010		16:0.080		15:0.097		19:0.097
The 61 Communcation Round: Method: fedavg
mnist: 89.09,	usps: 89.19,	svhn: 80.52,	syn: 35.72
Mean Accuracy: 73.630
Standard Deviation: 25.598


62
[16, 6, 13, 19, 3, 15, 11, 4, 9, 7, 17, 0, 12, 1, 18, 10, 2, 8, 14, 5]
16:0.080		6:0.010		13:0.010		19:0.097		3:0.010		15:0.097		11:0.097		4:0.097		9:0.080		7:0.097		17:0.080		0:0.013		12:0.010		1:0.080		18:0.013		10:0.010		2:0.013		8:0.080		14:0.013		5:0.013
The 62 Communcation Round: Method: fedavg
mnist: 88.52,	usps: 86.5,	svhn: 79.82,	syn: 35.02
Mean Accuracy: 72.465
Standard Deviation: 25.239


63
[3, 8, 12, 10, 6, 1, 11, 19, 16, 14, 9, 4, 2, 7, 17, 15, 5, 18, 13, 0]
3:0.010		8:0.080		12:0.010		10:0.010		6:0.010		1:0.080		11:0.097		19:0.097		16:0.080		14:0.013		9:0.080		4:0.097		2:0.013		7:0.097		17:0.080		15:0.097		5:0.013		18:0.013		13:0.010		0:0.013
The 63 Communcation Round: Method: fedavg
mnist: 89.51,	usps: 89.54,	svhn: 80.19,	syn: 36.27
Mean Accuracy: 73.877
Standard Deviation: 25.455


64
[13, 5, 10, 12, 8, 7, 18, 4, 6, 11, 17, 15, 2, 19, 9, 1, 0, 16, 3, 14]
13:0.010		5:0.013		10:0.010		12:0.010		8:0.080		7:0.097		18:0.013		4:0.097		6:0.010		11:0.097		17:0.080		15:0.097		2:0.013		19:0.097		9:0.080		1:0.080		0:0.013		16:0.080		3:0.010		14:0.013
The 64 Communcation Round: Method: fedavg
mnist: 89.62,	usps: 90.13,	svhn: 80.12,	syn: 37.06
Mean Accuracy: 74.233
Standard Deviation: 25.206


65
[2, 7, 4, 0, 19, 11, 5, 10, 9, 15, 1, 8, 17, 16, 13, 14, 3, 12, 6, 18]
2:0.013		7:0.097		4:0.097		0:0.013		19:0.097		11:0.097		5:0.013		10:0.010		9:0.080		15:0.097		1:0.080		8:0.080		17:0.080		16:0.080		13:0.010		14:0.013		3:0.010		12:0.010		6:0.010		18:0.013
The 65 Communcation Round: Method: fedavg
mnist: 89.29,	usps: 89.59,	svhn: 80.19,	syn: 36.42
Mean Accuracy: 73.873
Standard Deviation: 25.347


66
[8, 5, 15, 6, 12, 19, 9, 14, 3, 17, 13, 1, 11, 2, 4, 0, 16, 18, 10, 7]
8:0.080		5:0.013		15:0.097		6:0.010		12:0.010		19:0.097		9:0.080		14:0.013		3:0.010		17:0.080		13:0.010		1:0.080		11:0.097		2:0.013		4:0.097		0:0.013		16:0.080		18:0.013		10:0.010		7:0.097
The 66 Communcation Round: Method: fedavg
mnist: 90.26,	usps: 89.09,	svhn: 79.97,	syn: 35.77
Mean Accuracy: 73.773
Standard Deviation: 25.749


67
[7, 14, 9, 6, 11, 8, 5, 17, 13, 3, 18, 2, 15, 12, 19, 16, 10, 4, 1, 0]
7:0.097		14:0.013		9:0.080		6:0.010		11:0.097		8:0.080		5:0.013		17:0.080		13:0.010		3:0.010		18:0.013		2:0.013		15:0.097		12:0.010		19:0.097		16:0.080		10:0.010		4:0.097		1:0.080		0:0.013
The 67 Communcation Round: Method: fedavg
mnist: 88.28,	usps: 87.54,	svhn: 80.37,	syn: 36.42
Mean Accuracy: 73.153
Standard Deviation: 24.747


68
[12, 13, 6, 5, 9, 19, 1, 11, 4, 17, 15, 14, 7, 0, 16, 8, 3, 2, 18, 10]
12:0.010		13:0.010		6:0.010		5:0.013		9:0.080		19:0.097		1:0.080		11:0.097		4:0.097		17:0.080		15:0.097		14:0.013		7:0.097		0:0.013		16:0.080		8:0.080		3:0.010		2:0.013		18:0.013		10:0.010
The 68 Communcation Round: Method: fedavg
mnist: 92.05,	usps: 90.43,	svhn: 80.34,	syn: 36.47
Mean Accuracy: 74.823
Standard Deviation: 26.088


69
[1, 6, 9, 11, 17, 2, 16, 0, 13, 18, 10, 12, 19, 7, 14, 3, 5, 4, 15, 8]
1:0.080		6:0.010		9:0.080		11:0.097		17:0.080		2:0.013		16:0.080		0:0.013		13:0.010		18:0.013		10:0.010		12:0.010		19:0.097		7:0.097		14:0.013		3:0.010		5:0.013		4:0.097		15:0.097		8:0.080
The 69 Communcation Round: Method: fedavg
mnist: 88.32,	usps: 89.74,	svhn: 80.49,	syn: 37.21
Mean Accuracy: 73.940
Standard Deviation: 24.822


70
[6, 9, 1, 5, 2, 3, 11, 19, 13, 12, 14, 18, 17, 16, 0, 10, 4, 15, 8, 7]
6:0.010		9:0.080		1:0.080		5:0.013		2:0.013		3:0.010		11:0.097		19:0.097		13:0.010		12:0.010		14:0.013		18:0.013		17:0.080		16:0.080		0:0.013		10:0.010		4:0.097		15:0.097		8:0.080		7:0.097
The 70 Communcation Round: Method: fedavg
mnist: 90.04,	usps: 90.48,	svhn: 80.59,	syn: 37.31
Mean Accuracy: 74.605
Standard Deviation: 25.278


71
[6, 3, 14, 15, 11, 8, 0, 19, 10, 12, 4, 2, 18, 1, 7, 9, 5, 16, 13, 17]
6:0.010		3:0.010		14:0.013		15:0.097		11:0.097		8:0.080		0:0.013		19:0.097		10:0.010		12:0.010		4:0.097		2:0.013		18:0.013		1:0.080		7:0.097		9:0.080		5:0.013		16:0.080		13:0.010		17:0.080
The 71 Communcation Round: Method: fedavg
mnist: 90.6,	usps: 89.69,	svhn: 79.93,	syn: 37.06
Mean Accuracy: 74.320
Standard Deviation: 25.305


72
[10, 6, 12, 8, 17, 11, 0, 15, 2, 4, 9, 14, 13, 19, 7, 18, 1, 5, 3, 16]
10:0.010		6:0.010		12:0.010		8:0.080		17:0.080		11:0.097		0:0.013		15:0.097		2:0.013		4:0.097		9:0.080		14:0.013		13:0.010		19:0.097		7:0.097		18:0.013		1:0.080		5:0.013		3:0.010		16:0.080
The 72 Communcation Round: Method: fedavg
mnist: 90.49,	usps: 90.98,	svhn: 80.54,	syn: 37.36
Mean Accuracy: 74.843
Standard Deviation: 25.447


73
[17, 7, 1, 14, 9, 6, 5, 13, 2, 12, 18, 4, 0, 15, 8, 3, 11, 10, 19, 16]
17:0.080		7:0.097		1:0.080		14:0.013		9:0.080		6:0.010		5:0.013		13:0.010		2:0.013		12:0.010		18:0.013		4:0.097		0:0.013		15:0.097		8:0.080		3:0.010		11:0.097		10:0.010		19:0.097		16:0.080
The 73 Communcation Round: Method: fedavg
mnist: 91.3,	usps: 89.84,	svhn: 79.99,	syn: 36.97
Mean Accuracy: 74.525
Standard Deviation: 25.536


74
[9, 17, 15, 10, 6, 4, 3, 19, 8, 13, 16, 18, 5, 14, 2, 0, 1, 11, 12, 7]
9:0.080		17:0.080		15:0.097		10:0.010		6:0.010		4:0.097		3:0.010		19:0.097		8:0.080		13:0.010		16:0.080		18:0.013		5:0.013		14:0.013		2:0.013		0:0.013		1:0.080		11:0.097		12:0.010		7:0.097
The 74 Communcation Round: Method: fedavg
mnist: 89.44,	usps: 90.33,	svhn: 80.19,	syn: 37.66
Mean Accuracy: 74.405
Standard Deviation: 24.922


75
[2, 11, 17, 8, 4, 12, 3, 15, 7, 18, 9, 19, 1, 6, 14, 0, 13, 10, 5, 16]
2:0.013		11:0.097		17:0.080		8:0.080		4:0.097		12:0.010		3:0.010		15:0.097		7:0.097		18:0.013		9:0.080		19:0.097		1:0.080		6:0.010		14:0.013		0:0.013		13:0.010		10:0.010		5:0.013		16:0.080
The 75 Communcation Round: Method: fedavg
mnist: 89.17,	usps: 89.49,	svhn: 79.58,	syn: 36.42
Mean Accuracy: 73.665
Standard Deviation: 25.252


76
[0, 1, 12, 8, 11, 3, 9, 15, 18, 16, 2, 7, 19, 14, 4, 5, 10, 6, 17, 13]
0:0.013		1:0.080		12:0.010		8:0.080		11:0.097		3:0.010		9:0.080		15:0.097		18:0.013		16:0.080		2:0.013		7:0.097		19:0.097		14:0.013		4:0.097		5:0.013		10:0.010		6:0.010		17:0.080		13:0.010
The 76 Communcation Round: Method: fedavg
mnist: 90.14,	usps: 91.18,	svhn: 80.6,	syn: 37.71
Mean Accuracy: 74.907
Standard Deviation: 25.251


77
[10, 6, 13, 17, 11, 12, 15, 18, 3, 2, 14, 0, 4, 9, 19, 5, 7, 8, 1, 16]
10:0.010		6:0.010		13:0.010		17:0.080		11:0.097		12:0.010		15:0.097		18:0.013		3:0.010		2:0.013		14:0.013		0:0.013		4:0.097		9:0.080		19:0.097		5:0.013		7:0.097		8:0.080		1:0.080		16:0.080
The 77 Communcation Round: Method: fedavg
mnist: 89.84,	usps: 90.18,	svhn: 80.4,	syn: 38.01
Mean Accuracy: 74.608
Standard Deviation: 24.816


78
[2, 14, 13, 11, 7, 19, 6, 10, 3, 16, 12, 18, 9, 8, 15, 1, 0, 4, 17, 5]
2:0.013		14:0.013		13:0.010		11:0.097		7:0.097		19:0.097		6:0.010		10:0.010		3:0.010		16:0.080		12:0.010		18:0.013		9:0.080		8:0.080		15:0.097		1:0.080		0:0.013		4:0.097		17:0.080		5:0.013
The 78 Communcation Round: Method: fedavg
mnist: 89.1,	usps: 90.03,	svhn: 79.87,	syn: 37.26
Mean Accuracy: 74.065
Standard Deviation: 24.962


79
[4, 11, 10, 7, 13, 6, 9, 16, 0, 17, 3, 19, 2, 15, 5, 8, 12, 14, 18, 1]
4:0.097		11:0.097		10:0.010		7:0.097		13:0.010		6:0.010		9:0.080		16:0.080		0:0.013		17:0.080		3:0.010		19:0.097		2:0.013		15:0.097		5:0.013		8:0.080		12:0.010		14:0.013		18:0.013		1:0.080
The 79 Communcation Round: Method: fedavg
mnist: 88.86,	usps: 90.23,	svhn: 79.78,	syn: 38.31
Mean Accuracy: 74.295
Standard Deviation: 24.434


80
[11, 12, 5, 1, 19, 16, 8, 7, 10, 6, 18, 0, 9, 2, 14, 3, 15, 13, 4, 17]
11:0.097		12:0.010		5:0.013		1:0.080		19:0.097		16:0.080		8:0.080		7:0.097		10:0.010		6:0.010		18:0.013		0:0.013		9:0.080		2:0.013		14:0.013		3:0.010		15:0.097		13:0.010		4:0.097		17:0.080
The 80 Communcation Round: Method: fedavg
mnist: 89.61,	usps: 91.43,	svhn: 80.06,	syn: 39.4
Mean Accuracy: 75.125
Standard Deviation: 24.333


81
[10, 4, 6, 9, 13, 17, 3, 5, 16, 8, 19, 0, 14, 2, 7, 11, 15, 12, 18, 1]
10:0.010		4:0.097		6:0.010		9:0.080		13:0.010		17:0.080		3:0.010		5:0.013		16:0.080		8:0.080		19:0.097		0:0.013		14:0.013		2:0.013		7:0.097		11:0.097		15:0.097		12:0.010		18:0.013		1:0.080
The 81 Communcation Round: Method: fedavg
mnist: 89.63,	usps: 90.68,	svhn: 81.12,	syn: 38.66
Mean Accuracy: 75.023
Standard Deviation: 24.617


82
[5, 0, 7, 15, 2, 13, 3, 18, 9, 12, 19, 6, 11, 10, 1, 17, 8, 14, 16, 4]
5:0.013		0:0.013		7:0.097		15:0.097		2:0.013		13:0.010		3:0.010		18:0.013		9:0.080		12:0.010		19:0.097		6:0.010		11:0.097		10:0.010		1:0.080		17:0.080		8:0.080		14:0.013		16:0.080		4:0.097
The 82 Communcation Round: Method: fedavg
mnist: 91.26,	usps: 90.33,	svhn: 80.5,	syn: 37.76
Mean Accuracy: 74.963
Standard Deviation: 25.275


83
[2, 15, 16, 4, 1, 17, 19, 10, 8, 7, 3, 5, 12, 13, 9, 11, 18, 6, 14, 0]
2:0.013		15:0.097		16:0.080		4:0.097		1:0.080		17:0.080		19:0.097		10:0.010		8:0.080		7:0.097		3:0.010		5:0.013		12:0.010		13:0.010		9:0.080		11:0.097		18:0.013		6:0.010		14:0.013		0:0.013
The 83 Communcation Round: Method: fedavg
mnist: 90.27,	usps: 90.38,	svhn: 80.59,	syn: 38.56
Mean Accuracy: 74.950
Standard Deviation: 24.690


84
[3, 11, 13, 5, 9, 4, 8, 15, 18, 12, 14, 16, 1, 2, 6, 7, 0, 17, 19, 10]
3:0.010		11:0.097		13:0.010		5:0.013		9:0.080		4:0.097		8:0.080		15:0.097		18:0.013		12:0.010		14:0.013		16:0.080		1:0.080		2:0.013		6:0.010		7:0.097		0:0.013		17:0.080		19:0.097		10:0.010
The 84 Communcation Round: Method: fedavg
mnist: 93.21,	usps: 90.93,	svhn: 80.13,	syn: 39.45
Mean Accuracy: 75.930
Standard Deviation: 24.980


85
[0, 11, 14, 13, 9, 8, 15, 12, 1, 17, 2, 10, 16, 7, 4, 5, 3, 19, 6, 18]
0:0.013		11:0.097		14:0.013		13:0.010		9:0.080		8:0.080		15:0.097		12:0.010		1:0.080		17:0.080		2:0.013		10:0.010		16:0.080		7:0.097		4:0.097		5:0.013		3:0.010		19:0.097		6:0.010		18:0.013
The 85 Communcation Round: Method: fedavg
mnist: 90.88,	usps: 90.38,	svhn: 80.48,	syn: 38.96
Mean Accuracy: 75.175
Standard Deviation: 24.614


86
[8, 1, 12, 2, 7, 18, 6, 11, 16, 10, 19, 9, 14, 13, 17, 5, 15, 4, 3, 0]
8:0.080		1:0.080		12:0.010		2:0.013		7:0.097		18:0.013		6:0.010		11:0.097		16:0.080		10:0.010		19:0.097		9:0.080		14:0.013		13:0.010		17:0.080		5:0.013		15:0.097		4:0.097		3:0.010		0:0.013
The 86 Communcation Round: Method: fedavg
mnist: 90.49,	usps: 89.64,	svhn: 81.39,	syn: 39.35
Mean Accuracy: 75.218
Standard Deviation: 24.261


87
[8, 3, 15, 9, 19, 4, 0, 13, 5, 14, 18, 17, 7, 1, 16, 2, 11, 12, 6, 10]
8:0.080		3:0.010		15:0.097		9:0.080		19:0.097		4:0.097		0:0.013		13:0.010		5:0.013		14:0.013		18:0.013		17:0.080		7:0.097		1:0.080		16:0.080		2:0.013		11:0.097		12:0.010		6:0.010		10:0.010
The 87 Communcation Round: Method: fedavg
mnist: 90.15,	usps: 90.18,	svhn: 80.92,	syn: 38.76
Mean Accuracy: 75.002
Standard Deviation: 24.552


88
[0, 18, 17, 12, 14, 1, 19, 10, 3, 6, 11, 9, 16, 5, 8, 13, 7, 2, 4, 15]
0:0.013		18:0.013		17:0.080		12:0.010		14:0.013		1:0.080		19:0.097		10:0.010		3:0.010		6:0.010		11:0.097		9:0.080		16:0.080		5:0.013		8:0.080		13:0.010		7:0.097		2:0.013		4:0.097		15:0.097
The 88 Communcation Round: Method: fedavg
mnist: 89.13,	usps: 90.78,	svhn: 80.55,	syn: 39.15
Mean Accuracy: 74.902
Standard Deviation: 24.253


89
[6, 4, 0, 11, 16, 14, 15, 9, 5, 13, 19, 12, 10, 7, 17, 2, 3, 1, 8, 18]
6:0.010		4:0.097		0:0.013		11:0.097		16:0.080		14:0.013		15:0.097		9:0.080		5:0.013		13:0.010		19:0.097		12:0.010		10:0.010		7:0.097		17:0.080		2:0.013		3:0.010		1:0.080		8:0.080		18:0.013
The 89 Communcation Round: Method: fedavg
mnist: 87.81,	usps: 90.08,	svhn: 80.81,	syn: 38.71
Mean Accuracy: 74.352
Standard Deviation: 24.087


90
[3, 9, 6, 2, 4, 13, 14, 12, 15, 0, 19, 16, 11, 7, 10, 1, 8, 5, 18, 17]
3:0.010		9:0.080		6:0.010		2:0.013		4:0.097		13:0.010		14:0.013		12:0.010		15:0.097		0:0.013		19:0.097		16:0.080		11:0.097		7:0.097		10:0.010		1:0.080		8:0.080		5:0.013		18:0.013		17:0.080
The 90 Communcation Round: Method: fedavg
mnist: 90.43,	usps: 90.93,	svhn: 80.77,	syn: 38.86
Mean Accuracy: 75.248
Standard Deviation: 24.705


91
[0, 9, 2, 11, 13, 6, 5, 14, 1, 15, 16, 19, 17, 4, 7, 10, 3, 12, 18, 8]
0:0.013		9:0.080		2:0.013		11:0.097		13:0.010		6:0.010		5:0.013		14:0.013		1:0.080		15:0.097		16:0.080		19:0.097		17:0.080		4:0.097		7:0.097		10:0.010		3:0.010		12:0.010		18:0.013		8:0.080
The 91 Communcation Round: Method: fedavg
mnist: 89.88,	usps: 90.58,	svhn: 80.4,	syn: 39.0
Mean Accuracy: 74.965
Standard Deviation: 24.422


92
[3, 19, 6, 4, 17, 12, 18, 0, 8, 5, 9, 16, 15, 11, 1, 2, 13, 10, 7, 14]
3:0.010		19:0.097		6:0.010		4:0.097		17:0.080		12:0.010		18:0.013		0:0.013		8:0.080		5:0.013		9:0.080		16:0.080		15:0.097		11:0.097		1:0.080		2:0.013		13:0.010		10:0.010		7:0.097		14:0.013
The 92 Communcation Round: Method: fedavg
mnist: 90.42,	usps: 91.33,	svhn: 80.44,	syn: 40.1
Mean Accuracy: 75.573
Standard Deviation: 24.157


93
[19, 18, 5, 3, 9, 6, 16, 13, 7, 15, 2, 11, 14, 0, 10, 1, 12, 17, 4, 8]
19:0.097		18:0.013		5:0.013		3:0.010		9:0.080		6:0.010		16:0.080		13:0.010		7:0.097		15:0.097		2:0.013		11:0.097		14:0.013		0:0.013		10:0.010		1:0.080		12:0.010		17:0.080		4:0.097		8:0.080
The 93 Communcation Round: Method: fedavg
mnist: 91.82,	usps: 92.53,	svhn: 80.16,	syn: 40.65
Mean Accuracy: 76.290
Standard Deviation: 24.427


94
[10, 5, 8, 2, 14, 15, 11, 19, 7, 17, 1, 12, 18, 4, 6, 13, 0, 16, 3, 9]
10:0.010		5:0.013		8:0.080		2:0.013		14:0.013		15:0.097		11:0.097		19:0.097		7:0.097		17:0.080		1:0.080		12:0.010		18:0.013		4:0.097		6:0.010		13:0.010		0:0.013		16:0.080		3:0.010		9:0.080
The 94 Communcation Round: Method: fedavg
mnist: 89.99,	usps: 90.73,	svhn: 80.15,	syn: 39.9
Mean Accuracy: 75.192
Standard Deviation: 24.017


95
[0, 16, 15, 17, 18, 14, 2, 8, 3, 9, 13, 10, 12, 19, 7, 5, 11, 4, 1, 6]
0:0.013		16:0.080		15:0.097		17:0.080		18:0.013		14:0.013		2:0.013		8:0.080		3:0.010		9:0.080		13:0.010		10:0.010		12:0.010		19:0.097		7:0.097		5:0.013		11:0.097		4:0.097		1:0.080		6:0.010
The 95 Communcation Round: Method: fedavg
mnist: 89.36,	usps: 90.63,	svhn: 80.26,	syn: 40.25
Mean Accuracy: 75.125
Standard Deviation: 23.704


96
[16, 17, 8, 18, 3, 19, 5, 2, 4, 10, 6, 1, 14, 7, 0, 9, 11, 12, 15, 13]
16:0.080		17:0.080		8:0.080		18:0.013		3:0.010		19:0.097		5:0.013		2:0.013		4:0.097		10:0.010		6:0.010		1:0.080		14:0.013		7:0.097		0:0.013		9:0.080		11:0.097		12:0.010		15:0.097		13:0.010
The 96 Communcation Round: Method: fedavg
mnist: 89.41,	usps: 89.99,	svhn: 80.12,	syn: 39.2
Mean Accuracy: 74.680
Standard Deviation: 24.082


97
[18, 8, 7, 16, 5, 0, 1, 9, 3, 19, 14, 10, 13, 2, 4, 6, 15, 11, 12, 17]
18:0.013		8:0.080		7:0.097		16:0.080		5:0.013		0:0.013		1:0.080		9:0.080		3:0.010		19:0.097		14:0.013		10:0.010		13:0.010		2:0.013		4:0.097		6:0.010		15:0.097		11:0.097		12:0.010		17:0.080
The 97 Communcation Round: Method: fedavg
mnist: 90.35,	usps: 90.43,	svhn: 80.55,	syn: 40.5
Mean Accuracy: 75.457
Standard Deviation: 23.762


98
[15, 11, 17, 13, 3, 1, 6, 7, 5, 18, 10, 0, 16, 12, 4, 8, 14, 19, 2, 9]
15:0.097		11:0.097		17:0.080		13:0.010		3:0.010		1:0.080		6:0.010		7:0.097		5:0.013		18:0.013		10:0.010		0:0.013		16:0.080		12:0.010		4:0.097		8:0.080		14:0.013		19:0.097		2:0.013		9:0.080
The 98 Communcation Round: Method: fedavg
mnist: 89.38,	usps: 90.28,	svhn: 80.55,	syn: 39.85
Mean Accuracy: 75.015
Standard Deviation: 23.851


99
[6, 2, 4, 13, 11, 12, 0, 8, 9, 16, 15, 14, 7, 1, 17, 5, 3, 10, 18, 19]
6:0.010		2:0.013		4:0.097		13:0.010		11:0.097		12:0.010		0:0.013		8:0.080		9:0.080		16:0.080		15:0.097		14:0.013		7:0.097		1:0.080		17:0.080		5:0.013		3:0.010		10:0.010		18:0.013		19:0.097
The 99 Communcation Round: Method: fedavg
mnist: 87.55,	usps: 91.13,	svhn: 80.89,	syn: 39.55
Mean Accuracy: 74.780
Standard Deviation: 23.867


100
[16, 14, 0, 15, 2, 5, 6, 1, 17, 19, 13, 4, 8, 7, 10, 18, 3, 11, 9, 12]
16:0.080		14:0.013		0:0.013		15:0.097		2:0.013		5:0.013		6:0.010		1:0.080		17:0.080		19:0.097		13:0.010		4:0.097		8:0.080		7:0.097		10:0.010		18:0.013		3:0.010		11:0.097		9:0.080		12:0.010
The 100 Communcation Round: Method: fedavg
mnist: 90.27,	usps: 91.18,	svhn: 80.32,	syn: 40.2
Mean Accuracy: 75.492
Standard Deviation: 24.037


101
[2, 11, 15, 14, 0, 12, 8, 4, 17, 7, 1, 5, 9, 19, 13, 10, 18, 16, 3, 6]
2:0.013		11:0.097		15:0.097		14:0.013		0:0.013		12:0.010		8:0.080		4:0.097		17:0.080		7:0.097		1:0.080		5:0.013		9:0.080		19:0.097		13:0.010		10:0.010		18:0.013		16:0.080		3:0.010		6:0.010
The 101 Communcation Round: Method: fedavg
mnist: 89.29,	usps: 91.18,	svhn: 80.17,	syn: 39.5
Mean Accuracy: 75.035
Standard Deviation: 24.173


102
[3, 13, 12, 16, 17, 19, 15, 14, 10, 7, 8, 4, 9, 5, 18, 1, 0, 2, 6, 11]
3:0.010		13:0.010		12:0.010		16:0.080		17:0.080		19:0.097		15:0.097		14:0.013		10:0.010		7:0.097		8:0.080		4:0.097		9:0.080		5:0.013		18:0.013		1:0.080		0:0.013		2:0.013		6:0.010		11:0.097
The 102 Communcation Round: Method: fedavg
mnist: 90.18,	usps: 91.73,	svhn: 80.64,	syn: 39.8
Mean Accuracy: 75.588
Standard Deviation: 24.357


103
[4, 17, 0, 2, 8, 12, 1, 3, 13, 6, 9, 16, 5, 15, 14, 19, 7, 11, 10, 18]
4:0.097		17:0.080		0:0.013		2:0.013		8:0.080		12:0.010		1:0.080		3:0.010		13:0.010		6:0.010		9:0.080		16:0.080		5:0.013		15:0.097		14:0.013		19:0.097		7:0.097		11:0.097		10:0.010		18:0.013
The 103 Communcation Round: Method: fedavg
mnist: 89.29,	usps: 91.38,	svhn: 80.59,	syn: 40.5
Mean Accuracy: 75.440
Standard Deviation: 23.757


104
[6, 15, 3, 11, 14, 19, 8, 13, 0, 2, 10, 4, 18, 16, 7, 9, 12, 1, 5, 17]
6:0.010		15:0.097		3:0.010		11:0.097		14:0.013		19:0.097		8:0.080		13:0.010		0:0.013		2:0.013		10:0.010		4:0.097		18:0.013		16:0.080		7:0.097		9:0.080		12:0.010		1:0.080		5:0.013		17:0.080
The 104 Communcation Round: Method: fedavg
mnist: 88.95,	usps: 90.98,	svhn: 80.5,	syn: 40.7
Mean Accuracy: 75.282
Standard Deviation: 23.497


105
[15, 7, 0, 17, 16, 11, 9, 19, 18, 5, 2, 3, 14, 12, 8, 13, 10, 1, 6, 4]
15:0.097		7:0.097		0:0.013		17:0.080		16:0.080		11:0.097		9:0.080		19:0.097		18:0.013		5:0.013		2:0.013		3:0.010		14:0.013		12:0.010		8:0.080		13:0.010		10:0.010		1:0.080		6:0.010		4:0.097
The 105 Communcation Round: Method: fedavg
mnist: 89.78,	usps: 91.43,	svhn: 80.14,	syn: 40.05
Mean Accuracy: 75.350
Standard Deviation: 24.054


106
[0, 8, 19, 13, 4, 17, 9, 14, 10, 1, 18, 6, 2, 12, 15, 11, 16, 7, 5, 3]
0:0.013		8:0.080		19:0.097		13:0.010		4:0.097		17:0.080		9:0.080		14:0.013		10:0.010		1:0.080		18:0.013		6:0.010		2:0.013		12:0.010		15:0.097		11:0.097		16:0.080		7:0.097		5:0.013		3:0.010
The 106 Communcation Round: Method: fedavg
mnist: 89.37,	usps: 91.13,	svhn: 80.4,	syn: 39.5
Mean Accuracy: 75.100
Standard Deviation: 24.194


107
[9, 7, 6, 11, 16, 5, 8, 4, 14, 10, 2, 1, 19, 13, 3, 15, 17, 18, 12, 0]
9:0.080		7:0.097		6:0.010		11:0.097		16:0.080		5:0.013		8:0.080		4:0.097		14:0.013		10:0.010		2:0.013		1:0.080		19:0.097		13:0.010		3:0.010		15:0.097		17:0.080		18:0.013		12:0.010		0:0.013
The 107 Communcation Round: Method: fedavg
mnist: 88.9,	usps: 90.88,	svhn: 80.33,	syn: 40.3
Mean Accuracy: 75.103
Standard Deviation: 23.649


108
[10, 7, 4, 11, 0, 8, 14, 3, 16, 2, 17, 5, 12, 18, 13, 6, 9, 19, 1, 15]
10:0.010		7:0.097		4:0.097		11:0.097		0:0.013		8:0.080		14:0.013		3:0.010		16:0.080		2:0.013		17:0.080		5:0.013		12:0.010		18:0.013		13:0.010		6:0.010		9:0.080		19:0.097		1:0.080		15:0.097
The 108 Communcation Round: Method: fedavg
mnist: 89.33,	usps: 91.08,	svhn: 79.7,	syn: 39.4
Mean Accuracy: 74.877
Standard Deviation: 24.175


109
[0, 7, 18, 1, 3, 14, 10, 4, 9, 13, 11, 2, 5, 19, 15, 16, 8, 12, 6, 17]
0:0.013		7:0.097		18:0.013		1:0.080		3:0.010		14:0.013		10:0.010		4:0.097		9:0.080		13:0.010		11:0.097		2:0.013		5:0.013		19:0.097		15:0.097		16:0.080		8:0.080		12:0.010		6:0.010		17:0.080
The 109 Communcation Round: Method: fedavg
mnist: 89.76,	usps: 92.13,	svhn: 79.71,	syn: 40.4
Mean Accuracy: 75.500
Standard Deviation: 24.011


110
[13, 12, 1, 0, 15, 18, 5, 10, 7, 4, 6, 19, 14, 2, 9, 11, 16, 3, 8, 17]
13:0.010		12:0.010		1:0.080		0:0.013		15:0.097		18:0.013		5:0.013		10:0.010		7:0.097		4:0.097		6:0.010		19:0.097		14:0.013		2:0.013		9:0.080		11:0.097		16:0.080		3:0.010		8:0.080		17:0.080
The 110 Communcation Round: Method: fedavg
mnist: 88.2,	usps: 91.08,	svhn: 80.33,	syn: 40.3
Mean Accuracy: 74.978
Standard Deviation: 23.561


111
[19, 12, 6, 13, 2, 9, 18, 3, 8, 7, 16, 0, 17, 4, 10, 14, 5, 11, 1, 15]
19:0.097		12:0.010		6:0.010		13:0.010		2:0.013		9:0.080		18:0.013		3:0.010		8:0.080		7:0.097		16:0.080		0:0.013		17:0.080		4:0.097		10:0.010		14:0.013		5:0.013		11:0.097		1:0.080		15:0.097
The 111 Communcation Round: Method: fedavg
mnist: 90.79,	usps: 92.18,	svhn: 79.82,	syn: 40.25
Mean Accuracy: 75.760
Standard Deviation: 24.310


112
[0, 5, 10, 9, 17, 16, 7, 2, 19, 15, 12, 1, 13, 14, 4, 3, 11, 6, 8, 18]
0:0.013		5:0.013		10:0.010		9:0.080		17:0.080		16:0.080		7:0.097		2:0.013		19:0.097		15:0.097		12:0.010		1:0.080		13:0.010		14:0.013		4:0.097		3:0.010		11:0.097		6:0.010		8:0.080		18:0.013
The 112 Communcation Round: Method: fedavg
mnist: 89.89,	usps: 92.03,	svhn: 79.49,	syn: 39.9
Mean Accuracy: 75.328
Standard Deviation: 24.245


113
[11, 10, 2, 16, 6, 4, 1, 17, 12, 8, 13, 18, 5, 14, 19, 0, 15, 9, 3, 7]
11:0.097		10:0.010		2:0.013		16:0.080		6:0.010		4:0.097		1:0.080		17:0.080		12:0.010		8:0.080		13:0.010		18:0.013		5:0.013		14:0.013		19:0.097		0:0.013		15:0.097		9:0.080		3:0.010		7:0.097
The 113 Communcation Round: Method: fedavg
mnist: 88.28,	usps: 91.53,	svhn: 79.85,	syn: 40.1
Mean Accuracy: 74.940
Standard Deviation: 23.742


114
[14, 9, 1, 18, 0, 3, 17, 6, 5, 7, 12, 8, 13, 4, 10, 15, 11, 19, 16, 2]
14:0.013		9:0.080		1:0.080		18:0.013		0:0.013		3:0.010		17:0.080		6:0.010		5:0.013		7:0.097		12:0.010		8:0.080		13:0.010		4:0.097		10:0.010		15:0.097		11:0.097		19:0.097		16:0.080		2:0.013
The 114 Communcation Round: Method: fedavg
mnist: 88.39,	usps: 91.58,	svhn: 80.0,	syn: 40.6
Mean Accuracy: 75.143
Standard Deviation: 23.541


115
[18, 10, 13, 15, 14, 16, 17, 0, 2, 5, 3, 4, 8, 19, 12, 7, 11, 1, 9, 6]
18:0.013		10:0.010		13:0.010		15:0.097		14:0.013		16:0.080		17:0.080		0:0.013		2:0.013		5:0.013		3:0.010		4:0.097		8:0.080		19:0.097		12:0.010		7:0.097		11:0.097		1:0.080		9:0.080		6:0.010
The 115 Communcation Round: Method: fedavg
mnist: 90.23,	usps: 92.08,	svhn: 80.9,	syn: 39.95
Mean Accuracy: 75.790
Standard Deviation: 24.389


116
[19, 17, 7, 14, 4, 6, 15, 2, 18, 0, 16, 12, 11, 10, 5, 1, 9, 3, 8, 13]
19:0.097		17:0.080		7:0.097		14:0.013		4:0.097		6:0.010		15:0.097		2:0.013		18:0.013		0:0.013		16:0.080		12:0.010		11:0.097		10:0.010		5:0.013		1:0.080		9:0.080		3:0.010		8:0.080		13:0.010
The 116 Communcation Round: Method: fedavg
mnist: 90.73,	usps: 91.73,	svhn: 80.5,	syn: 39.85
Mean Accuracy: 75.703
Standard Deviation: 24.434


117
[2, 3, 17, 13, 0, 19, 1, 9, 14, 16, 12, 5, 7, 6, 18, 10, 8, 15, 11, 4]
2:0.013		3:0.010		17:0.080		13:0.010		0:0.013		19:0.097		1:0.080		9:0.080		14:0.013		16:0.080		12:0.010		5:0.013		7:0.097		6:0.010		18:0.013		10:0.010		8:0.080		15:0.097		11:0.097		4:0.097
The 117 Communcation Round: Method: fedavg
mnist: 92.17,	usps: 92.43,	svhn: 80.95,	syn: 40.85
Mean Accuracy: 76.600
Standard Deviation: 24.427


118
[14, 10, 4, 16, 1, 15, 18, 13, 11, 19, 8, 5, 12, 3, 17, 2, 7, 6, 0, 9]
14:0.013		10:0.010		4:0.097		16:0.080		1:0.080		15:0.097		18:0.013		13:0.010		11:0.097		19:0.097		8:0.080		5:0.013		12:0.010		3:0.010		17:0.080		2:0.013		7:0.097		6:0.010		0:0.013		9:0.080
The 118 Communcation Round: Method: fedavg
mnist: 91.23,	usps: 92.08,	svhn: 80.89,	syn: 40.85
Mean Accuracy: 76.263
Standard Deviation: 24.150


119
[1, 9, 17, 8, 5, 12, 2, 15, 14, 0, 13, 16, 3, 19, 11, 4, 6, 10, 18, 7]
1:0.080		9:0.080		17:0.080		8:0.080		5:0.013		12:0.010		2:0.013		15:0.097		14:0.013		0:0.013		13:0.010		16:0.080		3:0.010		19:0.097		11:0.097		4:0.097		6:0.010		10:0.010		18:0.013		7:0.097
The 119 Communcation Round: Method: fedavg
mnist: 87.78,	usps: 90.63,	svhn: 79.72,	syn: 40.0
Mean Accuracy: 74.532
Standard Deviation: 23.481


120
[17, 6, 4, 14, 0, 7, 10, 3, 1, 2, 13, 18, 11, 19, 15, 12, 16, 8, 5, 9]
17:0.080		6:0.010		4:0.097		14:0.013		0:0.013		7:0.097		10:0.010		3:0.010		1:0.080		2:0.013		13:0.010		18:0.013		11:0.097		19:0.097		15:0.097		12:0.010		16:0.080		8:0.080		5:0.013		9:0.080
The 120 Communcation Round: Method: fedavg
mnist: 88.6,	usps: 91.08,	svhn: 80.01,	syn: 40.0
Mean Accuracy: 74.922
Standard Deviation: 23.760


121
[18, 10, 2, 19, 9, 14, 17, 11, 16, 13, 15, 8, 6, 1, 5, 12, 4, 3, 7, 0]
18:0.013		10:0.010		2:0.013		19:0.097		9:0.080		14:0.013		17:0.080		11:0.097		16:0.080		13:0.010		15:0.097		8:0.080		6:0.010		1:0.080		5:0.013		12:0.010		4:0.097		3:0.010		7:0.097		0:0.013
The 121 Communcation Round: Method: fedavg
mnist: 89.24,	usps: 92.13,	svhn: 80.35,	syn: 41.84
Mean Accuracy: 75.890
Standard Deviation: 23.247


122
[1, 15, 10, 9, 13, 4, 18, 17, 19, 11, 6, 14, 7, 16, 5, 0, 8, 3, 2, 12]
1:0.080		15:0.097		10:0.010		9:0.080		13:0.010		4:0.097		18:0.013		17:0.080		19:0.097		11:0.097		6:0.010		14:0.013		7:0.097		16:0.080		5:0.013		0:0.013		8:0.080		3:0.010		2:0.013		12:0.010
The 122 Communcation Round: Method: fedavg
mnist: 89.61,	usps: 91.58,	svhn: 80.33,	syn: 40.9
Mean Accuracy: 75.605
Standard Deviation: 23.651


123
[7, 2, 19, 8, 11, 9, 3, 15, 14, 18, 13, 4, 1, 10, 0, 5, 16, 17, 12, 6]
7:0.097		2:0.013		19:0.097		8:0.080		11:0.097		9:0.080		3:0.010		15:0.097		14:0.013		18:0.013		13:0.010		4:0.097		1:0.080		10:0.010		0:0.013		5:0.013		16:0.080		17:0.080		12:0.010		6:0.010
The 123 Communcation Round: Method: fedavg
mnist: 90.79,	usps: 92.03,	svhn: 80.37,	syn: 41.64
Mean Accuracy: 76.207
Standard Deviation: 23.631


124
[3, 9, 17, 11, 13, 7, 12, 6, 8, 10, 19, 1, 0, 15, 16, 2, 4, 14, 5, 18]
3:0.010		9:0.080		17:0.080		11:0.097		13:0.010		7:0.097		12:0.010		6:0.010		8:0.080		10:0.010		19:0.097		1:0.080		0:0.013		15:0.097		16:0.080		2:0.013		4:0.097		14:0.013		5:0.013		18:0.013
The 124 Communcation Round: Method: fedavg
mnist: 87.98,	usps: 90.48,	svhn: 81.18,	syn: 40.75
Mean Accuracy: 75.097
Standard Deviation: 23.233


125
[6, 8, 13, 0, 4, 14, 19, 9, 12, 11, 2, 3, 17, 7, 1, 5, 15, 10, 16, 18]
6:0.010		8:0.080		13:0.010		0:0.013		4:0.097		14:0.013		19:0.097		9:0.080		12:0.010		11:0.097		2:0.013		3:0.010		17:0.080		7:0.097		1:0.080		5:0.013		15:0.097		10:0.010		16:0.080		18:0.013
The 125 Communcation Round: Method: fedavg
mnist: 88.82,	usps: 91.53,	svhn: 80.96,	syn: 40.8
Mean Accuracy: 75.528
Standard Deviation: 23.582


126
[19, 3, 9, 18, 11, 8, 0, 15, 2, 1, 5, 10, 13, 4, 6, 14, 17, 16, 12, 7]
19:0.097		3:0.010		9:0.080		18:0.013		11:0.097		8:0.080		0:0.013		15:0.097		2:0.013		1:0.080		5:0.013		10:0.010		13:0.010		4:0.097		6:0.010		14:0.013		17:0.080		16:0.080		12:0.010		7:0.097
The 126 Communcation Round: Method: fedavg
mnist: 91.18,	usps: 92.48,	svhn: 80.64,	syn: 41.44
Mean Accuracy: 76.435
Standard Deviation: 23.925


127
[14, 3, 7, 17, 10, 16, 0, 2, 8, 18, 6, 4, 12, 15, 1, 9, 19, 11, 13, 5]
14:0.013		3:0.010		7:0.097		17:0.080		10:0.010		16:0.080		0:0.013		2:0.013		8:0.080		18:0.013		6:0.010		4:0.097		12:0.010		15:0.097		1:0.080		9:0.080		19:0.097		11:0.097		13:0.010		5:0.013
The 127 Communcation Round: Method: fedavg
mnist: 90.32,	usps: 91.78,	svhn: 80.53,	syn: 40.9
Mean Accuracy: 75.882
Standard Deviation: 23.851


128
[12, 8, 14, 17, 3, 16, 2, 7, 9, 11, 10, 4, 19, 0, 5, 13, 18, 15, 1, 6]
12:0.010		8:0.080		14:0.013		17:0.080		3:0.010		16:0.080		2:0.013		7:0.097		9:0.080		11:0.097		10:0.010		4:0.097		19:0.097		0:0.013		5:0.013		13:0.010		18:0.013		15:0.097		1:0.080		6:0.010
The 128 Communcation Round: Method: fedavg
mnist: 91.41,	usps: 92.33,	svhn: 80.79,	syn: 42.09
Mean Accuracy: 76.655
Standard Deviation: 23.631


129
[0, 3, 4, 18, 14, 12, 1, 6, 2, 5, 19, 17, 15, 9, 8, 13, 10, 11, 7, 16]
0:0.013		3:0.010		4:0.097		18:0.013		14:0.013		12:0.010		1:0.080		6:0.010		2:0.013		5:0.013		19:0.097		17:0.080		15:0.097		9:0.080		8:0.080		13:0.010		10:0.010		11:0.097		7:0.097		16:0.080
The 129 Communcation Round: Method: fedavg
mnist: 90.29,	usps: 91.58,	svhn: 80.68,	syn: 41.64
Mean Accuracy: 76.047
Standard Deviation: 23.448


130
[6, 2, 13, 5, 19, 15, 8, 7, 12, 17, 18, 9, 10, 0, 1, 4, 3, 16, 11, 14]
6:0.010		2:0.013		13:0.010		5:0.013		19:0.097		15:0.097		8:0.080		7:0.097		12:0.010		17:0.080		18:0.013		9:0.080		10:0.010		0:0.013		1:0.080		4:0.097		3:0.010		16:0.080		11:0.097		14:0.013
The 130 Communcation Round: Method: fedavg
mnist: 89.77,	usps: 92.18,	svhn: 81.26,	syn: 41.69
Mean Accuracy: 76.225
Standard Deviation: 23.495


131
[5, 12, 7, 10, 15, 16, 3, 9, 0, 2, 4, 8, 1, 17, 13, 6, 18, 14, 19, 11]
5:0.013		12:0.010		7:0.097		10:0.010		15:0.097		16:0.080		3:0.010		9:0.080		0:0.013		2:0.013		4:0.097		8:0.080		1:0.080		17:0.080		13:0.010		6:0.010		18:0.013		14:0.013		19:0.097		11:0.097
The 131 Communcation Round: Method: fedavg
mnist: 89.79,	usps: 91.48,	svhn: 80.92,	syn: 41.0
Mean Accuracy: 75.797
Standard Deviation: 23.656


132
[3, 0, 6, 5, 9, 15, 12, 7, 8, 11, 2, 16, 10, 17, 4, 1, 13, 18, 19, 14]
3:0.010		0:0.013		6:0.010		5:0.013		9:0.080		15:0.097		12:0.010		7:0.097		8:0.080		11:0.097		2:0.013		16:0.080		10:0.010		17:0.080		4:0.097		1:0.080		13:0.010		18:0.013		19:0.097		14:0.013
The 132 Communcation Round: Method: fedavg
mnist: 91.87,	usps: 92.38,	svhn: 80.6,	syn: 41.69
Mean Accuracy: 76.635
Standard Deviation: 23.923


133
[10, 3, 15, 2, 4, 0, 6, 7, 16, 8, 1, 18, 11, 17, 19, 5, 12, 14, 9, 13]
10:0.010		3:0.010		15:0.097		2:0.013		4:0.097		0:0.013		6:0.010		7:0.097		16:0.080		8:0.080		1:0.080		18:0.013		11:0.097		17:0.080		19:0.097		5:0.013		12:0.010		14:0.013		9:0.080		13:0.010
The 133 Communcation Round: Method: fedavg
mnist: 91.68,	usps: 92.18,	svhn: 80.85,	syn: 42.09
Mean Accuracy: 76.700
Standard Deviation: 23.658


134
[18, 0, 13, 2, 16, 4, 14, 3, 7, 8, 10, 1, 6, 5, 9, 15, 11, 17, 12, 19]
18:0.013		0:0.013		13:0.010		2:0.013		16:0.080		4:0.097		14:0.013		3:0.010		7:0.097		8:0.080		10:0.010		1:0.080		6:0.010		5:0.013		9:0.080		15:0.097		11:0.097		17:0.080		12:0.010		19:0.097
The 134 Communcation Round: Method: fedavg
mnist: 89.32,	usps: 91.98,	svhn: 80.77,	syn: 42.84
Mean Accuracy: 76.227
Standard Deviation: 22.766


135
[13, 18, 3, 5, 4, 14, 1, 12, 19, 8, 9, 15, 2, 6, 7, 10, 0, 16, 17, 11]
13:0.010		18:0.013		3:0.010		5:0.013		4:0.097		14:0.013		1:0.080		12:0.010		19:0.097		8:0.080		9:0.080		15:0.097		2:0.013		6:0.010		7:0.097		10:0.010		0:0.013		16:0.080		17:0.080		11:0.097
The 135 Communcation Round: Method: fedavg
mnist: 89.3,	usps: 92.53,	svhn: 80.37,	syn: 42.64
Mean Accuracy: 76.210
Standard Deviation: 22.963


136
[8, 15, 7, 13, 0, 16, 2, 10, 4, 17, 3, 12, 9, 6, 5, 19, 1, 11, 18, 14]
8:0.080		15:0.097		7:0.097		13:0.010		0:0.013		16:0.080		2:0.013		10:0.010		4:0.097		17:0.080		3:0.010		12:0.010		9:0.080		6:0.010		5:0.013		19:0.097		1:0.080		11:0.097		18:0.013		14:0.013
The 136 Communcation Round: Method: fedavg
mnist: 90.36,	usps: 93.17,	svhn: 80.01,	syn: 43.23
Mean Accuracy: 76.693
Standard Deviation: 23.015


137
[16, 4, 8, 11, 17, 18, 9, 7, 0, 1, 19, 12, 6, 2, 15, 10, 13, 5, 3, 14]
16:0.080		4:0.097		8:0.080		11:0.097		17:0.080		18:0.013		9:0.080		7:0.097		0:0.013		1:0.080		19:0.097		12:0.010		6:0.010		2:0.013		15:0.097		10:0.010		13:0.010		5:0.013		3:0.010		14:0.013
The 137 Communcation Round: Method: fedavg
mnist: 89.02,	usps: 92.43,	svhn: 79.87,	syn: 41.84
Mean Accuracy: 75.790
Standard Deviation: 23.246


138
[2, 17, 1, 3, 0, 14, 16, 7, 4, 15, 12, 5, 11, 18, 10, 8, 6, 13, 19, 9]
2:0.013		17:0.080		1:0.080		3:0.010		0:0.013		14:0.013		16:0.080		7:0.097		4:0.097		15:0.097		12:0.010		5:0.013		11:0.097		18:0.013		10:0.010		8:0.080		6:0.010		13:0.010		19:0.097		9:0.080
The 138 Communcation Round: Method: fedavg
mnist: 88.38,	usps: 92.33,	svhn: 80.08,	syn: 41.69
Mean Accuracy: 75.620
Standard Deviation: 23.189


139
[16, 7, 14, 17, 19, 0, 10, 15, 1, 12, 13, 18, 9, 2, 11, 8, 5, 4, 3, 6]
16:0.080		7:0.097		14:0.013		17:0.080		19:0.097		0:0.013		10:0.010		15:0.097		1:0.080		12:0.010		13:0.010		18:0.013		9:0.080		2:0.013		11:0.097		8:0.080		5:0.013		4:0.097		3:0.010		6:0.010
The 139 Communcation Round: Method: fedavg
mnist: 90.48,	usps: 92.03,	svhn: 80.29,	syn: 41.94
Mean Accuracy: 76.185
Standard Deviation: 23.416


140
[13, 0, 8, 6, 19, 3, 5, 14, 1, 9, 11, 16, 12, 17, 7, 10, 4, 2, 18, 15]
13:0.010		0:0.013		8:0.080		6:0.010		19:0.097		3:0.010		5:0.013		14:0.013		1:0.080		9:0.080		11:0.097		16:0.080		12:0.010		17:0.080		7:0.097		10:0.010		4:0.097		2:0.013		18:0.013		15:0.097
The 140 Communcation Round: Method: fedavg
mnist: 91.05,	usps: 92.03,	svhn: 79.63,	syn: 41.49
Mean Accuracy: 76.050
Standard Deviation: 23.718


141
[4, 5, 3, 12, 10, 19, 7, 17, 1, 8, 6, 16, 15, 14, 13, 2, 9, 11, 0, 18]
4:0.097		5:0.013		3:0.010		12:0.010		10:0.010		19:0.097		7:0.097		17:0.080		1:0.080		8:0.080		6:0.010		16:0.080		15:0.097		14:0.013		13:0.010		2:0.013		9:0.080		11:0.097		0:0.013		18:0.013
The 141 Communcation Round: Method: fedavg
mnist: 88.78,	usps: 92.53,	svhn: 80.17,	syn: 42.19
Mean Accuracy: 75.918
Standard Deviation: 23.073


142
[2, 11, 3, 0, 17, 10, 7, 15, 4, 1, 19, 6, 18, 13, 8, 12, 14, 9, 5, 16]
2:0.013		11:0.097		3:0.010		0:0.013		17:0.080		10:0.010		7:0.097		15:0.097		4:0.097		1:0.080		19:0.097		6:0.010		18:0.013		13:0.010		8:0.080		12:0.010		14:0.013		9:0.080		5:0.013		16:0.080
The 142 Communcation Round: Method: fedavg
mnist: 90.49,	usps: 93.12,	svhn: 80.38,	syn: 43.03
Mean Accuracy: 76.755
Standard Deviation: 23.144


143
[19, 11, 12, 5, 16, 13, 8, 3, 2, 4, 14, 7, 0, 15, 6, 10, 18, 17, 1, 9]
19:0.097		11:0.097		12:0.010		5:0.013		16:0.080		13:0.010		8:0.080		3:0.010		2:0.013		4:0.097		14:0.013		7:0.097		0:0.013		15:0.097		6:0.010		10:0.010		18:0.013		17:0.080		1:0.080		9:0.080
The 143 Communcation Round: Method: fedavg
mnist: 91.52,	usps: 93.12,	svhn: 80.5,	syn: 42.39
Mean Accuracy: 76.882
Standard Deviation: 23.669


144
[6, 10, 12, 13, 9, 1, 15, 18, 8, 19, 17, 7, 5, 0, 3, 14, 11, 16, 2, 4]
6:0.010		10:0.010		12:0.010		13:0.010		9:0.080		1:0.080		15:0.097		18:0.013		8:0.080		19:0.097		17:0.080		7:0.097		5:0.013		0:0.013		3:0.010		14:0.013		11:0.097		16:0.080		2:0.013		4:0.097
The 144 Communcation Round: Method: fedavg
mnist: 88.88,	usps: 92.13,	svhn: 80.7,	syn: 42.04
Mean Accuracy: 75.938
Standard Deviation: 23.104


145
[18, 12, 10, 9, 19, 11, 3, 6, 14, 16, 2, 17, 4, 8, 13, 7, 0, 5, 1, 15]
18:0.013		12:0.010		10:0.010		9:0.080		19:0.097		11:0.097		3:0.010		6:0.010		14:0.013		16:0.080		2:0.013		17:0.080		4:0.097		8:0.080		13:0.010		7:0.097		0:0.013		5:0.013		1:0.080		15:0.097
The 145 Communcation Round: Method: fedavg
mnist: 90.36,	usps: 93.52,	svhn: 80.25,	syn: 42.19
Mean Accuracy: 76.580
Standard Deviation: 23.615


146
[11, 1, 14, 9, 17, 3, 19, 4, 15, 18, 2, 5, 0, 6, 7, 8, 10, 16, 13, 12]
11:0.097		1:0.080		14:0.013		9:0.080		17:0.080		3:0.010		19:0.097		4:0.097		15:0.097		18:0.013		2:0.013		5:0.013		0:0.013		6:0.010		7:0.097		8:0.080		10:0.010		16:0.080		13:0.010		12:0.010
The 146 Communcation Round: Method: fedavg
mnist: 92.14,	usps: 93.62,	svhn: 80.4,	syn: 42.79
Mean Accuracy: 77.237
Standard Deviation: 23.714


147
[1, 5, 16, 11, 4, 0, 10, 2, 13, 15, 14, 6, 3, 17, 12, 7, 19, 9, 8, 18]
1:0.080		5:0.013		16:0.080		11:0.097		4:0.097		0:0.013		10:0.010		2:0.013		13:0.010		15:0.097		14:0.013		6:0.010		3:0.010		17:0.080		12:0.010		7:0.097		19:0.097		9:0.080		8:0.080		18:0.013
The 147 Communcation Round: Method: fedavg
mnist: 89.77,	usps: 93.37,	svhn: 80.34,	syn: 42.49
Mean Accuracy: 76.493
Standard Deviation: 23.325


148
[19, 8, 6, 14, 9, 12, 15, 16, 1, 11, 13, 3, 17, 7, 18, 4, 5, 10, 2, 0]
19:0.097		8:0.080		6:0.010		14:0.013		9:0.080		12:0.010		15:0.097		16:0.080		1:0.080		11:0.097		13:0.010		3:0.010		17:0.080		7:0.097		18:0.013		4:0.097		5:0.013		10:0.010		2:0.013		0:0.013
The 148 Communcation Round: Method: fedavg
mnist: 90.95,	usps: 93.32,	svhn: 80.04,	syn: 42.74
Mean Accuracy: 76.763
Standard Deviation: 23.407


149
[19, 1, 11, 12, 18, 8, 5, 2, 0, 15, 7, 3, 13, 9, 6, 16, 4, 10, 14, 17]
19:0.097		1:0.080		11:0.097		12:0.010		18:0.013		8:0.080		5:0.013		2:0.013		0:0.013		15:0.097		7:0.097		3:0.010		13:0.010		9:0.080		6:0.010		16:0.080		4:0.097		10:0.010		14:0.013		17:0.080
The 149 Communcation Round: Method: fedavg
mnist: 89.18,	usps: 93.42,	svhn: 79.91,	syn: 42.74
Mean Accuracy: 76.312
Standard Deviation: 23.082


150
[8, 3, 13, 14, 2, 18, 6, 4, 15, 0, 17, 12, 9, 11, 1, 7, 16, 10, 19, 5]
8:0.080		3:0.010		13:0.010		14:0.013		2:0.013		18:0.013		6:0.010		4:0.097		15:0.097		0:0.013		17:0.080		12:0.010		9:0.080		11:0.097		1:0.080		7:0.097		16:0.080		10:0.010		19:0.097		5:0.013
The 150 Communcation Round: Method: fedavg
mnist: 90.16,	usps: 92.87,	svhn: 80.29,	syn: 42.44
Mean Accuracy: 76.440
Standard Deviation: 23.302


151
[3, 10, 8, 18, 0, 7, 9, 6, 1, 4, 16, 14, 13, 19, 17, 2, 5, 12, 15, 11]
3:0.010		10:0.010		8:0.080		18:0.013		0:0.013		7:0.097		9:0.080		6:0.010		1:0.080		4:0.097		16:0.080		14:0.013		13:0.010		19:0.097		17:0.080		2:0.013		5:0.013		12:0.010		15:0.097		11:0.097
The 151 Communcation Round: Method: fedavg
mnist: 90.98,	usps: 93.12,	svhn: 80.16,	syn: 43.28
Mean Accuracy: 76.885
Standard Deviation: 23.110


152
[11, 3, 7, 18, 1, 14, 16, 5, 17, 19, 13, 12, 10, 0, 8, 9, 4, 6, 15, 2]
11:0.097		3:0.010		7:0.097		18:0.013		1:0.080		14:0.013		16:0.080		5:0.013		17:0.080		19:0.097		13:0.010		12:0.010		10:0.010		0:0.013		8:0.080		9:0.080		4:0.097		6:0.010		15:0.097		2:0.013
The 152 Communcation Round: Method: fedavg
mnist: 91.06,	usps: 93.27,	svhn: 79.76,	syn: 42.29
Mean Accuracy: 76.595
Standard Deviation: 23.623


153
[6, 7, 12, 14, 4, 18, 0, 10, 1, 16, 9, 19, 8, 15, 13, 17, 11, 3, 2, 5]
6:0.010		7:0.097		12:0.010		14:0.013		4:0.097		18:0.013		0:0.013		10:0.010		1:0.080		16:0.080		9:0.080		19:0.097		8:0.080		15:0.097		13:0.010		17:0.080		11:0.097		3:0.010		2:0.013		5:0.013
The 153 Communcation Round: Method: fedavg
mnist: 90.42,	usps: 93.12,	svhn: 80.52,	syn: 42.54
Mean Accuracy: 76.650
Standard Deviation: 23.376


154
[7, 18, 9, 5, 2, 8, 19, 10, 14, 1, 16, 12, 3, 11, 17, 6, 4, 0, 13, 15]
7:0.097		18:0.013		9:0.080		5:0.013		2:0.013		8:0.080		19:0.097		10:0.010		14:0.013		1:0.080		16:0.080		12:0.010		3:0.010		11:0.097		17:0.080		6:0.010		4:0.097		0:0.013		13:0.010		15:0.097
The 154 Communcation Round: Method: fedavg
mnist: 91.16,	usps: 93.12,	svhn: 80.22,	syn: 42.99
Mean Accuracy: 76.873
Standard Deviation: 23.291


155
[13, 12, 17, 10, 8, 7, 18, 2, 16, 3, 9, 5, 11, 15, 14, 4, 6, 19, 0, 1]
13:0.010		12:0.010		17:0.080		10:0.010		8:0.080		7:0.097		18:0.013		2:0.013		16:0.080		3:0.010		9:0.080		5:0.013		11:0.097		15:0.097		14:0.013		4:0.097		6:0.010		19:0.097		0:0.013		1:0.080
The 155 Communcation Round: Method: fedavg
mnist: 90.8,	usps: 93.27,	svhn: 79.49,	syn: 42.44
Mean Accuracy: 76.500
Standard Deviation: 23.486


156
[18, 12, 16, 5, 7, 11, 13, 2, 9, 17, 1, 6, 14, 19, 10, 3, 0, 15, 8, 4]
18:0.013		12:0.010		16:0.080		5:0.013		7:0.097		11:0.097		13:0.010		2:0.013		9:0.080		17:0.080		1:0.080		6:0.010		14:0.013		19:0.097		10:0.010		3:0.010		0:0.013		15:0.097		8:0.080		4:0.097
The 156 Communcation Round: Method: fedavg
mnist: 90.62,	usps: 94.02,	svhn: 79.59,	syn: 42.84
Mean Accuracy: 76.768
Standard Deviation: 23.442


157
[11, 1, 13, 12, 8, 17, 2, 6, 18, 0, 4, 10, 7, 9, 15, 14, 16, 3, 19, 5]
11:0.097		1:0.080		13:0.010		12:0.010		8:0.080		17:0.080		2:0.013		6:0.010		18:0.013		0:0.013		4:0.097		10:0.010		7:0.097		9:0.080		15:0.097		14:0.013		16:0.080		3:0.010		19:0.097		5:0.013
The 157 Communcation Round: Method: fedavg
mnist: 91.49,	usps: 93.77,	svhn: 79.7,	syn: 42.44
Mean Accuracy: 76.850
Standard Deviation: 23.754


158
[1, 10, 4, 16, 9, 12, 11, 5, 3, 8, 13, 6, 15, 17, 19, 14, 7, 18, 0, 2]
1:0.080		10:0.010		4:0.097		16:0.080		9:0.080		12:0.010		11:0.097		5:0.013		3:0.010		8:0.080		13:0.010		6:0.010		15:0.097		17:0.080		19:0.097		14:0.013		7:0.097		18:0.013		0:0.013		2:0.013
The 158 Communcation Round: Method: fedavg
mnist: 90.44,	usps: 93.47,	svhn: 79.83,	syn: 42.59
Mean Accuracy: 76.583
Standard Deviation: 23.404


159
[19, 6, 3, 12, 0, 13, 7, 4, 8, 17, 18, 5, 10, 1, 11, 9, 16, 14, 15, 2]
19:0.097		6:0.010		3:0.010		12:0.010		0:0.013		13:0.010		7:0.097		4:0.097		8:0.080		17:0.080		18:0.013		5:0.013		10:0.010		1:0.080		11:0.097		9:0.080		16:0.080		14:0.013		15:0.097		2:0.013
The 159 Communcation Round: Method: fedavg
mnist: 90.41,	usps: 93.77,	svhn: 79.44,	syn: 42.99
Mean Accuracy: 76.653
Standard Deviation: 23.261


160
[12, 19, 10, 5, 15, 9, 2, 8, 7, 4, 13, 11, 14, 1, 16, 0, 3, 18, 17, 6]
12:0.010		19:0.097		10:0.010		5:0.013		15:0.097		9:0.080		2:0.013		8:0.080		7:0.097		4:0.097		13:0.010		11:0.097		14:0.013		1:0.080		16:0.080		0:0.013		3:0.010		18:0.013		17:0.080		6:0.010
The 160 Communcation Round: Method: fedavg
mnist: 90.53,	usps: 93.42,	svhn: 80.31,	syn: 42.54
Mean Accuracy: 76.700
Standard Deviation: 23.458


161
[9, 4, 12, 11, 13, 16, 10, 1, 15, 2, 14, 18, 5, 6, 19, 8, 17, 0, 7, 3]
9:0.080		4:0.097		12:0.010		11:0.097		13:0.010		16:0.080		10:0.010		1:0.080		15:0.097		2:0.013		14:0.013		18:0.013		5:0.013		6:0.010		19:0.097		8:0.080		17:0.080		0:0.013		7:0.097		3:0.010
The 161 Communcation Round: Method: fedavg
mnist: 90.5,	usps: 93.92,	svhn: 79.46,	syn: 42.74
Mean Accuracy: 76.655
Standard Deviation: 23.437


162
[13, 0, 7, 14, 8, 1, 9, 4, 19, 12, 5, 2, 3, 6, 16, 15, 11, 10, 18, 17]
13:0.010		0:0.013		7:0.097		14:0.013		8:0.080		1:0.080		9:0.080		4:0.097		19:0.097		12:0.010		5:0.013		2:0.013		3:0.010		6:0.010		16:0.080		15:0.097		11:0.097		10:0.010		18:0.013		17:0.080
The 162 Communcation Round: Method: fedavg
mnist: 91.87,	usps: 93.52,	svhn: 79.03,	syn: 42.44
Mean Accuracy: 76.715
Standard Deviation: 23.750


163
[11, 17, 1, 14, 18, 0, 6, 15, 3, 19, 5, 12, 8, 7, 4, 16, 2, 13, 9, 10]
11:0.097		17:0.080		1:0.080		14:0.013		18:0.013		0:0.013		6:0.010		15:0.097		3:0.010		19:0.097		5:0.013		12:0.010		8:0.080		7:0.097		4:0.097		16:0.080		2:0.013		13:0.010		9:0.080		10:0.010
The 163 Communcation Round: Method: fedavg
mnist: 91.65,	usps: 93.47,	svhn: 79.58,	syn: 43.23
Mean Accuracy: 76.983
Standard Deviation: 23.331


164
[10, 19, 0, 13, 2, 6, 18, 17, 1, 11, 4, 7, 16, 12, 9, 8, 14, 3, 5, 15]
10:0.010		19:0.097		0:0.013		13:0.010		2:0.013		6:0.010		18:0.013		17:0.080		1:0.080		11:0.097		4:0.097		7:0.097		16:0.080		12:0.010		9:0.080		8:0.080		14:0.013		3:0.010		5:0.013		15:0.097
The 164 Communcation Round: Method: fedavg
mnist: 92.73,	usps: 93.52,	svhn: 79.35,	syn: 43.08
Mean Accuracy: 77.170
Standard Deviation: 23.638


165
[0, 4, 11, 17, 8, 19, 1, 13, 14, 2, 18, 16, 10, 6, 12, 9, 5, 15, 3, 7]
0:0.013		4:0.097		11:0.097		17:0.080		8:0.080		19:0.097		1:0.080		13:0.010		14:0.013		2:0.013		18:0.013		16:0.080		10:0.010		6:0.010		12:0.010		9:0.080		5:0.013		15:0.097		3:0.010		7:0.097
The 165 Communcation Round: Method: fedavg
mnist: 90.95,	usps: 93.17,	svhn: 79.41,	syn: 42.84
Mean Accuracy: 76.593
Standard Deviation: 23.296


166
[16, 9, 4, 13, 8, 15, 6, 3, 0, 17, 18, 10, 1, 2, 12, 14, 11, 5, 19, 7]
16:0.080		9:0.080		4:0.097		13:0.010		8:0.080		15:0.097		6:0.010		3:0.010		0:0.013		17:0.080		18:0.013		10:0.010		1:0.080		2:0.013		12:0.010		14:0.013		11:0.097		5:0.013		19:0.097		7:0.097
The 166 Communcation Round: Method: fedavg
mnist: 91.11,	usps: 93.47,	svhn: 80.03,	syn: 42.49
Mean Accuracy: 76.775
Standard Deviation: 23.596


167
[7, 17, 2, 12, 1, 18, 9, 4, 10, 8, 19, 3, 15, 11, 6, 16, 5, 0, 14, 13]
7:0.097		17:0.080		2:0.013		12:0.010		1:0.080		18:0.013		9:0.080		4:0.097		10:0.010		8:0.080		19:0.097		3:0.010		15:0.097		11:0.097		6:0.010		16:0.080		5:0.013		0:0.013		14:0.013		13:0.010
The 167 Communcation Round: Method: fedavg
mnist: 90.35,	usps: 93.42,	svhn: 80.04,	syn: 43.03
Mean Accuracy: 76.710
Standard Deviation: 23.171


168
[19, 13, 16, 6, 7, 18, 3, 0, 15, 11, 9, 8, 1, 17, 5, 14, 2, 12, 4, 10]
19:0.097		13:0.010		16:0.080		6:0.010		7:0.097		18:0.013		3:0.010		0:0.013		15:0.097		11:0.097		9:0.080		8:0.080		1:0.080		17:0.080		5:0.013		14:0.013		2:0.013		12:0.010		4:0.097		10:0.010
The 168 Communcation Round: Method: fedavg
mnist: 90.28,	usps: 93.02,	svhn: 80.05,	syn: 42.94
Mean Accuracy: 76.573
Standard Deviation: 23.106


169
[13, 9, 2, 4, 12, 0, 5, 18, 10, 16, 6, 17, 3, 8, 14, 7, 11, 15, 1, 19]
13:0.010		9:0.080		2:0.013		4:0.097		12:0.010		0:0.013		5:0.013		18:0.013		10:0.010		16:0.080		6:0.010		17:0.080		3:0.010		8:0.080		14:0.013		7:0.097		11:0.097		15:0.097		1:0.080		19:0.097
The 169 Communcation Round: Method: fedavg
mnist: 92.12,	usps: 93.27,	svhn: 79.92,	syn: 43.18
Mean Accuracy: 77.123
Standard Deviation: 23.421


170
[2, 6, 9, 4, 8, 7, 3, 19, 12, 16, 5, 15, 13, 10, 14, 0, 1, 11, 17, 18]
2:0.013		6:0.010		9:0.080		4:0.097		8:0.080		7:0.097		3:0.010		19:0.097		12:0.010		16:0.080		5:0.013		15:0.097		13:0.010		10:0.010		14:0.013		0:0.013		1:0.080		11:0.097		17:0.080		18:0.013
The 170 Communcation Round: Method: fedavg
mnist: 92.07,	usps: 93.42,	svhn: 79.97,	syn: 42.84
Mean Accuracy: 77.075
Standard Deviation: 23.611


171
[1, 19, 16, 15, 13, 8, 14, 10, 9, 18, 5, 12, 4, 3, 6, 2, 7, 17, 0, 11]
1:0.080		19:0.097		16:0.080		15:0.097		13:0.010		8:0.080		14:0.013		10:0.010		9:0.080		18:0.013		5:0.013		12:0.010		4:0.097		3:0.010		6:0.010		2:0.013		7:0.097		17:0.080		0:0.013		11:0.097
The 171 Communcation Round: Method: fedavg
mnist: 91.76,	usps: 93.47,	svhn: 79.95,	syn: 43.43
Mean Accuracy: 77.153
Standard Deviation: 23.271


172
[16, 14, 11, 17, 1, 2, 18, 19, 13, 3, 6, 5, 7, 0, 12, 15, 9, 8, 4, 10]
16:0.080		14:0.013		11:0.097		17:0.080		1:0.080		2:0.013		18:0.013		19:0.097		13:0.010		3:0.010		6:0.010		5:0.013		7:0.097		0:0.013		12:0.010		15:0.097		9:0.080		8:0.080		4:0.097		10:0.010
The 172 Communcation Round: Method: fedavg
mnist: 90.73,	usps: 93.32,	svhn: 79.59,	syn: 43.33
Mean Accuracy: 76.742
Standard Deviation: 23.058


173
[19, 3, 11, 14, 13, 2, 18, 9, 17, 4, 5, 6, 0, 15, 10, 8, 7, 16, 12, 1]
19:0.097		3:0.010		11:0.097		14:0.013		13:0.010		2:0.013		18:0.013		9:0.080		17:0.080		4:0.097		5:0.013		6:0.010		0:0.013		15:0.097		10:0.010		8:0.080		7:0.097		16:0.080		12:0.010		1:0.080
The 173 Communcation Round: Method: fedavg
mnist: 91.25,	usps: 93.52,	svhn: 80.04,	syn: 43.63
Mean Accuracy: 77.110
Standard Deviation: 23.085


174
[1, 19, 5, 0, 11, 16, 3, 9, 13, 12, 4, 6, 10, 8, 7, 17, 14, 18, 15, 2]
1:0.080		19:0.097		5:0.013		0:0.013		11:0.097		16:0.080		3:0.010		9:0.080		13:0.010		12:0.010		4:0.097		6:0.010		10:0.010		8:0.080		7:0.097		17:0.080		14:0.013		18:0.013		15:0.097		2:0.013
The 174 Communcation Round: Method: fedavg
mnist: 91.31,	usps: 93.57,	svhn: 79.37,	syn: 43.43
Mean Accuracy: 76.920
Standard Deviation: 23.180


175
[7, 3, 12, 6, 16, 10, 0, 5, 18, 9, 8, 14, 17, 4, 1, 11, 15, 13, 19, 2]
7:0.097		3:0.010		12:0.010		6:0.010		16:0.080		10:0.010		0:0.013		5:0.013		18:0.013		9:0.080		8:0.080		14:0.013		17:0.080		4:0.097		1:0.080		11:0.097		15:0.097		13:0.010		19:0.097		2:0.013
The 175 Communcation Round: Method: fedavg
mnist: 91.63,	usps: 93.67,	svhn: 79.44,	syn: 43.33
Mean Accuracy: 77.017
Standard Deviation: 23.321


176
[7, 1, 10, 8, 4, 3, 14, 5, 9, 19, 13, 11, 16, 0, 2, 6, 12, 15, 18, 17]
7:0.097		1:0.080		10:0.010		8:0.080		4:0.097		3:0.010		14:0.013		5:0.013		9:0.080		19:0.097		13:0.010		11:0.097		16:0.080		0:0.013		2:0.013		6:0.010		12:0.010		15:0.097		18:0.013		17:0.080
The 176 Communcation Round: Method: fedavg
mnist: 90.35,	usps: 93.02,	svhn: 79.89,	syn: 42.54
Mean Accuracy: 76.450
Standard Deviation: 23.306


177
[0, 9, 14, 1, 6, 16, 7, 13, 8, 11, 12, 3, 15, 18, 5, 2, 19, 4, 10, 17]
0:0.013		9:0.080		14:0.013		1:0.080		6:0.010		16:0.080		7:0.097		13:0.010		8:0.080		11:0.097		12:0.010		3:0.010		15:0.097		18:0.013		5:0.013		2:0.013		19:0.097		4:0.097		10:0.010		17:0.080
The 177 Communcation Round: Method: fedavg
mnist: 89.77,	usps: 93.22,	svhn: 79.92,	syn: 42.29
Mean Accuracy: 76.300
Standard Deviation: 23.363


178
[4, 10, 15, 1, 9, 0, 17, 14, 16, 13, 12, 18, 11, 7, 8, 5, 2, 6, 19, 3]
4:0.097		10:0.010		15:0.097		1:0.080		9:0.080		0:0.013		17:0.080		14:0.013		16:0.080		13:0.010		12:0.010		18:0.013		11:0.097		7:0.097		8:0.080		5:0.013		2:0.013		6:0.010		19:0.097		3:0.010
The 178 Communcation Round: Method: fedavg
mnist: 90.23,	usps: 93.62,	svhn: 79.74,	syn: 42.59
Mean Accuracy: 76.545
Standard Deviation: 23.395


179
[15, 0, 13, 16, 14, 3, 9, 17, 2, 4, 7, 10, 18, 19, 12, 6, 1, 11, 8, 5]
15:0.097		0:0.013		13:0.010		16:0.080		14:0.013		3:0.010		9:0.080		17:0.080		2:0.013		4:0.097		7:0.097		10:0.010		18:0.013		19:0.097		12:0.010		6:0.010		1:0.080		11:0.097		8:0.080		5:0.013
The 179 Communcation Round: Method: fedavg
mnist: 90.46,	usps: 93.97,	svhn: 79.34,	syn: 42.49
Mean Accuracy: 76.565
Standard Deviation: 23.557


180
[15, 11, 19, 18, 3, 9, 8, 6, 10, 12, 14, 16, 1, 5, 2, 7, 13, 0, 4, 17]
15:0.097		11:0.097		19:0.097		18:0.013		3:0.010		9:0.080		8:0.080		6:0.010		10:0.010		12:0.010		14:0.013		16:0.080		1:0.080		5:0.013		2:0.013		7:0.097		13:0.010		0:0.013		4:0.097		17:0.080
The 180 Communcation Round: Method: fedavg
mnist: 91.34,	usps: 93.87,	svhn: 79.41,	syn: 42.89
Mean Accuracy: 76.877
Standard Deviation: 23.519


181
[7, 10, 3, 16, 12, 15, 11, 0, 1, 18, 9, 2, 8, 14, 13, 19, 5, 17, 6, 4]
7:0.097		10:0.010		3:0.010		16:0.080		12:0.010		15:0.097		11:0.097		0:0.013		1:0.080		18:0.013		9:0.080		2:0.013		8:0.080		14:0.013		13:0.010		19:0.097		5:0.013		17:0.080		6:0.010		4:0.097
The 181 Communcation Round: Method: fedavg
mnist: 90.13,	usps: 93.87,	svhn: 80.07,	syn: 42.69
Mean Accuracy: 76.690
Standard Deviation: 23.404


182
[9, 19, 3, 5, 12, 15, 14, 4, 18, 2, 6, 7, 11, 0, 16, 17, 1, 13, 10, 8]
9:0.080		19:0.097		3:0.010		5:0.013		12:0.010		15:0.097		14:0.013		4:0.097		18:0.013		2:0.013		6:0.010		7:0.097		11:0.097		0:0.013		16:0.080		17:0.080		1:0.080		13:0.010		10:0.010		8:0.080
The 182 Communcation Round: Method: fedavg
mnist: 90.25,	usps: 93.27,	svhn: 80.19,	syn: 42.24
Mean Accuracy: 76.487
Standard Deviation: 23.506


183
[3, 11, 1, 13, 2, 5, 17, 8, 15, 12, 7, 10, 18, 4, 9, 14, 6, 0, 19, 16]
3:0.010		11:0.097		1:0.080		13:0.010		2:0.013		5:0.013		17:0.080		8:0.080		15:0.097		12:0.010		7:0.097		10:0.010		18:0.013		4:0.097		9:0.080		14:0.013		6:0.010		0:0.013		19:0.097		16:0.080
The 183 Communcation Round: Method: fedavg
mnist: 90.98,	usps: 93.62,	svhn: 80.13,	syn: 43.28
Mean Accuracy: 77.002
Standard Deviation: 23.227


184
[15, 7, 3, 1, 10, 18, 4, 11, 9, 13, 2, 5, 16, 19, 6, 8, 17, 12, 0, 14]
15:0.097		7:0.097		3:0.010		1:0.080		10:0.010		18:0.013		4:0.097		11:0.097		9:0.080		13:0.010		2:0.013		5:0.013		16:0.080		19:0.097		6:0.010		8:0.080		17:0.080		12:0.010		0:0.013		14:0.013
The 184 Communcation Round: Method: fedavg
mnist: 90.6,	usps: 93.52,	svhn: 79.97,	syn: 42.94
Mean Accuracy: 76.758
Standard Deviation: 23.285


185
[7, 10, 3, 0, 9, 8, 4, 6, 15, 12, 18, 16, 5, 1, 19, 11, 2, 17, 14, 13]
7:0.097		10:0.010		3:0.010		0:0.013		9:0.080		8:0.080		4:0.097		6:0.010		15:0.097		12:0.010		18:0.013		16:0.080		5:0.013		1:0.080		19:0.097		11:0.097		2:0.013		17:0.080		14:0.013		13:0.010
The 185 Communcation Round: Method: fedavg
mnist: 89.92,	usps: 93.67,	svhn: 80.13,	syn: 43.23
Mean Accuracy: 76.738
Standard Deviation: 23.056


186
[11, 6, 14, 17, 9, 4, 12, 8, 13, 19, 16, 10, 18, 1, 5, 0, 15, 2, 3, 7]
11:0.097		6:0.010		14:0.013		17:0.080		9:0.080		4:0.097		12:0.010		8:0.080		13:0.010		19:0.097		16:0.080		10:0.010		18:0.013		1:0.080		5:0.013		0:0.013		15:0.097		2:0.013		3:0.010		7:0.097
The 186 Communcation Round: Method: fedavg
mnist: 90.12,	usps: 93.62,	svhn: 80.55,	syn: 42.84
Mean Accuracy: 76.782
Standard Deviation: 23.293


187
[16, 12, 1, 0, 17, 8, 19, 9, 15, 18, 14, 13, 2, 3, 6, 7, 4, 10, 5, 11]
16:0.080		12:0.010		1:0.080		0:0.013		17:0.080		8:0.080		19:0.097		9:0.080		15:0.097		18:0.013		14:0.013		13:0.010		2:0.013		3:0.010		6:0.010		7:0.097		4:0.097		10:0.010		5:0.013		11:0.097
The 187 Communcation Round: Method: fedavg
mnist: 88.89,	usps: 93.82,	svhn: 80.22,	syn: 43.78
Mean Accuracy: 76.677
Standard Deviation: 22.641


188
[17, 15, 19, 6, 13, 12, 4, 11, 10, 1, 8, 16, 0, 5, 14, 9, 18, 7, 2, 3]
17:0.080		15:0.097		19:0.097		6:0.010		13:0.010		12:0.010		4:0.097		11:0.097		10:0.010		1:0.080		8:0.080		16:0.080		0:0.013		5:0.013		14:0.013		9:0.080		18:0.013		7:0.097		2:0.013		3:0.010
The 188 Communcation Round: Method: fedavg
mnist: 89.59,	usps: 93.77,	svhn: 80.01,	syn: 44.08
Mean Accuracy: 76.862
Standard Deviation: 22.601


189
[18, 2, 1, 7, 5, 9, 12, 10, 16, 13, 8, 17, 3, 14, 19, 11, 0, 4, 15, 6]
18:0.013		2:0.013		1:0.080		7:0.097		5:0.013		9:0.080		12:0.010		10:0.010		16:0.080		13:0.010		8:0.080		17:0.080		3:0.010		14:0.013		19:0.097		11:0.097		0:0.013		4:0.097		15:0.097		6:0.010
The 189 Communcation Round: Method: fedavg
mnist: 90.84,	usps: 93.77,	svhn: 80.3,	syn: 43.63
Mean Accuracy: 77.135
Standard Deviation: 23.073


190
[13, 16, 5, 19, 10, 7, 6, 3, 15, 12, 18, 14, 2, 17, 4, 9, 1, 0, 8, 11]
13:0.010		16:0.080		5:0.013		19:0.097		10:0.010		7:0.097		6:0.010		3:0.010		15:0.097		12:0.010		18:0.013		14:0.013		2:0.013		17:0.080		4:0.097		9:0.080		1:0.080		0:0.013		8:0.080		11:0.097
The 190 Communcation Round: Method: fedavg
mnist: 90.47,	usps: 93.87,	svhn: 80.15,	syn: 43.33
Mean Accuracy: 76.955
Standard Deviation: 23.163


191
[2, 10, 13, 18, 12, 6, 14, 8, 0, 17, 11, 1, 15, 9, 5, 16, 4, 7, 19, 3]
2:0.013		10:0.010		13:0.010		18:0.013		12:0.010		6:0.010		14:0.013		8:0.080		0:0.013		17:0.080		11:0.097		1:0.080		15:0.097		9:0.080		5:0.013		16:0.080		4:0.097		7:0.097		19:0.097		3:0.010
The 191 Communcation Round: Method: fedavg
mnist: 89.35,	usps: 93.87,	svhn: 80.11,	syn: 43.58
Mean Accuracy: 76.727
Standard Deviation: 22.828


192
[4, 6, 1, 17, 11, 15, 16, 8, 19, 12, 10, 14, 3, 18, 5, 13, 7, 9, 0, 2]
4:0.097		6:0.010		1:0.080		17:0.080		11:0.097		15:0.097		16:0.080		8:0.080		19:0.097		12:0.010		10:0.010		14:0.013		3:0.010		18:0.013		5:0.013		13:0.010		7:0.097		9:0.080		0:0.013		2:0.013
The 192 Communcation Round: Method: fedavg
mnist: 89.2,	usps: 94.07,	svhn: 80.11,	syn: 43.18
Mean Accuracy: 76.640
Standard Deviation: 23.045


193
[3, 6, 12, 8, 5, 16, 13, 2, 7, 11, 18, 15, 17, 0, 1, 14, 4, 19, 10, 9]
3:0.010		6:0.010		12:0.010		8:0.080		5:0.013		16:0.080		13:0.010		2:0.013		7:0.097		11:0.097		18:0.013		15:0.097		17:0.080		0:0.013		1:0.080		14:0.013		4:0.097		19:0.097		10:0.010		9:0.080
The 193 Communcation Round: Method: fedavg
mnist: 90.55,	usps: 93.77,	svhn: 79.9,	syn: 43.83
Mean Accuracy: 77.013
Standard Deviation: 22.902


194
[15, 8, 14, 6, 17, 9, 19, 12, 7, 4, 13, 2, 16, 1, 5, 3, 10, 18, 11, 0]
15:0.097		8:0.080		14:0.013		6:0.010		17:0.080		9:0.080		19:0.097		12:0.010		7:0.097		4:0.097		13:0.010		2:0.013		16:0.080		1:0.080		5:0.013		3:0.010		10:0.010		18:0.013		11:0.097		0:0.013
The 194 Communcation Round: Method: fedavg
mnist: 89.32,	usps: 93.82,	svhn: 79.99,	syn: 42.64
Mean Accuracy: 76.442
Standard Deviation: 23.259


195
[12, 7, 4, 13, 9, 10, 17, 8, 2, 6, 11, 5, 3, 16, 18, 15, 0, 19, 1, 14]
12:0.010		7:0.097		4:0.097		13:0.010		9:0.080		10:0.010		17:0.080		8:0.080		2:0.013		6:0.010		11:0.097		5:0.013		3:0.010		16:0.080		18:0.013		15:0.097		0:0.013		19:0.097		1:0.080		14:0.013
The 195 Communcation Round: Method: fedavg
mnist: 90.12,	usps: 93.77,	svhn: 80.22,	syn: 43.58
Mean Accuracy: 76.922
Standard Deviation: 22.954


196
[14, 4, 19, 1, 15, 5, 18, 6, 3, 12, 10, 7, 9, 16, 2, 11, 0, 17, 13, 8]
14:0.013		4:0.097		19:0.097		1:0.080		15:0.097		5:0.013		18:0.013		6:0.010		3:0.010		12:0.010		10:0.010		7:0.097		9:0.080		16:0.080		2:0.013		11:0.097		0:0.013		17:0.080		13:0.010		8:0.080
The 196 Communcation Round: Method: fedavg
mnist: 91.18,	usps: 94.07,	svhn: 79.82,	syn: 43.83
Mean Accuracy: 77.225
Standard Deviation: 23.097


197
[2, 17, 12, 10, 3, 14, 19, 15, 1, 0, 4, 13, 8, 5, 6, 18, 7, 11, 16, 9]
2:0.013		17:0.080		12:0.010		10:0.010		3:0.010		14:0.013		19:0.097		15:0.097		1:0.080		0:0.013		4:0.097		13:0.010		8:0.080		5:0.013		6:0.010		18:0.013		7:0.097		11:0.097		16:0.080		9:0.080
The 197 Communcation Round: Method: fedavg
mnist: 89.51,	usps: 93.97,	svhn: 79.61,	syn: 43.93
Mean Accuracy: 76.755
Standard Deviation: 22.691


198
[5, 18, 4, 9, 16, 13, 10, 6, 12, 2, 7, 0, 14, 15, 11, 17, 1, 19, 8, 3]
5:0.013		18:0.013		4:0.097		9:0.080		16:0.080		13:0.010		10:0.010		6:0.010		12:0.010		2:0.013		7:0.097		0:0.013		14:0.013		15:0.097		11:0.097		17:0.080		1:0.080		19:0.097		8:0.080		3:0.010
The 198 Communcation Round: Method: fedavg
mnist: 90.07,	usps: 93.92,	svhn: 80.05,	syn: 43.43
Mean Accuracy: 76.868
Standard Deviation: 23.046


199
[18, 14, 4, 19, 10, 0, 13, 5, 12, 11, 16, 9, 15, 7, 2, 8, 6, 1, 3, 17]
18:0.013		14:0.013		4:0.097		19:0.097		10:0.010		0:0.013		13:0.010		5:0.013		12:0.010		11:0.097		16:0.080		9:0.080		15:0.097		7:0.097		2:0.013		8:0.080		6:0.010		1:0.080		3:0.010		17:0.080
The 199 Communcation Round: Method: fedavg
mnist: 89.32,	usps: 93.17,	svhn: 80.07,	syn: 43.23
Mean Accuracy: 76.448
Standard Deviation: 22.817


