fedavgheal_20_fl_digits_200_10
Counter({'syn': 5, 'mnist': 5, 'usps': 5, 'svhn': 5})
['syn' 'mnist' 'syn' 'usps' 'svhn' 'syn' 'usps' 'svhn' 'mnist' 'mnist'
 'usps' 'svhn' 'usps' 'usps' 'syn' 'svhn' 'mnist' 'mnist' 'syn' 'svhn']
0
[11, 1, 18, 17, 2, 12, 19, 16, 10, 0, 3, 4, 15, 8, 13, 9, 5, 14, 7, 6]
The 0 Communcation Round: Method: fedavgheal
mnist: 11.89,	usps: 13.15,	svhn: 18.8,	syn: 9.15
Mean Accuracy: 13.248
Standard Deviation: 4.061


1
[15, 13, 12, 5, 11, 2, 8, 6, 3, 17, 4, 10, 16, 18, 9, 1, 0, 7, 14, 19]
The 1 Communcation Round: Method: fedavgheal
mnist: 65.89,	usps: 38.12,	svhn: 13.3,	syn: 10.8
Mean Accuracy: 32.027
Standard Deviation: 25.724


2
[18, 0, 13, 2, 3, 17, 7, 12, 14, 16, 11, 10, 9, 15, 1, 19, 8, 6, 5, 4]
The 2 Communcation Round: Method: fedavgheal
mnist: 60.31,	usps: 44.15,	svhn: 18.3,	syn: 13.48
Mean Accuracy: 34.060
Standard Deviation: 22.082


3
[7, 1, 2, 19, 5, 18, 8, 17, 15, 16, 6, 13, 11, 4, 10, 9, 12, 3, 14, 0]
The 3 Communcation Round: Method: fedavgheal
mnist: 48.3,	usps: 40.06,	svhn: 20.28,	syn: 13.03
Mean Accuracy: 30.418
Standard Deviation: 16.511


4
[12, 6, 10, 8, 17, 7, 4, 2, 18, 11, 14, 0, 19, 9, 5, 1, 16, 13, 15, 3]
The 4 Communcation Round: Method: fedavgheal
mnist: 52.01,	usps: 53.16,	svhn: 20.44,	syn: 13.48
Mean Accuracy: 34.772
Standard Deviation: 20.769


5
[18, 14, 6, 4, 5, 3, 8, 1, 12, 17, 19, 11, 2, 10, 0, 15, 9, 7, 16, 13]
The 5 Communcation Round: Method: fedavgheal
mnist: 52.49,	usps: 56.55,	svhn: 24.66,	syn: 14.53
Mean Accuracy: 37.057
Standard Deviation: 20.650


6
[5, 18, 13, 16, 12, 11, 7, 0, 19, 2, 8, 6, 15, 4, 1, 10, 9, 14, 17, 3]
The 6 Communcation Round: Method: fedavgheal
mnist: 54.93,	usps: 65.07,	svhn: 25.89,	syn: 16.27
Mean Accuracy: 40.540
Standard Deviation: 23.184


7
[6, 1, 5, 9, 4, 12, 7, 15, 10, 16, 18, 19, 0, 11, 17, 14, 3, 2, 13, 8]
The 7 Communcation Round: Method: fedavgheal
mnist: 54.61,	usps: 67.21,	svhn: 31.91,	syn: 18.11
Mean Accuracy: 42.960
Standard Deviation: 22.086


8
[2, 16, 15, 17, 19, 1, 7, 5, 10, 18, 8, 9, 6, 12, 11, 13, 3, 4, 0, 14]
The 8 Communcation Round: Method: fedavgheal
mnist: 56.86,	usps: 73.74,	svhn: 35.92,	syn: 19.8
Mean Accuracy: 46.580
Standard Deviation: 23.623


9
[15, 13, 3, 10, 12, 2, 18, 16, 17, 7, 5, 6, 9, 14, 11, 4, 0, 8, 1, 19]
The 9 Communcation Round: Method: fedavgheal
mnist: 58.85,	usps: 74.29,	svhn: 41.98,	syn: 21.54
Mean Accuracy: 49.165
Standard Deviation: 22.656


10
[19, 9, 2, 4, 14, 8, 0, 11, 7, 5, 13, 16, 6, 18, 10, 17, 15, 3, 12, 1]
The 10 Communcation Round: Method: fedavgheal
mnist: 59.26,	usps: 75.39,	svhn: 50.12,	syn: 23.18
Mean Accuracy: 51.988
Standard Deviation: 21.863


11
[0, 17, 1, 16, 6, 12, 14, 10, 4, 13, 18, 7, 9, 3, 19, 2, 8, 15, 5, 11]
The 11 Communcation Round: Method: fedavgheal
mnist: 60.09,	usps: 77.98,	svhn: 54.99,	syn: 24.88
Mean Accuracy: 54.485
Standard Deviation: 22.062


12
[17, 13, 15, 8, 0, 6, 2, 4, 1, 5, 16, 7, 11, 10, 19, 18, 12, 14, 3, 9]
The 12 Communcation Round: Method: fedavgheal
mnist: 59.77,	usps: 79.07,	svhn: 59.93,	syn: 25.97
Mean Accuracy: 56.185
Standard Deviation: 22.087


13
[9, 16, 13, 19, 6, 7, 17, 3, 12, 10, 1, 8, 18, 15, 14, 5, 2, 11, 0, 4]
The 13 Communcation Round: Method: fedavgheal
mnist: 62.32,	usps: 80.77,	svhn: 63.71,	syn: 27.66
Mean Accuracy: 58.615
Standard Deviation: 22.277


14
[0, 14, 12, 6, 18, 17, 11, 8, 9, 10, 5, 15, 4, 13, 16, 2, 1, 19, 7, 3]
The 14 Communcation Round: Method: fedavgheal
mnist: 66.8,	usps: 81.91,	svhn: 66.12,	syn: 29.25
Mean Accuracy: 61.020
Standard Deviation: 22.399


15
[18, 3, 4, 19, 15, 17, 10, 8, 1, 0, 2, 12, 16, 5, 14, 13, 9, 11, 7, 6]
The 15 Communcation Round: Method: fedavgheal
mnist: 68.95,	usps: 83.51,	svhn: 68.27,	syn: 30.55
Mean Accuracy: 62.820
Standard Deviation: 22.633


16
[2, 5, 11, 6, 9, 15, 16, 12, 4, 17, 1, 10, 13, 7, 18, 19, 0, 14, 8, 3]
The 16 Communcation Round: Method: fedavgheal
mnist: 70.42,	usps: 83.26,	svhn: 68.85,	syn: 31.44
Mean Accuracy: 63.492
Standard Deviation: 22.322


17
[1, 13, 15, 9, 2, 6, 17, 18, 11, 12, 0, 5, 8, 7, 16, 19, 3, 4, 14, 10]
The 17 Communcation Round: Method: fedavgheal
mnist: 71.04,	usps: 85.3,	svhn: 69.61,	syn: 32.84
Mean Accuracy: 64.697
Standard Deviation: 22.388


18
[8, 15, 4, 13, 0, 19, 6, 1, 12, 16, 7, 11, 10, 5, 14, 18, 2, 9, 3, 17]
The 18 Communcation Round: Method: fedavgheal
mnist: 72.0,	usps: 85.65,	svhn: 71.3,	syn: 30.8
Mean Accuracy: 64.938
Standard Deviation: 23.698


19
[2, 4, 1, 19, 5, 11, 0, 18, 14, 8, 7, 15, 6, 16, 13, 12, 9, 10, 17, 3]
The 19 Communcation Round: Method: fedavgheal
mnist: 74.41,	usps: 85.8,	svhn: 72.67,	syn: 34.33
Mean Accuracy: 66.802
Standard Deviation: 22.418


20
[19, 10, 14, 1, 5, 18, 15, 11, 16, 13, 8, 0, 12, 2, 9, 4, 7, 17, 6, 3]
The 20 Communcation Round: Method: fedavgheal
mnist: 76.41,	usps: 86.3,	svhn: 73.11,	syn: 33.13
Mean Accuracy: 67.237
Standard Deviation: 23.419


21
[16, 12, 2, 10, 11, 18, 13, 14, 4, 8, 3, 0, 6, 15, 17, 9, 7, 19, 5, 1]
The 21 Communcation Round: Method: fedavgheal
mnist: 75.3,	usps: 87.64,	svhn: 74.32,	syn: 33.88
Mean Accuracy: 67.785
Standard Deviation: 23.402


22
[15, 9, 7, 5, 19, 2, 14, 12, 3, 6, 17, 11, 8, 13, 10, 0, 16, 18, 4, 1]
The 22 Communcation Round: Method: fedavgheal
mnist: 78.12,	usps: 88.34,	svhn: 75.02,	syn: 36.12
Mean Accuracy: 69.400
Standard Deviation: 22.905


23
[19, 9, 17, 13, 2, 15, 6, 5, 18, 16, 8, 7, 0, 14, 1, 10, 4, 12, 3, 11]
The 23 Communcation Round: Method: fedavgheal
mnist: 79.1,	usps: 88.54,	svhn: 75.58,	syn: 37.51
Mean Accuracy: 70.182
Standard Deviation: 22.458


24
[11, 10, 2, 17, 14, 12, 15, 18, 6, 8, 7, 19, 16, 5, 9, 3, 13, 0, 4, 1]
The 24 Communcation Round: Method: fedavgheal
mnist: 76.58,	usps: 88.09,	svhn: 75.94,	syn: 36.77
Mean Accuracy: 69.345
Standard Deviation: 22.423


25
[12, 10, 4, 6, 2, 1, 13, 15, 18, 8, 16, 17, 19, 3, 9, 14, 11, 5, 0, 7]
The 25 Communcation Round: Method: fedavgheal
mnist: 78.49,	usps: 89.29,	svhn: 76.88,	syn: 37.31
Mean Accuracy: 70.493
Standard Deviation: 22.798


26
[16, 5, 17, 7, 8, 10, 13, 3, 15, 4, 18, 2, 9, 11, 12, 1, 6, 19, 14, 0]
The 26 Communcation Round: Method: fedavgheal
mnist: 78.64,	usps: 88.74,	svhn: 76.84,	syn: 35.67
Mean Accuracy: 69.972
Standard Deviation: 23.460


27
[1, 0, 11, 5, 16, 8, 14, 19, 12, 6, 15, 10, 9, 3, 2, 7, 18, 13, 17, 4]
The 27 Communcation Round: Method: fedavgheal
mnist: 80.37,	usps: 90.08,	svhn: 77.38,	syn: 37.56
Mean Accuracy: 71.347
Standard Deviation: 23.168


28
[14, 17, 16, 18, 1, 4, 2, 3, 19, 12, 9, 5, 6, 7, 13, 11, 10, 0, 8, 15]
The 28 Communcation Round: Method: fedavgheal
mnist: 82.49,	usps: 90.48,	svhn: 77.72,	syn: 39.05
Mean Accuracy: 72.435
Standard Deviation: 22.871


29
[6, 15, 17, 7, 8, 18, 3, 10, 16, 11, 9, 0, 12, 1, 2, 13, 19, 4, 5, 14]
The 29 Communcation Round: Method: fedavgheal
mnist: 81.78,	usps: 89.74,	svhn: 78.12,	syn: 38.96
Mean Accuracy: 72.150
Standard Deviation: 22.652


30
[19, 18, 13, 16, 10, 7, 9, 4, 6, 8, 14, 11, 17, 12, 3, 15, 2, 5, 0, 1]
The 30 Communcation Round: Method: fedavgheal
mnist: 82.2,	usps: 90.23,	svhn: 77.58,	syn: 39.6
Mean Accuracy: 72.403
Standard Deviation: 22.484


31
[14, 8, 7, 12, 16, 10, 0, 2, 15, 3, 1, 11, 17, 19, 4, 9, 13, 18, 5, 6]
The 31 Communcation Round: Method: fedavgheal
mnist: 80.08,	usps: 90.63,	svhn: 77.84,	syn: 39.55
Mean Accuracy: 72.025
Standard Deviation: 22.357


32
[0, 18, 4, 13, 15, 2, 3, 9, 17, 7, 8, 16, 11, 14, 10, 12, 6, 19, 1, 5]
The 32 Communcation Round: Method: fedavgheal
mnist: 79.92,	usps: 90.53,	svhn: 78.04,	syn: 39.4
Mean Accuracy: 71.972
Standard Deviation: 22.400


33
[6, 12, 9, 11, 2, 10, 0, 7, 15, 16, 13, 18, 19, 8, 17, 1, 4, 5, 14, 3]
The 33 Communcation Round: Method: fedavgheal
mnist: 83.0,	usps: 90.33,	svhn: 78.1,	syn: 40.7
Mean Accuracy: 73.032
Standard Deviation: 22.133


34
[10, 5, 9, 19, 8, 13, 15, 3, 2, 0, 18, 6, 12, 17, 1, 4, 16, 14, 11, 7]
The 34 Communcation Round: Method: fedavgheal
mnist: 83.28,	usps: 91.18,	svhn: 78.58,	syn: 41.54
Mean Accuracy: 73.645
Standard Deviation: 22.026


35
[8, 16, 6, 13, 1, 17, 15, 10, 11, 19, 5, 18, 3, 7, 4, 2, 9, 12, 0, 14]
The 35 Communcation Round: Method: fedavgheal
mnist: 82.68,	usps: 91.18,	svhn: 78.88,	syn: 41.34
Mean Accuracy: 73.520
Standard Deviation: 22.061


36
[8, 5, 18, 9, 6, 15, 11, 12, 13, 19, 2, 16, 0, 4, 7, 1, 17, 10, 3, 14]
The 36 Communcation Round: Method: fedavgheal
mnist: 85.14,	usps: 91.88,	svhn: 78.96,	syn: 41.04
Mean Accuracy: 74.255
Standard Deviation: 22.763


37
[11, 14, 18, 15, 6, 16, 2, 17, 3, 13, 0, 7, 5, 1, 8, 12, 10, 9, 19, 4]
The 37 Communcation Round: Method: fedavgheal
mnist: 81.85,	usps: 91.83,	svhn: 78.38,	syn: 41.74
Mean Accuracy: 73.450
Standard Deviation: 21.895


38
[13, 4, 17, 1, 5, 9, 16, 14, 0, 6, 15, 3, 2, 19, 12, 11, 10, 7, 18, 8]
The 38 Communcation Round: Method: fedavgheal
mnist: 84.92,	usps: 91.38,	svhn: 79.08,	syn: 42.14
Mean Accuracy: 74.380
Standard Deviation: 22.073


39
[14, 12, 3, 16, 8, 5, 13, 7, 10, 15, 1, 19, 9, 4, 0, 17, 11, 6, 18, 2]
The 39 Communcation Round: Method: fedavgheal
mnist: 83.73,	usps: 91.08,	svhn: 78.76,	syn: 42.34
Mean Accuracy: 73.977
Standard Deviation: 21.690


40
[17, 7, 10, 1, 8, 4, 14, 0, 16, 9, 12, 3, 13, 15, 5, 2, 11, 18, 19, 6]
The 40 Communcation Round: Method: fedavgheal
mnist: 83.66,	usps: 91.98,	svhn: 79.31,	syn: 41.09
Mean Accuracy: 74.010
Standard Deviation: 22.567


41
[7, 2, 17, 16, 11, 1, 3, 10, 19, 14, 8, 0, 4, 6, 5, 9, 18, 13, 12, 15]
The 41 Communcation Round: Method: fedavgheal
mnist: 86.69,	usps: 92.28,	svhn: 78.93,	syn: 41.39
Mean Accuracy: 74.822
Standard Deviation: 22.951


42
[2, 16, 9, 8, 17, 15, 19, 11, 1, 13, 18, 14, 4, 5, 3, 6, 7, 0, 12, 10]
The 42 Communcation Round: Method: fedavgheal
mnist: 85.92,	usps: 92.08,	svhn: 79.49,	syn: 42.49
Mean Accuracy: 74.995
Standard Deviation: 22.271


43
[16, 2, 7, 11, 6, 18, 1, 14, 13, 8, 5, 12, 4, 9, 19, 0, 17, 3, 10, 15]
The 43 Communcation Round: Method: fedavgheal
mnist: 83.96,	usps: 92.08,	svhn: 79.19,	syn: 42.94
Mean Accuracy: 74.542
Standard Deviation: 21.730


44
[5, 16, 8, 13, 3, 17, 10, 9, 2, 18, 11, 12, 7, 19, 0, 4, 1, 14, 6, 15]
The 44 Communcation Round: Method: fedavgheal
mnist: 83.21,	usps: 91.63,	svhn: 80.03,	syn: 41.89
Mean Accuracy: 74.190
Standard Deviation: 22.082


45
[17, 10, 6, 1, 8, 12, 15, 16, 9, 19, 4, 5, 0, 11, 13, 18, 3, 2, 7, 14]
The 45 Communcation Round: Method: fedavgheal
mnist: 85.01,	usps: 92.38,	svhn: 79.19,	syn: 43.38
Mean Accuracy: 74.990
Standard Deviation: 21.754


46
[7, 0, 13, 18, 2, 17, 9, 12, 11, 10, 19, 3, 15, 14, 8, 6, 16, 5, 1, 4]
The 46 Communcation Round: Method: fedavgheal
mnist: 83.0,	usps: 91.78,	svhn: 80.04,	syn: 42.19
Mean Accuracy: 74.252
Standard Deviation: 21.949


47
[4, 13, 19, 12, 2, 6, 11, 9, 16, 7, 3, 0, 18, 5, 15, 14, 1, 10, 8, 17]
The 47 Communcation Round: Method: fedavgheal
mnist: 85.5,	usps: 92.13,	svhn: 79.79,	syn: 43.93
Mean Accuracy: 75.338
Standard Deviation: 21.537


48
[14, 17, 10, 4, 13, 19, 2, 8, 7, 1, 12, 3, 6, 18, 11, 0, 16, 9, 5, 15]
The 48 Communcation Round: Method: fedavgheal
mnist: 86.68,	usps: 91.98,	svhn: 79.85,	syn: 43.33
Mean Accuracy: 75.460
Standard Deviation: 21.988


49
[17, 19, 18, 7, 12, 0, 3, 14, 9, 11, 13, 16, 1, 4, 15, 6, 5, 10, 8, 2]
The 49 Communcation Round: Method: fedavgheal
mnist: 87.06,	usps: 91.88,	svhn: 80.44,	syn: 43.48
Mean Accuracy: 75.715
Standard Deviation: 21.996


50
[0, 19, 14, 10, 7, 8, 12, 5, 16, 6, 1, 18, 11, 13, 15, 3, 2, 17, 4, 9]
The 50 Communcation Round: Method: fedavgheal
mnist: 87.12,	usps: 92.03,	svhn: 80.14,	syn: 44.38
Mean Accuracy: 75.918
Standard Deviation: 21.584


51
[18, 12, 14, 6, 17, 8, 5, 7, 10, 9, 13, 0, 3, 1, 16, 11, 2, 15, 19, 4]
The 51 Communcation Round: Method: fedavgheal
mnist: 86.67,	usps: 91.78,	svhn: 79.84,	syn: 43.98
Mean Accuracy: 75.567
Standard Deviation: 21.619


52
[0, 19, 11, 15, 8, 1, 17, 12, 10, 6, 13, 4, 18, 7, 9, 5, 2, 14, 3, 16]
The 52 Communcation Round: Method: fedavgheal
mnist: 87.51,	usps: 92.28,	svhn: 79.87,	syn: 42.79
Mean Accuracy: 75.613
Standard Deviation: 22.471


53
[10, 8, 12, 18, 1, 16, 15, 17, 0, 7, 5, 19, 9, 2, 14, 11, 6, 4, 13, 3]
The 53 Communcation Round: Method: fedavgheal
mnist: 88.6,	usps: 92.33,	svhn: 80.04,	syn: 43.98
Mean Accuracy: 76.238
Standard Deviation: 22.112


54
[10, 6, 16, 19, 15, 18, 2, 4, 14, 17, 13, 7, 1, 3, 5, 12, 11, 8, 9, 0]
The 54 Communcation Round: Method: fedavgheal
mnist: 86.77,	usps: 92.13,	svhn: 80.41,	syn: 40.8
Mean Accuracy: 75.027
Standard Deviation: 23.316


55
[4, 10, 7, 9, 3, 17, 5, 12, 8, 6, 19, 18, 15, 16, 0, 14, 1, 2, 13, 11]
The 55 Communcation Round: Method: fedavgheal
mnist: 85.83,	usps: 92.63,	svhn: 79.83,	syn: 42.59
Mean Accuracy: 75.220
Standard Deviation: 22.373


56
[2, 7, 1, 11, 8, 14, 17, 6, 18, 13, 19, 10, 12, 9, 16, 3, 15, 5, 0, 4]
The 56 Communcation Round: Method: fedavgheal
mnist: 87.15,	usps: 93.37,	svhn: 80.14,	syn: 44.03
Mean Accuracy: 76.173
Standard Deviation: 22.099


57
[19, 13, 1, 3, 5, 4, 14, 6, 2, 16, 10, 9, 8, 18, 7, 12, 17, 15, 11, 0]
The 57 Communcation Round: Method: fedavgheal
mnist: 88.78,	usps: 93.32,	svhn: 80.24,	syn: 43.58
Mean Accuracy: 76.480
Standard Deviation: 22.594


58
[3, 5, 19, 6, 18, 8, 0, 9, 7, 10, 17, 1, 4, 2, 16, 14, 13, 11, 15, 12]
The 58 Communcation Round: Method: fedavgheal
mnist: 85.9,	usps: 93.07,	svhn: 79.48,	syn: 43.48
Mean Accuracy: 75.483
Standard Deviation: 22.045


59
[4, 1, 9, 3, 7, 19, 11, 15, 5, 13, 14, 8, 2, 10, 16, 12, 18, 0, 6, 17]
The 59 Communcation Round: Method: fedavgheal
mnist: 86.77,	usps: 93.42,	svhn: 79.68,	syn: 42.49
Mean Accuracy: 75.590
Standard Deviation: 22.769


60
[19, 8, 12, 17, 0, 14, 15, 13, 11, 2, 6, 18, 5, 3, 1, 4, 10, 16, 7, 9]
The 60 Communcation Round: Method: fedavgheal
mnist: 85.77,	usps: 92.43,	svhn: 80.27,	syn: 43.48
Mean Accuracy: 75.487
Standard Deviation: 21.910


61
[11, 18, 12, 6, 17, 8, 5, 4, 2, 0, 13, 14, 9, 7, 3, 1, 10, 16, 15, 19]
The 61 Communcation Round: Method: fedavgheal
mnist: 89.64,	usps: 93.07,	svhn: 80.25,	syn: 43.73
Mean Accuracy: 76.672
Standard Deviation: 22.620


62
[16, 6, 13, 19, 3, 15, 11, 4, 9, 7, 17, 0, 12, 1, 18, 10, 2, 8, 14, 5]
The 62 Communcation Round: Method: fedavgheal
mnist: 87.71,	usps: 92.92,	svhn: 79.62,	syn: 44.18
Mean Accuracy: 76.108
Standard Deviation: 21.977


63
[3, 8, 12, 10, 6, 1, 11, 19, 16, 14, 9, 4, 2, 7, 17, 15, 5, 18, 13, 0]
The 63 Communcation Round: Method: fedavgheal
mnist: 88.56,	usps: 93.42,	svhn: 79.16,	syn: 44.53
Mean Accuracy: 76.417
Standard Deviation: 22.067


64
[13, 5, 10, 12, 8, 7, 18, 4, 6, 11, 17, 15, 2, 19, 9, 1, 0, 16, 3, 14]
The 64 Communcation Round: Method: fedavgheal
mnist: 87.68,	usps: 93.82,	svhn: 79.89,	syn: 44.08
Mean Accuracy: 76.367
Standard Deviation: 22.267


65
[2, 7, 4, 0, 19, 11, 5, 10, 9, 15, 1, 8, 17, 16, 13, 14, 3, 12, 6, 18]
The 65 Communcation Round: Method: fedavgheal
mnist: 88.97,	usps: 93.52,	svhn: 80.0,	syn: 43.73
Mean Accuracy: 76.555
Standard Deviation: 22.593


66
[8, 5, 15, 6, 12, 19, 9, 14, 3, 17, 13, 1, 11, 2, 4, 0, 16, 18, 10, 7]
The 66 Communcation Round: Method: fedavgheal
mnist: 89.0,	usps: 93.72,	svhn: 79.19,	syn: 44.03
Mean Accuracy: 76.485
Standard Deviation: 22.467


67
[7, 14, 9, 6, 11, 8, 5, 17, 13, 3, 18, 2, 15, 12, 19, 16, 10, 4, 1, 0]
The 67 Communcation Round: Method: fedavgheal
mnist: 87.47,	usps: 93.57,	svhn: 80.1,	syn: 44.03
Mean Accuracy: 76.292
Standard Deviation: 22.202


68
[12, 13, 6, 5, 9, 19, 1, 11, 4, 17, 15, 14, 7, 0, 16, 8, 3, 2, 18, 10]
The 68 Communcation Round: Method: fedavgheal
mnist: 90.37,	usps: 93.62,	svhn: 80.26,	syn: 43.78
Mean Accuracy: 77.007
Standard Deviation: 22.870


69
[1, 6, 9, 11, 17, 2, 16, 0, 13, 18, 10, 12, 19, 7, 14, 3, 5, 4, 15, 8]
The 69 Communcation Round: Method: fedavgheal
mnist: 88.62,	usps: 93.77,	svhn: 79.87,	syn: 43.88
Mean Accuracy: 76.535
Standard Deviation: 22.513


70
[6, 9, 1, 5, 2, 3, 11, 19, 13, 12, 14, 18, 17, 16, 0, 10, 4, 15, 8, 7]
The 70 Communcation Round: Method: fedavgheal
mnist: 90.4,	usps: 93.62,	svhn: 80.02,	syn: 43.08
Mean Accuracy: 76.780
Standard Deviation: 23.204


71
[6, 3, 14, 15, 11, 8, 0, 19, 10, 12, 4, 2, 18, 1, 7, 9, 5, 16, 13, 17]
The 71 Communcation Round: Method: fedavgheal
mnist: 88.42,	usps: 93.42,	svhn: 80.18,	syn: 43.58
Mean Accuracy: 76.400
Standard Deviation: 22.551


72
[10, 6, 12, 8, 17, 11, 0, 15, 2, 4, 9, 14, 13, 19, 7, 18, 1, 5, 3, 16]
The 72 Communcation Round: Method: fedavgheal
mnist: 87.86,	usps: 94.12,	svhn: 80.22,	syn: 44.18
Mean Accuracy: 76.595
Standard Deviation: 22.345


73
[17, 7, 1, 14, 9, 6, 5, 13, 2, 12, 18, 4, 0, 15, 8, 3, 11, 10, 19, 16]
The 73 Communcation Round: Method: fedavgheal
mnist: 90.72,	usps: 93.17,	svhn: 80.15,	syn: 44.28
Mean Accuracy: 77.080
Standard Deviation: 22.585


74
[9, 17, 15, 10, 6, 4, 3, 19, 8, 13, 16, 18, 5, 14, 2, 0, 1, 11, 12, 7]
The 74 Communcation Round: Method: fedavgheal
mnist: 88.96,	usps: 93.72,	svhn: 80.01,	syn: 43.78
Mean Accuracy: 76.618
Standard Deviation: 22.617


75
[2, 11, 17, 8, 4, 12, 3, 15, 7, 18, 9, 19, 1, 6, 14, 0, 13, 10, 5, 16]
The 75 Communcation Round: Method: fedavgheal
mnist: 89.28,	usps: 94.02,	svhn: 80.18,	syn: 44.93
Mean Accuracy: 77.103
Standard Deviation: 22.204


76
[0, 1, 12, 8, 11, 3, 9, 15, 18, 16, 2, 7, 19, 14, 4, 5, 10, 6, 17, 13]
The 76 Communcation Round: Method: fedavgheal
mnist: 88.68,	usps: 94.37,	svhn: 80.01,	syn: 43.98
Mean Accuracy: 76.760
Standard Deviation: 22.637


77
[10, 6, 13, 17, 11, 12, 15, 18, 3, 2, 14, 0, 4, 9, 19, 5, 7, 8, 1, 16]
The 77 Communcation Round: Method: fedavgheal
mnist: 90.03,	usps: 93.62,	svhn: 80.29,	syn: 44.23
Mean Accuracy: 77.043
Standard Deviation: 22.588


78
[2, 14, 13, 11, 7, 19, 6, 10, 3, 16, 12, 18, 9, 8, 15, 1, 0, 4, 17, 5]
The 78 Communcation Round: Method: fedavgheal
mnist: 88.15,	usps: 93.82,	svhn: 79.55,	syn: 43.53
Mean Accuracy: 76.262
Standard Deviation: 22.596


79
[4, 11, 10, 7, 13, 6, 9, 16, 0, 17, 3, 19, 2, 15, 5, 8, 12, 14, 18, 1]
The 79 Communcation Round: Method: fedavgheal
mnist: 86.62,	usps: 93.72,	svhn: 79.63,	syn: 43.03
Mean Accuracy: 75.750
Standard Deviation: 22.559


80
[11, 12, 5, 1, 19, 16, 8, 7, 10, 6, 18, 0, 9, 2, 14, 3, 15, 13, 4, 17]
The 80 Communcation Round: Method: fedavgheal
mnist: 85.48,	usps: 94.17,	svhn: 79.07,	syn: 43.28
Mean Accuracy: 75.500
Standard Deviation: 22.354


81
[10, 4, 6, 9, 13, 17, 3, 5, 16, 8, 19, 0, 14, 2, 7, 11, 15, 12, 18, 1]
The 81 Communcation Round: Method: fedavgheal
mnist: 86.69,	usps: 93.72,	svhn: 79.06,	syn: 44.23
Mean Accuracy: 75.925
Standard Deviation: 21.962


82
[5, 0, 7, 15, 2, 13, 3, 18, 9, 12, 19, 6, 11, 10, 1, 17, 8, 14, 16, 4]
The 82 Communcation Round: Method: fedavgheal
mnist: 90.12,	usps: 94.27,	svhn: 79.26,	syn: 43.88
Mean Accuracy: 76.882
Standard Deviation: 22.894


83
[2, 15, 16, 4, 1, 17, 19, 10, 8, 7, 3, 5, 12, 13, 9, 11, 18, 6, 14, 0]
The 83 Communcation Round: Method: fedavgheal
mnist: 89.66,	usps: 94.02,	svhn: 79.27,	syn: 43.38
Mean Accuracy: 76.582
Standard Deviation: 22.983


84
[3, 11, 13, 5, 9, 4, 8, 15, 18, 12, 14, 16, 1, 2, 6, 7, 0, 17, 19, 10]
The 84 Communcation Round: Method: fedavgheal
mnist: 88.85,	usps: 94.67,	svhn: 79.16,	syn: 43.43
Mean Accuracy: 76.527
Standard Deviation: 22.974


85
[0, 11, 14, 13, 9, 8, 15, 12, 1, 17, 2, 10, 16, 7, 4, 5, 3, 19, 6, 18]
The 85 Communcation Round: Method: fedavgheal
mnist: 89.55,	usps: 93.82,	svhn: 79.26,	syn: 43.33
Mean Accuracy: 76.490
Standard Deviation: 22.936


86
[8, 1, 12, 2, 7, 18, 6, 11, 16, 10, 19, 9, 14, 13, 17, 5, 15, 4, 3, 0]
The 86 Communcation Round: Method: fedavgheal
mnist: 88.09,	usps: 93.87,	svhn: 78.9,	syn: 42.99
Mean Accuracy: 75.963
Standard Deviation: 22.830


87
[8, 3, 15, 9, 19, 4, 0, 13, 5, 14, 18, 17, 7, 1, 16, 2, 11, 12, 6, 10]
The 87 Communcation Round: Method: fedavgheal
mnist: 88.57,	usps: 94.02,	svhn: 79.24,	syn: 44.08
Mean Accuracy: 76.477
Standard Deviation: 22.444


88
[0, 18, 17, 12, 14, 1, 19, 10, 3, 6, 11, 9, 16, 5, 8, 13, 7, 2, 4, 15]
The 88 Communcation Round: Method: fedavgheal
mnist: 88.74,	usps: 94.32,	svhn: 79.3,	syn: 44.18
Mean Accuracy: 76.635
Standard Deviation: 22.507


89
[6, 4, 0, 11, 16, 14, 15, 9, 5, 13, 19, 12, 10, 7, 17, 2, 3, 1, 8, 18]
The 89 Communcation Round: Method: fedavgheal
mnist: 86.01,	usps: 93.87,	svhn: 80.44,	syn: 43.53
Mean Accuracy: 75.963
Standard Deviation: 22.313


90
[3, 9, 6, 2, 4, 13, 14, 12, 15, 0, 19, 16, 11, 7, 10, 1, 8, 5, 18, 17]
The 90 Communcation Round: Method: fedavgheal
mnist: 89.32,	usps: 94.47,	svhn: 80.09,	syn: 43.28
Mean Accuracy: 76.790
Standard Deviation: 23.118


91
[0, 9, 2, 11, 13, 6, 5, 14, 1, 15, 16, 19, 17, 4, 7, 10, 3, 12, 18, 8]
The 91 Communcation Round: Method: fedavgheal
mnist: 89.48,	usps: 94.62,	svhn: 79.12,	syn: 43.78
Mean Accuracy: 76.750
Standard Deviation: 22.906


92
[3, 19, 6, 4, 17, 12, 18, 0, 8, 5, 9, 16, 15, 11, 1, 2, 13, 10, 7, 14]
The 92 Communcation Round: Method: fedavgheal
mnist: 88.29,	usps: 94.57,	svhn: 80.05,	syn: 45.57
Mean Accuracy: 77.120
Standard Deviation: 21.858


93
[19, 18, 5, 3, 9, 6, 16, 13, 7, 15, 2, 11, 14, 0, 10, 1, 12, 17, 4, 8]
The 93 Communcation Round: Method: fedavgheal
mnist: 90.95,	usps: 94.92,	svhn: 78.58,	syn: 44.28
Mean Accuracy: 77.183
Standard Deviation: 23.012


94
[10, 5, 8, 2, 14, 15, 11, 19, 7, 17, 1, 12, 18, 4, 6, 13, 0, 16, 3, 9]
The 94 Communcation Round: Method: fedavgheal
mnist: 89.15,	usps: 94.77,	svhn: 79.81,	syn: 45.27
Mean Accuracy: 77.250
Standard Deviation: 22.195


95
[0, 16, 15, 17, 18, 14, 2, 8, 3, 9, 13, 10, 12, 19, 7, 5, 11, 4, 1, 6]
The 95 Communcation Round: Method: fedavgheal
mnist: 89.24,	usps: 94.27,	svhn: 79.59,	syn: 44.78
Mean Accuracy: 76.970
Standard Deviation: 22.308


96
[16, 17, 8, 18, 3, 19, 5, 2, 4, 10, 6, 1, 14, 7, 0, 9, 11, 12, 15, 13]
The 96 Communcation Round: Method: fedavgheal
mnist: 89.08,	usps: 94.17,	svhn: 80.02,	syn: 44.58
Mean Accuracy: 76.962
Standard Deviation: 22.367


97
[18, 8, 7, 16, 5, 0, 1, 9, 3, 19, 14, 10, 13, 2, 4, 6, 15, 11, 12, 17]
The 97 Communcation Round: Method: fedavgheal
mnist: 89.54,	usps: 94.02,	svhn: 80.35,	syn: 44.48
Mean Accuracy: 77.097
Standard Deviation: 22.477


98
[15, 11, 17, 13, 3, 1, 6, 7, 5, 18, 10, 0, 16, 12, 4, 8, 14, 19, 2, 9]
The 98 Communcation Round: Method: fedavgheal
mnist: 89.41,	usps: 94.27,	svhn: 80.39,	syn: 44.83
Mean Accuracy: 77.225
Standard Deviation: 22.349


99
[6, 2, 4, 13, 11, 12, 0, 8, 9, 16, 15, 14, 7, 1, 17, 5, 3, 10, 18, 19]
The 99 Communcation Round: Method: fedavgheal
mnist: 89.68,	usps: 94.92,	svhn: 80.32,	syn: 44.48
Mean Accuracy: 77.350
Standard Deviation: 22.730


100
[16, 14, 0, 15, 2, 5, 6, 1, 17, 19, 13, 4, 8, 7, 10, 18, 3, 11, 9, 12]
The 100 Communcation Round: Method: fedavgheal
mnist: 89.83,	usps: 94.67,	svhn: 79.89,	syn: 44.13
Mean Accuracy: 77.130
Standard Deviation: 22.844


101
[2, 11, 15, 14, 0, 12, 8, 4, 17, 7, 1, 5, 9, 19, 13, 10, 18, 16, 3, 6]
The 101 Communcation Round: Method: fedavgheal
mnist: 89.37,	usps: 94.77,	svhn: 80.12,	syn: 43.68
Mean Accuracy: 76.985
Standard Deviation: 23.013


102
[3, 13, 12, 16, 17, 19, 15, 14, 10, 7, 8, 4, 9, 5, 18, 1, 0, 2, 6, 11]
The 102 Communcation Round: Method: fedavgheal
mnist: 91.2,	usps: 95.32,	svhn: 78.77,	syn: 43.08
Mean Accuracy: 77.092
Standard Deviation: 23.741


103
[4, 17, 0, 2, 8, 12, 1, 3, 13, 6, 9, 16, 5, 15, 14, 19, 7, 11, 10, 18]
The 103 Communcation Round: Method: fedavgheal
mnist: 87.52,	usps: 94.62,	svhn: 80.08,	syn: 44.68
Mean Accuracy: 76.725
Standard Deviation: 22.173


104
[6, 15, 3, 11, 14, 19, 8, 13, 0, 2, 10, 4, 18, 16, 7, 9, 12, 1, 5, 17]
The 104 Communcation Round: Method: fedavgheal
mnist: 89.08,	usps: 94.57,	svhn: 80.17,	syn: 44.43
Mean Accuracy: 77.062
Standard Deviation: 22.550


105
[15, 7, 0, 17, 16, 11, 9, 19, 18, 5, 2, 3, 14, 12, 8, 13, 10, 1, 6, 4]
The 105 Communcation Round: Method: fedavgheal
mnist: 88.9,	usps: 94.52,	svhn: 80.29,	syn: 43.53
Mean Accuracy: 76.810
Standard Deviation: 22.945


106
[0, 8, 19, 13, 4, 17, 9, 14, 10, 1, 18, 6, 2, 12, 15, 11, 16, 7, 5, 3]
The 106 Communcation Round: Method: fedavgheal
mnist: 91.0,	usps: 94.67,	svhn: 79.32,	syn: 43.58
Mean Accuracy: 77.142
Standard Deviation: 23.313


107
[9, 7, 6, 11, 16, 5, 8, 4, 14, 10, 2, 1, 19, 13, 3, 15, 17, 18, 12, 0]
The 107 Communcation Round: Method: fedavgheal
mnist: 90.67,	usps: 94.72,	svhn: 79.76,	syn: 44.68
Mean Accuracy: 77.457
Standard Deviation: 22.747


108
[10, 7, 4, 11, 0, 8, 14, 3, 16, 2, 17, 5, 12, 18, 13, 6, 9, 19, 1, 15]
The 108 Communcation Round: Method: fedavgheal
mnist: 90.97,	usps: 94.97,	svhn: 79.01,	syn: 43.48
Mean Accuracy: 77.108
Standard Deviation: 23.421


109
[0, 7, 18, 1, 3, 14, 10, 4, 9, 13, 11, 2, 5, 19, 15, 16, 8, 12, 6, 17]
The 109 Communcation Round: Method: fedavgheal
mnist: 89.76,	usps: 94.32,	svhn: 80.34,	syn: 44.63
Mean Accuracy: 77.262
Standard Deviation: 22.520


110
[13, 12, 1, 0, 15, 18, 5, 10, 7, 4, 6, 19, 14, 2, 9, 11, 16, 3, 8, 17]
The 110 Communcation Round: Method: fedavgheal
mnist: 88.89,	usps: 93.97,	svhn: 80.65,	syn: 44.73
Mean Accuracy: 77.060
Standard Deviation: 22.241


111
[19, 12, 6, 13, 2, 9, 18, 3, 8, 7, 16, 0, 17, 4, 10, 14, 5, 11, 1, 15]
The 111 Communcation Round: Method: fedavgheal
mnist: 90.34,	usps: 94.37,	svhn: 80.14,	syn: 44.63
Mean Accuracy: 77.370
Standard Deviation: 22.633


112
[0, 5, 10, 9, 17, 16, 7, 2, 19, 15, 12, 1, 13, 14, 4, 3, 11, 6, 8, 18]
The 112 Communcation Round: Method: fedavgheal
mnist: 85.98,	usps: 93.77,	svhn: 80.37,	syn: 43.48
Mean Accuracy: 75.900
Standard Deviation: 22.301


113
[11, 10, 2, 16, 6, 4, 1, 17, 12, 8, 13, 18, 5, 14, 19, 0, 15, 9, 3, 7]
The 113 Communcation Round: Method: fedavgheal
mnist: 89.22,	usps: 94.47,	svhn: 80.3,	syn: 44.23
Mean Accuracy: 77.055
Standard Deviation: 22.652


114
[14, 9, 1, 18, 0, 3, 17, 6, 5, 7, 12, 8, 13, 4, 10, 15, 11, 19, 16, 2]
The 114 Communcation Round: Method: fedavgheal
mnist: 88.14,	usps: 94.52,	svhn: 80.42,	syn: 45.32
Mean Accuracy: 77.100
Standard Deviation: 21.957


115
[18, 10, 13, 15, 14, 16, 17, 0, 2, 5, 3, 4, 8, 19, 12, 7, 11, 1, 9, 6]
The 115 Communcation Round: Method: fedavgheal
mnist: 89.2,	usps: 94.57,	svhn: 81.17,	syn: 45.12
Mean Accuracy: 77.515
Standard Deviation: 22.288


116
[19, 17, 7, 14, 4, 6, 15, 2, 18, 0, 16, 12, 11, 10, 5, 1, 9, 3, 8, 13]
The 116 Communcation Round: Method: fedavgheal
mnist: 87.62,	usps: 94.82,	svhn: 80.21,	syn: 43.88
Mean Accuracy: 76.632
Standard Deviation: 22.635


117
[2, 3, 17, 13, 0, 19, 1, 9, 14, 16, 12, 5, 7, 6, 18, 10, 8, 15, 11, 4]
The 117 Communcation Round: Method: fedavgheal
mnist: 89.96,	usps: 94.72,	svhn: 80.35,	syn: 44.43
Mean Accuracy: 77.365
Standard Deviation: 22.756


118
[14, 10, 4, 16, 1, 15, 18, 13, 11, 19, 8, 5, 12, 3, 17, 2, 7, 6, 0, 9]
The 118 Communcation Round: Method: fedavgheal
mnist: 89.1,	usps: 95.37,	svhn: 80.34,	syn: 45.17
Mean Accuracy: 77.495
Standard Deviation: 22.414


119
[1, 9, 17, 8, 5, 12, 2, 15, 14, 0, 13, 16, 3, 19, 11, 4, 6, 10, 18, 7]
The 119 Communcation Round: Method: fedavgheal
mnist: 87.89,	usps: 94.87,	svhn: 80.28,	syn: 44.53
Mean Accuracy: 76.892
Standard Deviation: 22.383


120
[17, 6, 4, 14, 0, 7, 10, 3, 1, 2, 13, 18, 11, 19, 15, 12, 16, 8, 5, 9]
The 120 Communcation Round: Method: fedavgheal
mnist: 88.84,	usps: 94.67,	svhn: 80.58,	syn: 44.28
Mean Accuracy: 77.093
Standard Deviation: 22.626


121
[18, 10, 2, 19, 9, 14, 17, 11, 16, 13, 15, 8, 6, 1, 5, 12, 4, 3, 7, 0]
The 121 Communcation Round: Method: fedavgheal
mnist: 91.26,	usps: 94.92,	svhn: 80.27,	syn: 43.53
Mean Accuracy: 77.495
Standard Deviation: 23.484


122
[1, 15, 10, 9, 13, 4, 18, 17, 19, 11, 6, 14, 7, 16, 5, 0, 8, 3, 2, 12]
The 122 Communcation Round: Method: fedavgheal
mnist: 91.4,	usps: 94.97,	svhn: 80.14,	syn: 44.43
Mean Accuracy: 77.735
Standard Deviation: 23.085


123
[7, 2, 19, 8, 11, 9, 3, 15, 14, 18, 13, 4, 1, 10, 0, 5, 16, 17, 12, 6]
The 123 Communcation Round: Method: fedavgheal
mnist: 90.92,	usps: 94.67,	svhn: 79.87,	syn: 45.27
Mean Accuracy: 77.683
Standard Deviation: 22.503


124
[3, 9, 17, 11, 13, 7, 12, 6, 8, 10, 19, 1, 0, 15, 16, 2, 4, 14, 5, 18]
The 124 Communcation Round: Method: fedavgheal
mnist: 88.67,	usps: 94.97,	svhn: 80.45,	syn: 44.38
Mean Accuracy: 77.117
Standard Deviation: 22.620


125
[6, 8, 13, 0, 4, 14, 19, 9, 12, 11, 2, 3, 17, 7, 1, 5, 15, 10, 16, 18]
The 125 Communcation Round: Method: fedavgheal
mnist: 90.6,	usps: 94.92,	svhn: 81.12,	syn: 43.88
Mean Accuracy: 77.630
Standard Deviation: 23.226


126
[19, 3, 9, 18, 11, 8, 0, 15, 2, 1, 5, 10, 13, 4, 6, 14, 17, 16, 12, 7]
The 126 Communcation Round: Method: fedavgheal
mnist: 86.15,	usps: 94.77,	svhn: 80.96,	syn: 44.13
Mean Accuracy: 76.502
Standard Deviation: 22.321


127
[14, 3, 7, 17, 10, 16, 0, 2, 8, 18, 6, 4, 12, 15, 1, 9, 19, 11, 13, 5]
The 127 Communcation Round: Method: fedavgheal
mnist: 88.22,	usps: 94.92,	svhn: 80.07,	syn: 44.63
Mean Accuracy: 76.960
Standard Deviation: 22.392


128
[12, 8, 14, 17, 3, 16, 2, 7, 9, 11, 10, 4, 19, 0, 5, 13, 18, 15, 1, 6]
The 128 Communcation Round: Method: fedavgheal
mnist: 89.31,	usps: 95.02,	svhn: 80.9,	syn: 44.58
Mean Accuracy: 77.453
Standard Deviation: 22.669


129
[0, 3, 4, 18, 14, 12, 1, 6, 2, 5, 19, 17, 15, 9, 8, 13, 10, 11, 7, 16]
The 129 Communcation Round: Method: fedavgheal
mnist: 87.92,	usps: 95.07,	svhn: 81.32,	syn: 43.73
Mean Accuracy: 77.010
Standard Deviation: 22.886


130
[6, 2, 13, 5, 19, 15, 8, 7, 12, 17, 18, 9, 10, 0, 1, 4, 3, 16, 11, 14]
The 130 Communcation Round: Method: fedavgheal
mnist: 86.94,	usps: 94.42,	svhn: 82.16,	syn: 45.02
Mean Accuracy: 77.135
Standard Deviation: 21.996


131
[5, 12, 7, 10, 15, 16, 3, 9, 0, 2, 4, 8, 1, 17, 13, 6, 18, 14, 19, 11]
The 131 Communcation Round: Method: fedavgheal
mnist: 89.34,	usps: 95.07,	svhn: 80.72,	syn: 44.98
Mean Accuracy: 77.528
Standard Deviation: 22.486


132
[3, 0, 6, 5, 9, 15, 12, 7, 8, 11, 2, 16, 10, 17, 4, 1, 13, 18, 19, 14]
The 132 Communcation Round: Method: fedavgheal
mnist: 91.18,	usps: 95.12,	svhn: 80.19,	syn: 44.08
Mean Accuracy: 77.642
Standard Deviation: 23.250


133
[10, 3, 15, 2, 4, 0, 6, 7, 16, 8, 1, 18, 11, 17, 19, 5, 12, 14, 9, 13]
The 133 Communcation Round: Method: fedavgheal
mnist: 89.79,	usps: 94.57,	svhn: 80.92,	syn: 44.83
Mean Accuracy: 77.528
Standard Deviation: 22.520


134
[18, 0, 13, 2, 16, 4, 14, 3, 7, 8, 10, 1, 6, 5, 9, 15, 11, 17, 12, 19]
The 134 Communcation Round: Method: fedavgheal
mnist: 88.33,	usps: 95.22,	svhn: 79.91,	syn: 44.08
Mean Accuracy: 76.885
Standard Deviation: 22.748


135
[13, 18, 3, 5, 4, 14, 1, 12, 19, 8, 9, 15, 2, 6, 7, 10, 0, 16, 17, 11]
The 135 Communcation Round: Method: fedavgheal
mnist: 87.9,	usps: 95.07,	svhn: 79.82,	syn: 44.83
Mean Accuracy: 76.905
Standard Deviation: 22.272


136
[8, 15, 7, 13, 0, 16, 2, 10, 4, 17, 3, 12, 9, 6, 5, 19, 1, 11, 18, 14]
The 136 Communcation Round: Method: fedavgheal
mnist: 89.75,	usps: 95.12,	svhn: 79.96,	syn: 44.18
Mean Accuracy: 77.252
Standard Deviation: 22.924


137
[16, 4, 8, 11, 17, 18, 9, 7, 0, 1, 19, 12, 6, 2, 15, 10, 13, 5, 3, 14]
The 137 Communcation Round: Method: fedavgheal
mnist: 91.05,	usps: 95.37,	svhn: 78.68,	syn: 44.53
Mean Accuracy: 77.407
Standard Deviation: 23.031


138
[2, 17, 1, 3, 0, 14, 16, 7, 4, 15, 12, 5, 11, 18, 10, 8, 6, 13, 19, 9]
The 138 Communcation Round: Method: fedavgheal
mnist: 89.03,	usps: 95.17,	svhn: 79.94,	syn: 43.58
Mean Accuracy: 76.930
Standard Deviation: 23.097


139
[16, 7, 14, 17, 19, 0, 10, 15, 1, 12, 13, 18, 9, 2, 11, 8, 5, 4, 3, 6]
The 139 Communcation Round: Method: fedavgheal
mnist: 90.42,	usps: 95.22,	svhn: 80.54,	syn: 45.12
Mean Accuracy: 77.825
Standard Deviation: 22.644


140
[13, 0, 8, 6, 19, 3, 5, 14, 1, 9, 11, 16, 12, 17, 7, 10, 4, 2, 18, 15]
The 140 Communcation Round: Method: fedavgheal
mnist: 89.08,	usps: 94.37,	svhn: 80.64,	syn: 44.88
Mean Accuracy: 77.242
Standard Deviation: 22.304


141
[4, 5, 3, 12, 10, 19, 7, 17, 1, 8, 6, 16, 15, 14, 13, 2, 9, 11, 0, 18]
The 141 Communcation Round: Method: fedavgheal
mnist: 89.8,	usps: 95.17,	svhn: 80.51,	syn: 44.83
Mean Accuracy: 77.578
Standard Deviation: 22.656


142
[2, 11, 3, 0, 17, 10, 7, 15, 4, 1, 19, 6, 18, 13, 8, 12, 14, 9, 5, 16]
The 142 Communcation Round: Method: fedavgheal
mnist: 90.58,	usps: 94.87,	svhn: 80.32,	syn: 44.48
Mean Accuracy: 77.562
Standard Deviation: 22.884


143
[19, 11, 12, 5, 16, 13, 8, 3, 2, 4, 14, 7, 0, 15, 6, 10, 18, 17, 1, 9]
The 143 Communcation Round: Method: fedavgheal
mnist: 90.71,	usps: 95.22,	svhn: 80.64,	syn: 44.33
Mean Accuracy: 77.725
Standard Deviation: 23.083


144
[6, 10, 12, 13, 9, 1, 15, 18, 8, 19, 17, 7, 5, 0, 3, 14, 11, 16, 2, 4]
The 144 Communcation Round: Method: fedavgheal
mnist: 87.46,	usps: 94.72,	svhn: 80.29,	syn: 43.08
Mean Accuracy: 76.388
Standard Deviation: 22.973


145
[18, 12, 10, 9, 19, 11, 3, 6, 14, 16, 2, 17, 4, 8, 13, 7, 0, 5, 1, 15]
The 145 Communcation Round: Method: fedavgheal
mnist: 89.74,	usps: 95.32,	svhn: 79.42,	syn: 43.43
Mean Accuracy: 76.978
Standard Deviation: 23.315


146
[11, 1, 14, 9, 17, 3, 19, 4, 15, 18, 2, 5, 0, 6, 7, 8, 10, 16, 13, 12]
The 146 Communcation Round: Method: fedavgheal
mnist: 91.17,	usps: 95.52,	svhn: 80.01,	syn: 44.03
Mean Accuracy: 77.683
Standard Deviation: 23.367


147
[1, 5, 16, 11, 4, 0, 10, 2, 13, 15, 14, 6, 3, 17, 12, 7, 19, 9, 8, 18]
The 147 Communcation Round: Method: fedavgheal
mnist: 89.67,	usps: 95.37,	svhn: 79.96,	syn: 44.03
Mean Accuracy: 77.257
Standard Deviation: 23.047


148
[19, 8, 6, 14, 9, 12, 15, 16, 1, 11, 13, 3, 17, 7, 18, 4, 5, 10, 2, 0]
The 148 Communcation Round: Method: fedavgheal
mnist: 88.45,	usps: 95.12,	svhn: 79.89,	syn: 43.88
Mean Accuracy: 76.835
Standard Deviation: 22.837


149
[19, 1, 11, 12, 18, 8, 5, 2, 0, 15, 7, 3, 13, 9, 6, 16, 4, 10, 14, 17]
The 149 Communcation Round: Method: fedavgheal
mnist: 88.58,	usps: 95.07,	svhn: 79.63,	syn: 42.84
Mean Accuracy: 76.530
Standard Deviation: 23.335


150
[8, 3, 13, 14, 2, 18, 6, 4, 15, 0, 17, 12, 9, 11, 1, 7, 16, 10, 19, 5]
The 150 Communcation Round: Method: fedavgheal
mnist: 91.5,	usps: 94.82,	svhn: 79.36,	syn: 43.73
Mean Accuracy: 77.353
Standard Deviation: 23.379


151
[3, 10, 8, 18, 0, 7, 9, 6, 1, 4, 16, 14, 13, 19, 17, 2, 5, 12, 15, 11]
The 151 Communcation Round: Method: fedavgheal
mnist: 90.84,	usps: 95.12,	svhn: 79.08,	syn: 43.08
Mean Accuracy: 77.030
Standard Deviation: 23.627


152
[11, 3, 7, 18, 1, 14, 16, 5, 17, 19, 13, 12, 10, 0, 8, 9, 4, 6, 15, 2]
The 152 Communcation Round: Method: fedavgheal
mnist: 91.72,	usps: 95.17,	svhn: 78.56,	syn: 44.03
Mean Accuracy: 77.370
Standard Deviation: 23.350


153
[6, 7, 12, 14, 4, 18, 0, 10, 1, 16, 9, 19, 8, 15, 13, 17, 11, 3, 2, 5]
The 153 Communcation Round: Method: fedavgheal
mnist: 89.33,	usps: 94.57,	svhn: 80.6,	syn: 43.63
Mean Accuracy: 77.032
Standard Deviation: 23.002


154
[7, 18, 9, 5, 2, 8, 19, 10, 14, 1, 16, 12, 3, 11, 17, 6, 4, 0, 13, 15]
The 154 Communcation Round: Method: fedavgheal
mnist: 90.72,	usps: 95.17,	svhn: 79.61,	syn: 44.28
Mean Accuracy: 77.445
Standard Deviation: 23.058


155
[13, 12, 17, 10, 8, 7, 18, 2, 16, 3, 9, 5, 11, 15, 14, 4, 6, 19, 0, 1]
The 155 Communcation Round: Method: fedavgheal
mnist: 90.5,	usps: 95.02,	svhn: 79.79,	syn: 44.73
Mean Accuracy: 77.510
Standard Deviation: 22.767


156
[18, 12, 16, 5, 7, 11, 13, 2, 9, 17, 1, 6, 14, 19, 10, 3, 0, 15, 8, 4]
The 156 Communcation Round: Method: fedavgheal
mnist: 90.94,	usps: 94.87,	svhn: 80.21,	syn: 43.78
Mean Accuracy: 77.450
Standard Deviation: 23.286


157
[11, 1, 13, 12, 8, 17, 2, 6, 18, 0, 4, 10, 7, 9, 15, 14, 16, 3, 19, 5]
The 157 Communcation Round: Method: fedavgheal
mnist: 90.15,	usps: 95.12,	svhn: 79.45,	syn: 44.83
Mean Accuracy: 77.388
Standard Deviation: 22.668


158
[1, 10, 4, 16, 9, 12, 11, 5, 3, 8, 13, 6, 15, 17, 19, 14, 7, 18, 0, 2]
The 158 Communcation Round: Method: fedavgheal
mnist: 91.57,	usps: 95.52,	svhn: 79.36,	syn: 43.63
Mean Accuracy: 77.520
Standard Deviation: 23.617


159
[19, 6, 3, 12, 0, 13, 7, 4, 8, 17, 18, 5, 10, 1, 11, 9, 16, 14, 15, 2]
The 159 Communcation Round: Method: fedavgheal
mnist: 90.5,	usps: 95.57,	svhn: 78.67,	syn: 43.93
Mean Accuracy: 77.168
Standard Deviation: 23.262


160
[12, 19, 10, 5, 15, 9, 2, 8, 7, 4, 13, 11, 14, 1, 16, 0, 3, 18, 17, 6]
The 160 Communcation Round: Method: fedavgheal
mnist: 89.88,	usps: 94.57,	svhn: 79.4,	syn: 44.13
Mean Accuracy: 76.995
Standard Deviation: 22.809


161
[9, 4, 12, 11, 13, 16, 10, 1, 15, 2, 14, 18, 5, 6, 19, 8, 17, 0, 7, 3]
The 161 Communcation Round: Method: fedavgheal
mnist: 89.57,	usps: 95.42,	svhn: 79.0,	syn: 43.33
Mean Accuracy: 76.830
Standard Deviation: 23.344


162
[13, 0, 7, 14, 8, 1, 9, 4, 19, 12, 5, 2, 3, 6, 16, 15, 11, 10, 18, 17]
The 162 Communcation Round: Method: fedavgheal
mnist: 92.11,	usps: 95.52,	svhn: 78.38,	syn: 43.33
Mean Accuracy: 77.335
Standard Deviation: 23.850


163
[11, 17, 1, 14, 18, 0, 6, 15, 3, 19, 5, 12, 8, 7, 4, 16, 2, 13, 9, 10]
The 163 Communcation Round: Method: fedavgheal
mnist: 89.58,	usps: 94.92,	svhn: 79.22,	syn: 43.58
Mean Accuracy: 76.825
Standard Deviation: 23.102


164
[10, 19, 0, 13, 2, 6, 18, 17, 1, 11, 4, 7, 16, 12, 9, 8, 14, 3, 5, 15]
The 164 Communcation Round: Method: fedavgheal
mnist: 88.02,	usps: 94.47,	svhn: 79.46,	syn: 45.12
Mean Accuracy: 76.767
Standard Deviation: 21.976


165
[0, 4, 11, 17, 8, 19, 1, 13, 14, 2, 18, 16, 10, 6, 12, 9, 5, 15, 3, 7]
The 165 Communcation Round: Method: fedavgheal
mnist: 88.51,	usps: 95.07,	svhn: 77.32,	syn: 42.79
Mean Accuracy: 75.922
Standard Deviation: 23.272


166
[16, 9, 4, 13, 8, 15, 6, 3, 0, 17, 18, 10, 1, 2, 12, 14, 11, 5, 19, 7]
The 166 Communcation Round: Method: fedavgheal
mnist: 90.09,	usps: 95.32,	svhn: 78.13,	syn: 43.48
Mean Accuracy: 76.755
Standard Deviation: 23.321


167
[7, 17, 2, 12, 1, 18, 9, 4, 10, 8, 19, 3, 15, 11, 6, 16, 5, 0, 14, 13]
The 167 Communcation Round: Method: fedavgheal
mnist: 89.61,	usps: 95.37,	svhn: 78.48,	syn: 43.98
Mean Accuracy: 76.860
Standard Deviation: 23.014


168
[19, 13, 16, 6, 7, 18, 3, 0, 15, 11, 9, 8, 1, 17, 5, 14, 2, 12, 4, 10]
The 168 Communcation Round: Method: fedavgheal
mnist: 89.33,	usps: 95.67,	svhn: 78.19,	syn: 44.48
Mean Accuracy: 76.918
Standard Deviation: 22.800


169
[13, 9, 2, 4, 12, 0, 5, 18, 10, 16, 6, 17, 3, 8, 14, 7, 11, 15, 1, 19]
The 169 Communcation Round: Method: fedavgheal
mnist: 89.43,	usps: 95.27,	svhn: 77.24,	syn: 43.53
Mean Accuracy: 76.368
Standard Deviation: 23.144


170
[2, 6, 9, 4, 8, 7, 3, 19, 12, 16, 5, 15, 13, 10, 14, 0, 1, 11, 17, 18]
The 170 Communcation Round: Method: fedavgheal
mnist: 90.06,	usps: 95.32,	svhn: 78.51,	syn: 43.73
Mean Accuracy: 76.905
Standard Deviation: 23.204


171
[1, 19, 16, 15, 13, 8, 14, 10, 9, 18, 5, 12, 4, 3, 6, 2, 7, 17, 0, 11]
The 171 Communcation Round: Method: fedavgheal
mnist: 90.86,	usps: 95.17,	svhn: 78.93,	syn: 43.68
Mean Accuracy: 77.160
Standard Deviation: 23.353


172
[16, 14, 11, 17, 1, 2, 18, 19, 13, 3, 6, 5, 7, 0, 12, 15, 9, 8, 4, 10]
The 172 Communcation Round: Method: fedavgheal
mnist: 89.64,	usps: 94.82,	svhn: 79.23,	syn: 44.48
Mean Accuracy: 77.043
Standard Deviation: 22.656


173
[19, 3, 11, 14, 13, 2, 18, 9, 17, 4, 5, 6, 0, 15, 10, 8, 7, 16, 12, 1]
The 173 Communcation Round: Method: fedavgheal
mnist: 88.46,	usps: 95.47,	svhn: 79.82,	syn: 44.78
Mean Accuracy: 77.132
Standard Deviation: 22.498


174
[1, 19, 5, 0, 11, 16, 3, 9, 13, 12, 4, 6, 10, 8, 7, 17, 14, 18, 15, 2]
The 174 Communcation Round: Method: fedavgheal
mnist: 88.81,	usps: 95.42,	svhn: 78.63,	syn: 44.38
Mean Accuracy: 76.810
Standard Deviation: 22.696


175
[7, 3, 12, 6, 16, 10, 0, 5, 18, 9, 8, 14, 17, 4, 1, 11, 15, 13, 19, 2]
The 175 Communcation Round: Method: fedavgheal
mnist: 90.17,	usps: 95.12,	svhn: 78.07,	syn: 44.53
Mean Accuracy: 76.972
Standard Deviation: 22.783


176
[7, 1, 10, 8, 4, 3, 14, 5, 9, 19, 13, 11, 16, 0, 2, 6, 12, 15, 18, 17]
The 176 Communcation Round: Method: fedavgheal
mnist: 91.52,	usps: 95.27,	svhn: 78.98,	syn: 43.88
Mean Accuracy: 77.412
Standard Deviation: 23.415


177
[0, 9, 14, 1, 6, 16, 7, 13, 8, 11, 12, 3, 15, 18, 5, 2, 19, 4, 10, 17]
The 177 Communcation Round: Method: fedavgheal
mnist: 90.97,	usps: 95.52,	svhn: 79.1,	syn: 44.08
Mean Accuracy: 77.418
Standard Deviation: 23.278


178
[4, 10, 15, 1, 9, 0, 17, 14, 16, 13, 12, 18, 11, 7, 8, 5, 2, 6, 19, 3]
The 178 Communcation Round: Method: fedavgheal
mnist: 88.7,	usps: 95.32,	svhn: 79.27,	syn: 44.23
Mean Accuracy: 76.880
Standard Deviation: 22.741


179
[15, 0, 13, 16, 14, 3, 9, 17, 2, 4, 7, 10, 18, 19, 12, 6, 1, 11, 8, 5]
The 179 Communcation Round: Method: fedavgheal
mnist: 87.98,	usps: 95.27,	svhn: 79.22,	syn: 44.18
Mean Accuracy: 76.663
Standard Deviation: 22.627


180
[15, 11, 19, 18, 3, 9, 8, 6, 10, 12, 14, 16, 1, 5, 2, 7, 13, 0, 4, 17]
The 180 Communcation Round: Method: fedavgheal
mnist: 90.52,	usps: 95.71,	svhn: 78.5,	syn: 44.43
Mean Accuracy: 77.290
Standard Deviation: 23.062


181
[7, 10, 3, 16, 12, 15, 11, 0, 1, 18, 9, 2, 8, 14, 13, 19, 5, 17, 6, 4]
The 181 Communcation Round: Method: fedavgheal
mnist: 88.96,	usps: 95.32,	svhn: 80.14,	syn: 44.38
Mean Accuracy: 77.200
Standard Deviation: 22.748


182
[9, 19, 3, 5, 12, 15, 14, 4, 18, 2, 6, 7, 11, 0, 16, 17, 1, 13, 10, 8]
The 182 Communcation Round: Method: fedavgheal
mnist: 90.32,	usps: 95.42,	svhn: 78.37,	syn: 43.63
Mean Accuracy: 76.935
Standard Deviation: 23.325


183
[3, 11, 1, 13, 2, 5, 17, 8, 15, 12, 7, 10, 18, 4, 9, 14, 6, 0, 19, 16]
The 183 Communcation Round: Method: fedavgheal
mnist: 90.92,	usps: 95.22,	svhn: 79.86,	syn: 44.38
Mean Accuracy: 77.595
Standard Deviation: 23.069


184
[15, 7, 3, 1, 10, 18, 4, 11, 9, 13, 2, 5, 16, 19, 6, 8, 17, 12, 0, 14]
The 184 Communcation Round: Method: fedavgheal
mnist: 90.65,	usps: 95.67,	svhn: 79.54,	syn: 43.83
Mean Accuracy: 77.422
Standard Deviation: 23.387


185
[7, 10, 3, 0, 9, 8, 4, 6, 15, 12, 18, 16, 5, 1, 19, 11, 2, 17, 14, 13]
The 185 Communcation Round: Method: fedavgheal
mnist: 90.94,	usps: 95.07,	svhn: 80.22,	syn: 43.88
Mean Accuracy: 77.528
Standard Deviation: 23.288


186
[11, 6, 14, 17, 9, 4, 12, 8, 13, 19, 16, 10, 18, 1, 5, 0, 15, 2, 3, 7]
The 186 Communcation Round: Method: fedavgheal
mnist: 90.87,	usps: 95.02,	svhn: 80.71,	syn: 43.58
Mean Accuracy: 77.545
Standard Deviation: 23.428


187
[16, 12, 1, 0, 17, 8, 19, 9, 15, 18, 14, 13, 2, 3, 6, 7, 4, 10, 5, 11]
The 187 Communcation Round: Method: fedavgheal
mnist: 90.12,	usps: 95.52,	svhn: 79.77,	syn: 44.23
Mean Accuracy: 77.410
Standard Deviation: 23.065


188
[17, 15, 19, 6, 13, 12, 4, 11, 10, 1, 8, 16, 0, 5, 14, 9, 18, 7, 2, 3]
The 188 Communcation Round: Method: fedavgheal
mnist: 90.46,	usps: 95.02,	svhn: 79.96,	syn: 44.63
Mean Accuracy: 77.517
Standard Deviation: 22.814


189
[18, 2, 1, 7, 5, 9, 12, 10, 16, 13, 8, 17, 3, 14, 19, 11, 0, 4, 15, 6]
The 189 Communcation Round: Method: fedavgheal
mnist: 88.98,	usps: 94.92,	svhn: 80.08,	syn: 42.79
Mean Accuracy: 76.693
Standard Deviation: 23.410


190
[13, 16, 5, 19, 10, 7, 6, 3, 15, 12, 18, 14, 2, 17, 4, 9, 1, 0, 8, 11]
The 190 Communcation Round: Method: fedavgheal
mnist: 89.39,	usps: 95.17,	svhn: 78.93,	syn: 43.63
Mean Accuracy: 76.780
Standard Deviation: 23.099


191
[2, 10, 13, 18, 12, 6, 14, 8, 0, 17, 11, 1, 15, 9, 5, 16, 4, 7, 19, 3]
The 191 Communcation Round: Method: fedavgheal
mnist: 90.02,	usps: 95.67,	svhn: 78.75,	syn: 43.48
Mean Accuracy: 76.980
Standard Deviation: 23.415


192
[4, 6, 1, 17, 11, 15, 16, 8, 19, 12, 10, 14, 3, 18, 5, 13, 7, 9, 0, 2]
The 192 Communcation Round: Method: fedavgheal
mnist: 89.24,	usps: 95.07,	svhn: 79.84,	syn: 44.63
Mean Accuracy: 77.195
Standard Deviation: 22.598


193
[3, 6, 12, 8, 5, 16, 13, 2, 7, 11, 18, 15, 17, 0, 1, 14, 4, 19, 10, 9]
The 193 Communcation Round: Method: fedavgheal
mnist: 91.13,	usps: 95.47,	svhn: 79.71,	syn: 44.98
Mean Accuracy: 77.823
Standard Deviation: 22.882


194
[15, 8, 14, 6, 17, 9, 19, 12, 7, 4, 13, 2, 16, 1, 5, 3, 10, 18, 11, 0]
The 194 Communcation Round: Method: fedavgheal
mnist: 90.33,	usps: 95.37,	svhn: 79.7,	syn: 43.98
Mean Accuracy: 77.345
Standard Deviation: 23.182


195
[12, 7, 4, 13, 9, 10, 17, 8, 2, 6, 11, 5, 3, 16, 18, 15, 0, 19, 1, 14]
The 195 Communcation Round: Method: fedavgheal
mnist: 91.15,	usps: 95.52,	svhn: 79.4,	syn: 44.28
Mean Accuracy: 77.588
Standard Deviation: 23.225


196
[14, 4, 19, 1, 15, 5, 18, 6, 3, 12, 10, 7, 9, 16, 2, 11, 0, 17, 13, 8]
The 196 Communcation Round: Method: fedavgheal
mnist: 89.9,	usps: 95.62,	svhn: 78.6,	syn: 43.98
Mean Accuracy: 77.025
Standard Deviation: 23.137


197
[2, 17, 12, 10, 3, 14, 19, 15, 1, 0, 4, 13, 8, 5, 6, 18, 7, 11, 16, 9]
The 197 Communcation Round: Method: fedavgheal
mnist: 89.26,	usps: 95.62,	svhn: 79.17,	syn: 44.08
Mean Accuracy: 77.032
Standard Deviation: 22.989


198
[5, 18, 4, 9, 16, 13, 10, 6, 12, 2, 7, 0, 14, 15, 11, 17, 1, 19, 8, 3]
The 198 Communcation Round: Method: fedavgheal
mnist: 89.14,	usps: 94.82,	svhn: 79.69,	syn: 44.38
Mean Accuracy: 77.007
Standard Deviation: 22.629


199
[18, 14, 4, 19, 10, 0, 13, 5, 12, 11, 16, 9, 15, 7, 2, 8, 6, 1, 3, 17]
The 199 Communcation Round: Method: fedavgheal
mnist: 89.0,	usps: 95.32,	svhn: 79.18,	syn: 44.08
Mean Accuracy: 76.895
Standard Deviation: 22.862


