fedavg_20_fl_officecaltech_200_10
Counter({'dslr': 5, 'caltech10': 5, 'amazon': 5, 'webcam': 5})
['dslr' 'caltech10' 'dslr' 'amazon' 'webcam' 'dslr' 'amazon' 'webcam'
 'caltech10' 'caltech10' 'amazon' 'webcam' 'amazon' 'amazon' 'dslr'
 'webcam' 'caltech10' 'caltech10' 'dslr' 'webcam']
0
[11, 1, 18, 17, 2, 12, 19, 16, 10, 0, 3, 4, 15, 8, 13, 9, 5, 14, 7, 6]
11:0.023		1:0.089		18:0.012		17:0.089		2:0.012		12:0.076		19:0.023		16:0.089		10:0.076		0:0.012		3:0.076		4:0.023		15:0.023		8:0.089		13:0.076		9:0.089		5:0.012		14:0.012		7:0.023		6:0.076
The 0 Communcation Round: Method: fedavg
caltech10: 18.3,	amazon: 16.84,	webcam: 12.07,	dslr: 16.67
Mean Accuracy: 15.970
Standard Deviation: 2.701


1
[15, 13, 12, 5, 11, 2, 8, 6, 3, 17, 4, 10, 16, 18, 9, 1, 0, 7, 14, 19]
15:0.023		13:0.076		12:0.076		5:0.012		11:0.023		2:0.012		8:0.089		6:0.076		3:0.076		17:0.089		4:0.023		10:0.076		16:0.089		18:0.012		9:0.089		1:0.089		0:0.012		7:0.023		14:0.012		19:0.023
The 1 Communcation Round: Method: fedavg
caltech10: 31.7,	amazon: 30.0,	webcam: 29.31,	dslr: 33.33
Mean Accuracy: 31.085
Standard Deviation: 1.802


2
[18, 0, 13, 2, 3, 17, 7, 12, 14, 16, 11, 10, 9, 15, 1, 19, 8, 6, 5, 4]
18:0.012		0:0.012		13:0.076		2:0.012		3:0.076		17:0.089		7:0.023		12:0.076		14:0.012		16:0.089		11:0.023		10:0.076		9:0.089		15:0.023		1:0.089		19:0.023		8:0.089		6:0.076		5:0.012		4:0.023
The 2 Communcation Round: Method: fedavg
caltech10: 33.48,	amazon: 29.47,	webcam: 31.03,	dslr: 30.0
Mean Accuracy: 30.995
Standard Deviation: 1.779


3
[7, 1, 2, 19, 5, 18, 8, 17, 15, 16, 6, 13, 11, 4, 10, 9, 12, 3, 14, 0]
7:0.023		1:0.089		2:0.012		19:0.023		5:0.012		18:0.012		8:0.089		17:0.089		15:0.023		16:0.089		6:0.076		13:0.076		11:0.023		4:0.023		10:0.076		9:0.089		12:0.076		3:0.076		14:0.012		0:0.012
The 3 Communcation Round: Method: fedavg
caltech10: 33.04,	amazon: 28.95,	webcam: 31.03,	dslr: 26.67
Mean Accuracy: 29.922
Standard Deviation: 2.737


4
[12, 6, 10, 8, 17, 7, 4, 2, 18, 11, 14, 0, 19, 9, 5, 1, 16, 13, 15, 3]
12:0.076		6:0.076		10:0.076		8:0.089		17:0.089		7:0.023		4:0.023		2:0.012		18:0.012		11:0.023		14:0.012		0:0.012		19:0.023		9:0.089		5:0.012		1:0.089		16:0.089		13:0.076		15:0.023		3:0.076
The 4 Communcation Round: Method: fedavg
caltech10: 34.38,	amazon: 31.05,	webcam: 25.86,	dslr: 33.33
Mean Accuracy: 31.155
Standard Deviation: 3.794


5
[18, 14, 6, 4, 5, 3, 8, 1, 12, 17, 19, 11, 2, 10, 0, 15, 9, 7, 16, 13]
18:0.012		14:0.012		6:0.076		4:0.023		5:0.012		3:0.076		8:0.089		1:0.089		12:0.076		17:0.089		19:0.023		11:0.023		2:0.012		10:0.076		0:0.012		15:0.023		9:0.089		7:0.023		16:0.089		13:0.076
The 5 Communcation Round: Method: fedavg
caltech10: 35.71,	amazon: 33.16,	webcam: 29.31,	dslr: 36.67
Mean Accuracy: 33.713
Standard Deviation: 3.288


6
[5, 18, 13, 16, 12, 11, 7, 0, 19, 2, 8, 6, 15, 4, 1, 10, 9, 14, 17, 3]
5:0.012		18:0.012		13:0.076		16:0.089		12:0.076		11:0.023		7:0.023		0:0.012		19:0.023		2:0.012		8:0.089		6:0.076		15:0.023		4:0.023		1:0.089		10:0.076		9:0.089		14:0.012		17:0.089		3:0.076
The 6 Communcation Round: Method: fedavg
caltech10: 36.16,	amazon: 33.16,	webcam: 25.86,	dslr: 30.0
Mean Accuracy: 31.295
Standard Deviation: 4.411


7
[6, 1, 5, 9, 4, 12, 7, 15, 10, 16, 18, 19, 0, 11, 17, 14, 3, 2, 13, 8]
6:0.076		1:0.089		5:0.012		9:0.089		4:0.023		12:0.076		7:0.023		15:0.023		10:0.076		16:0.089		18:0.012		19:0.023		0:0.012		11:0.023		17:0.089		14:0.012		3:0.076		2:0.012		13:0.076		8:0.089
The 7 Communcation Round: Method: fedavg
caltech10: 37.95,	amazon: 41.58,	webcam: 27.59,	dslr: 30.0
Mean Accuracy: 34.280
Standard Deviation: 6.579


8
[2, 16, 15, 17, 19, 1, 7, 5, 10, 18, 8, 9, 6, 12, 11, 13, 3, 4, 0, 14]
2:0.012		16:0.089		15:0.023		17:0.089		19:0.023		1:0.089		7:0.023		5:0.012		10:0.076		18:0.012		8:0.089		9:0.089		6:0.076		12:0.076		11:0.023		13:0.076		3:0.076		4:0.023		0:0.012		14:0.012
The 8 Communcation Round: Method: fedavg
caltech10: 37.5,	amazon: 46.32,	webcam: 25.86,	dslr: 36.67
Mean Accuracy: 36.587
Standard Deviation: 8.379


9
[15, 13, 3, 10, 12, 2, 18, 16, 17, 7, 5, 6, 9, 14, 11, 4, 0, 8, 1, 19]
15:0.023		13:0.076		3:0.076		10:0.076		12:0.076		2:0.012		18:0.012		16:0.089		17:0.089		7:0.023		5:0.012		6:0.076		9:0.089		14:0.012		11:0.023		4:0.023		0:0.012		8:0.089		1:0.089		19:0.023
The 9 Communcation Round: Method: fedavg
caltech10: 37.05,	amazon: 35.79,	webcam: 25.86,	dslr: 33.33
Mean Accuracy: 33.008
Standard Deviation: 5.009


10
[19, 9, 2, 4, 14, 8, 0, 11, 7, 5, 13, 16, 6, 18, 10, 17, 15, 3, 12, 1]
19:0.023		9:0.089		2:0.012		4:0.023		14:0.012		8:0.089		0:0.012		11:0.023		7:0.023		5:0.012		13:0.076		16:0.089		6:0.076		18:0.012		10:0.076		17:0.089		15:0.023		3:0.076		12:0.076		1:0.089
The 10 Communcation Round: Method: fedavg
caltech10: 36.61,	amazon: 41.05,	webcam: 20.69,	dslr: 26.67
Mean Accuracy: 31.255
Standard Deviation: 9.260


11
[0, 17, 1, 16, 6, 12, 14, 10, 4, 13, 18, 7, 9, 3, 19, 2, 8, 15, 5, 11]
0:0.012		17:0.089		1:0.089		16:0.089		6:0.076		12:0.076		14:0.012		10:0.076		4:0.023		13:0.076		18:0.012		7:0.023		9:0.089		3:0.076		19:0.023		2:0.012		8:0.089		15:0.023		5:0.012		11:0.023
The 11 Communcation Round: Method: fedavg
caltech10: 41.07,	amazon: 42.63,	webcam: 24.14,	dslr: 30.0
Mean Accuracy: 34.460
Standard Deviation: 8.885


12
[17, 13, 15, 8, 0, 6, 2, 4, 1, 5, 16, 7, 11, 10, 19, 18, 12, 14, 3, 9]
17:0.089		13:0.076		15:0.023		8:0.089		0:0.012		6:0.076		2:0.012		4:0.023		1:0.089		5:0.012		16:0.089		7:0.023		11:0.023		10:0.076		19:0.023		18:0.012		12:0.076		14:0.012		3:0.076		9:0.089
The 12 Communcation Round: Method: fedavg
caltech10: 40.62,	amazon: 47.37,	webcam: 22.41,	dslr: 40.0
Mean Accuracy: 37.600
Standard Deviation: 10.663


13
[9, 16, 13, 19, 6, 7, 17, 3, 12, 10, 1, 8, 18, 15, 14, 5, 2, 11, 0, 4]
9:0.089		16:0.089		13:0.076		19:0.023		6:0.076		7:0.023		17:0.089		3:0.076		12:0.076		10:0.076		1:0.089		8:0.089		18:0.012		15:0.023		14:0.012		5:0.012		2:0.012		11:0.023		0:0.012		4:0.023
The 13 Communcation Round: Method: fedavg
caltech10: 43.75,	amazon: 47.37,	webcam: 25.86,	dslr: 40.0
Mean Accuracy: 39.245
Standard Deviation: 9.417


14
[0, 14, 12, 6, 18, 17, 11, 8, 9, 10, 5, 15, 4, 13, 16, 2, 1, 19, 7, 3]
0:0.012		14:0.012		12:0.076		6:0.076		18:0.012		17:0.089		11:0.023		8:0.089		9:0.089		10:0.076		5:0.012		15:0.023		4:0.023		13:0.076		16:0.089		2:0.012		1:0.089		19:0.023		7:0.023		3:0.076
The 14 Communcation Round: Method: fedavg
caltech10: 45.98,	amazon: 52.11,	webcam: 25.86,	dslr: 36.67
Mean Accuracy: 40.155
Standard Deviation: 11.451


15
[18, 3, 4, 19, 15, 17, 10, 8, 1, 0, 2, 12, 16, 5, 14, 13, 9, 11, 7, 6]
18:0.012		3:0.076		4:0.023		19:0.023		15:0.023		17:0.089		10:0.076		8:0.089		1:0.089		0:0.012		2:0.012		12:0.076		16:0.089		5:0.012		14:0.012		13:0.076		9:0.089		11:0.023		7:0.023		6:0.076
The 15 Communcation Round: Method: fedavg
caltech10: 44.64,	amazon: 47.89,	webcam: 24.14,	dslr: 36.67
Mean Accuracy: 38.335
Standard Deviation: 10.572


16
[2, 5, 11, 6, 9, 15, 16, 12, 4, 17, 1, 10, 13, 7, 18, 19, 0, 14, 8, 3]
2:0.012		5:0.012		11:0.023		6:0.076		9:0.089		15:0.023		16:0.089		12:0.076		4:0.023		17:0.089		1:0.089		10:0.076		13:0.076		7:0.023		18:0.012		19:0.023		0:0.012		14:0.012		8:0.089		3:0.076
The 16 Communcation Round: Method: fedavg
caltech10: 43.75,	amazon: 51.58,	webcam: 24.14,	dslr: 43.33
Mean Accuracy: 40.700
Standard Deviation: 11.674


17
[1, 13, 15, 9, 2, 6, 17, 18, 11, 12, 0, 5, 8, 7, 16, 19, 3, 4, 14, 10]
1:0.089		13:0.076		15:0.023		9:0.089		2:0.012		6:0.076		17:0.089		18:0.012		11:0.023		12:0.076		0:0.012		5:0.012		8:0.089		7:0.023		16:0.089		19:0.023		3:0.076		4:0.023		14:0.012		10:0.076
The 17 Communcation Round: Method: fedavg
caltech10: 46.88,	amazon: 52.63,	webcam: 25.86,	dslr: 40.0
Mean Accuracy: 41.343
Standard Deviation: 11.541


18
[8, 15, 4, 13, 0, 19, 6, 1, 12, 16, 7, 11, 10, 5, 14, 18, 2, 9, 3, 17]
8:0.089		15:0.023		4:0.023		13:0.076		0:0.012		19:0.023		6:0.076		1:0.089		12:0.076		16:0.089		7:0.023		11:0.023		10:0.076		5:0.012		14:0.012		18:0.012		2:0.012		9:0.089		3:0.076		17:0.089
The 18 Communcation Round: Method: fedavg
caltech10: 47.32,	amazon: 54.21,	webcam: 24.14,	dslr: 46.67
Mean Accuracy: 43.085
Standard Deviation: 13.083


19
[2, 4, 1, 19, 5, 11, 0, 18, 14, 8, 7, 15, 6, 16, 13, 12, 9, 10, 17, 3]
2:0.012		4:0.023		1:0.089		19:0.023		5:0.012		11:0.023		0:0.012		18:0.012		14:0.012		8:0.089		7:0.023		15:0.023		6:0.076		16:0.089		13:0.076		12:0.076		9:0.089		10:0.076		17:0.089		3:0.076
The 19 Communcation Round: Method: fedavg
caltech10: 45.98,	amazon: 52.63,	webcam: 18.97,	dslr: 40.0
Mean Accuracy: 39.395
Standard Deviation: 14.561


20
[19, 10, 14, 1, 5, 18, 15, 11, 16, 13, 8, 0, 12, 2, 9, 4, 7, 17, 6, 3]
19:0.023		10:0.076		14:0.012		1:0.089		5:0.012		18:0.012		15:0.023		11:0.023		16:0.089		13:0.076		8:0.089		0:0.012		12:0.076		2:0.012		9:0.089		4:0.023		7:0.023		17:0.089		6:0.076		3:0.076
The 20 Communcation Round: Method: fedavg
caltech10: 48.21,	amazon: 51.58,	webcam: 32.76,	dslr: 46.67
Mean Accuracy: 44.805
Standard Deviation: 8.288


21
[16, 12, 2, 10, 11, 18, 13, 14, 4, 8, 3, 0, 6, 15, 17, 9, 7, 19, 5, 1]
16:0.089		12:0.076		2:0.012		10:0.076		11:0.023		18:0.012		13:0.076		14:0.012		4:0.023		8:0.089		3:0.076		0:0.012		6:0.076		15:0.023		17:0.089		9:0.089		7:0.023		19:0.023		5:0.012		1:0.089
The 21 Communcation Round: Method: fedavg
caltech10: 46.88,	amazon: 52.63,	webcam: 24.14,	dslr: 40.0
Mean Accuracy: 40.913
Standard Deviation: 12.316


22
[15, 9, 7, 5, 19, 2, 14, 12, 3, 6, 17, 11, 8, 13, 10, 0, 16, 18, 4, 1]
15:0.023		9:0.089		7:0.023		5:0.012		19:0.023		2:0.012		14:0.012		12:0.076		3:0.076		6:0.076		17:0.089		11:0.023		8:0.089		13:0.076		10:0.076		0:0.012		16:0.089		18:0.012		4:0.023		1:0.089
The 22 Communcation Round: Method: fedavg
caltech10: 46.43,	amazon: 50.53,	webcam: 29.31,	dslr: 36.67
Mean Accuracy: 40.735
Standard Deviation: 9.582


23
[19, 9, 17, 13, 2, 15, 6, 5, 18, 16, 8, 7, 0, 14, 1, 10, 4, 12, 3, 11]
19:0.023		9:0.089		17:0.089		13:0.076		2:0.012		15:0.023		6:0.076		5:0.012		18:0.012		16:0.089		8:0.089		7:0.023		0:0.012		14:0.012		1:0.089		10:0.076		4:0.023		12:0.076		3:0.076		11:0.023
The 23 Communcation Round: Method: fedavg
caltech10: 48.21,	amazon: 50.53,	webcam: 29.31,	dslr: 40.0
Mean Accuracy: 42.013
Standard Deviation: 9.598


24
[11, 10, 2, 17, 14, 12, 15, 18, 6, 8, 7, 19, 16, 5, 9, 3, 13, 0, 4, 1]
11:0.023		10:0.076		2:0.012		17:0.089		14:0.012		12:0.076		15:0.023		18:0.012		6:0.076		8:0.089		7:0.023		19:0.023		16:0.089		5:0.012		9:0.089		3:0.076		13:0.076		0:0.012		4:0.023		1:0.089
The 24 Communcation Round: Method: fedavg
caltech10: 47.77,	amazon: 52.63,	webcam: 34.48,	dslr: 43.33
Mean Accuracy: 44.552
Standard Deviation: 7.715


25
[12, 10, 4, 6, 2, 1, 13, 15, 18, 8, 16, 17, 19, 3, 9, 14, 11, 5, 0, 7]
12:0.076		10:0.076		4:0.023		6:0.076		2:0.012		1:0.089		13:0.076		15:0.023		18:0.012		8:0.089		16:0.089		17:0.089		19:0.023		3:0.076		9:0.089		14:0.012		11:0.023		5:0.012		0:0.012		7:0.023
The 25 Communcation Round: Method: fedavg
caltech10: 45.54,	amazon: 53.68,	webcam: 25.86,	dslr: 46.67
Mean Accuracy: 42.938
Standard Deviation: 11.941


26
[16, 5, 17, 7, 8, 10, 13, 3, 15, 4, 18, 2, 9, 11, 12, 1, 6, 19, 14, 0]
16:0.089		5:0.012		17:0.089		7:0.023		8:0.089		10:0.076		13:0.076		3:0.076		15:0.023		4:0.023		18:0.012		2:0.012		9:0.089		11:0.023		12:0.076		1:0.089		6:0.076		19:0.023		14:0.012		0:0.012
The 26 Communcation Round: Method: fedavg
caltech10: 49.11,	amazon: 53.68,	webcam: 29.31,	dslr: 40.0
Mean Accuracy: 43.025
Standard Deviation: 10.767


27
[1, 0, 11, 5, 16, 8, 14, 19, 12, 6, 15, 10, 9, 3, 2, 7, 18, 13, 17, 4]
1:0.089		0:0.012		11:0.023		5:0.012		16:0.089		8:0.089		14:0.012		19:0.023		12:0.076		6:0.076		15:0.023		10:0.076		9:0.089		3:0.076		2:0.012		7:0.023		18:0.012		13:0.076		17:0.089		4:0.023
The 27 Communcation Round: Method: fedavg
caltech10: 46.88,	amazon: 52.63,	webcam: 36.21,	dslr: 36.67
Mean Accuracy: 43.097
Standard Deviation: 8.040


28
[14, 17, 16, 18, 1, 4, 2, 3, 19, 12, 9, 5, 6, 7, 13, 11, 10, 0, 8, 15]
14:0.012		17:0.089		16:0.089		18:0.012		1:0.089		4:0.023		2:0.012		3:0.076		19:0.023		12:0.076		9:0.089		5:0.012		6:0.076		7:0.023		13:0.076		11:0.023		10:0.076		0:0.012		8:0.089		15:0.023
The 28 Communcation Round: Method: fedavg
caltech10: 48.66,	amazon: 55.26,	webcam: 32.76,	dslr: 43.33
Mean Accuracy: 45.002
Standard Deviation: 9.509


29
[6, 15, 17, 7, 8, 18, 3, 10, 16, 11, 9, 0, 12, 1, 2, 13, 19, 4, 5, 14]
6:0.076		15:0.023		17:0.089		7:0.023		8:0.089		18:0.012		3:0.076		10:0.076		16:0.089		11:0.023		9:0.089		0:0.012		12:0.076		1:0.089		2:0.012		13:0.076		19:0.023		4:0.023		5:0.012		14:0.012
The 29 Communcation Round: Method: fedavg
caltech10: 49.55,	amazon: 53.16,	webcam: 32.76,	dslr: 43.33
Mean Accuracy: 44.700
Standard Deviation: 8.936


30
[19, 18, 13, 16, 10, 7, 9, 4, 6, 8, 14, 11, 17, 12, 3, 15, 2, 5, 0, 1]
19:0.023		18:0.012		13:0.076		16:0.089		10:0.076		7:0.023		9:0.089		4:0.023		6:0.076		8:0.089		14:0.012		11:0.023		17:0.089		12:0.076		3:0.076		15:0.023		2:0.012		5:0.012		0:0.012		1:0.089
The 30 Communcation Round: Method: fedavg
caltech10: 46.88,	amazon: 56.84,	webcam: 32.76,	dslr: 43.33
Mean Accuracy: 44.953
Standard Deviation: 9.938


31
[14, 8, 7, 12, 16, 10, 0, 2, 15, 3, 1, 11, 17, 19, 4, 9, 13, 18, 5, 6]
14:0.012		8:0.089		7:0.023		12:0.076		16:0.089		10:0.076		0:0.012		2:0.012		15:0.023		3:0.076		1:0.089		11:0.023		17:0.089		19:0.023		4:0.023		9:0.089		13:0.076		18:0.012		5:0.012		6:0.076
The 31 Communcation Round: Method: fedavg
caltech10: 50.89,	amazon: 58.95,	webcam: 31.03,	dslr: 40.0
Mean Accuracy: 45.218
Standard Deviation: 12.237


32
[0, 18, 4, 13, 15, 2, 3, 9, 17, 7, 8, 16, 11, 14, 10, 12, 6, 19, 1, 5]
0:0.012		18:0.012		4:0.023		13:0.076		15:0.023		2:0.012		3:0.076		9:0.089		17:0.089		7:0.023		8:0.089		16:0.089		11:0.023		14:0.012		10:0.076		12:0.076		6:0.076		19:0.023		1:0.089		5:0.012
The 32 Communcation Round: Method: fedavg
caltech10: 51.34,	amazon: 56.84,	webcam: 37.93,	dslr: 40.0
Mean Accuracy: 46.528
Standard Deviation: 9.056


33
[6, 12, 9, 11, 2, 10, 0, 7, 15, 16, 13, 18, 19, 8, 17, 1, 4, 5, 14, 3]
6:0.076		12:0.076		9:0.089		11:0.023		2:0.012		10:0.076		0:0.012		7:0.023		15:0.023		16:0.089		13:0.076		18:0.012		19:0.023		8:0.089		17:0.089		1:0.089		4:0.023		5:0.012		14:0.012		3:0.076
The 33 Communcation Round: Method: fedavg
caltech10: 50.89,	amazon: 57.89,	webcam: 34.48,	dslr: 36.67
Mean Accuracy: 44.983
Standard Deviation: 11.268


34
[10, 5, 9, 19, 8, 13, 15, 3, 2, 0, 18, 6, 12, 17, 1, 4, 16, 14, 11, 7]
10:0.076		5:0.012		9:0.089		19:0.023		8:0.089		13:0.076		15:0.023		3:0.076		2:0.012		0:0.012		18:0.012		6:0.076		12:0.076		17:0.089		1:0.089		4:0.023		16:0.089		14:0.012		11:0.023		7:0.023
The 34 Communcation Round: Method: fedavg
caltech10: 53.12,	amazon: 59.47,	webcam: 34.48,	dslr: 46.67
Mean Accuracy: 48.435
Standard Deviation: 10.670


35
[8, 16, 6, 13, 1, 17, 15, 10, 11, 19, 5, 18, 3, 7, 4, 2, 9, 12, 0, 14]
8:0.089		16:0.089		6:0.076		13:0.076		1:0.089		17:0.089		15:0.023		10:0.076		11:0.023		19:0.023		5:0.012		18:0.012		3:0.076		7:0.023		4:0.023		2:0.012		9:0.089		12:0.076		0:0.012		14:0.012
The 35 Communcation Round: Method: fedavg
caltech10: 50.89,	amazon: 62.63,	webcam: 41.38,	dslr: 46.67
Mean Accuracy: 50.392
Standard Deviation: 9.039


36
[8, 5, 18, 9, 6, 15, 11, 12, 13, 19, 2, 16, 0, 4, 7, 1, 17, 10, 3, 14]
8:0.089		5:0.012		18:0.012		9:0.089		6:0.076		15:0.023		11:0.023		12:0.076		13:0.076		19:0.023		2:0.012		16:0.089		0:0.012		4:0.023		7:0.023		1:0.089		17:0.089		10:0.076		3:0.076		14:0.012
The 36 Communcation Round: Method: fedavg
caltech10: 50.45,	amazon: 58.95,	webcam: 34.48,	dslr: 40.0
Mean Accuracy: 45.970
Standard Deviation: 10.897


37
[11, 14, 18, 15, 6, 16, 2, 17, 3, 13, 0, 7, 5, 1, 8, 12, 10, 9, 19, 4]
11:0.023		14:0.012		18:0.012		15:0.023		6:0.076		16:0.089		2:0.012		17:0.089		3:0.076		13:0.076		0:0.012		7:0.023		5:0.012		1:0.089		8:0.089		12:0.076		10:0.076		9:0.089		19:0.023		4:0.023
The 37 Communcation Round: Method: fedavg
caltech10: 55.8,	amazon: 59.47,	webcam: 37.93,	dslr: 50.0
Mean Accuracy: 50.800
Standard Deviation: 9.424


38
[13, 4, 17, 1, 5, 9, 16, 14, 0, 6, 15, 3, 2, 19, 12, 11, 10, 7, 18, 8]
13:0.076		4:0.023		17:0.089		1:0.089		5:0.012		9:0.089		16:0.089		14:0.012		0:0.012		6:0.076		15:0.023		3:0.076		2:0.012		19:0.023		12:0.076		11:0.023		10:0.076		7:0.023		18:0.012		8:0.089
The 38 Communcation Round: Method: fedavg
caltech10: 54.46,	amazon: 58.42,	webcam: 36.21,	dslr: 46.67
Mean Accuracy: 48.940
Standard Deviation: 9.790


39
[14, 12, 3, 16, 8, 5, 13, 7, 10, 15, 1, 19, 9, 4, 0, 17, 11, 6, 18, 2]
14:0.012		12:0.076		3:0.076		16:0.089		8:0.089		5:0.012		13:0.076		7:0.023		10:0.076		15:0.023		1:0.089		19:0.023		9:0.089		4:0.023		0:0.012		17:0.089		11:0.023		6:0.076		18:0.012		2:0.012
The 39 Communcation Round: Method: fedavg
caltech10: 52.23,	amazon: 61.58,	webcam: 39.66,	dslr: 46.67
Mean Accuracy: 50.035
Standard Deviation: 9.257


40
[17, 7, 10, 1, 8, 4, 14, 0, 16, 9, 12, 3, 13, 15, 5, 2, 11, 18, 19, 6]
17:0.089		7:0.023		10:0.076		1:0.089		8:0.089		4:0.023		14:0.012		0:0.012		16:0.089		9:0.089		12:0.076		3:0.076		13:0.076		15:0.023		5:0.012		2:0.012		11:0.023		18:0.012		19:0.023		6:0.076
The 40 Communcation Round: Method: fedavg
caltech10: 50.89,	amazon: 55.26,	webcam: 39.66,	dslr: 46.67
Mean Accuracy: 48.120
Standard Deviation: 6.641


41
[7, 2, 17, 16, 11, 1, 3, 10, 19, 14, 8, 0, 4, 6, 5, 9, 18, 13, 12, 15]
7:0.023		2:0.012		17:0.089		16:0.089		11:0.023		1:0.089		3:0.076		10:0.076		19:0.023		14:0.012		8:0.089		0:0.012		4:0.023		6:0.076		5:0.012		9:0.089		18:0.012		13:0.076		12:0.076		15:0.023
The 41 Communcation Round: Method: fedavg
caltech10: 51.34,	amazon: 60.53,	webcam: 39.66,	dslr: 50.0
Mean Accuracy: 50.383
Standard Deviation: 8.544


42
[2, 16, 9, 8, 17, 15, 19, 11, 1, 13, 18, 14, 4, 5, 3, 6, 7, 0, 12, 10]
2:0.012		16:0.089		9:0.089		8:0.089		17:0.089		15:0.023		19:0.023		11:0.023		1:0.089		13:0.076		18:0.012		14:0.012		4:0.023		5:0.012		3:0.076		6:0.076		7:0.023		0:0.012		12:0.076		10:0.076
The 42 Communcation Round: Method: fedavg
caltech10: 53.12,	amazon: 60.0,	webcam: 37.93,	dslr: 50.0
Mean Accuracy: 50.263
Standard Deviation: 9.222


43
[16, 2, 7, 11, 6, 18, 1, 14, 13, 8, 5, 12, 4, 9, 19, 0, 17, 3, 10, 15]
16:0.089		2:0.012		7:0.023		11:0.023		6:0.076		18:0.012		1:0.089		14:0.012		13:0.076		8:0.089		5:0.012		12:0.076		4:0.023		9:0.089		19:0.023		0:0.012		17:0.089		3:0.076		10:0.076		15:0.023
The 43 Communcation Round: Method: fedavg
caltech10: 53.57,	amazon: 62.11,	webcam: 34.48,	dslr: 56.67
Mean Accuracy: 51.707
Standard Deviation: 12.015


44
[5, 16, 8, 13, 3, 17, 10, 9, 2, 18, 11, 12, 7, 19, 0, 4, 1, 14, 6, 15]
5:0.012		16:0.089		8:0.089		13:0.076		3:0.076		17:0.089		10:0.076		9:0.089		2:0.012		18:0.012		11:0.023		12:0.076		7:0.023		19:0.023		0:0.012		4:0.023		1:0.089		14:0.012		6:0.076		15:0.023
The 44 Communcation Round: Method: fedavg
caltech10: 54.91,	amazon: 60.0,	webcam: 36.21,	dslr: 46.67
Mean Accuracy: 49.448
Standard Deviation: 10.395


45
[17, 10, 6, 1, 8, 12, 15, 16, 9, 19, 4, 5, 0, 11, 13, 18, 3, 2, 7, 14]
17:0.089		10:0.076		6:0.076		1:0.089		8:0.089		12:0.076		15:0.023		16:0.089		9:0.089		19:0.023		4:0.023		5:0.012		0:0.012		11:0.023		13:0.076		18:0.012		3:0.076		2:0.012		7:0.023		14:0.012
The 45 Communcation Round: Method: fedavg
caltech10: 53.12,	amazon: 58.95,	webcam: 31.03,	dslr: 50.0
Mean Accuracy: 48.275
Standard Deviation: 12.080


46
[7, 0, 13, 18, 2, 17, 9, 12, 11, 10, 19, 3, 15, 14, 8, 6, 16, 5, 1, 4]
7:0.023		0:0.012		13:0.076		18:0.012		2:0.012		17:0.089		9:0.089		12:0.076		11:0.023		10:0.076		19:0.023		3:0.076		15:0.023		14:0.012		8:0.089		6:0.076		16:0.089		5:0.012		1:0.089		4:0.023
The 46 Communcation Round: Method: fedavg
caltech10: 58.04,	amazon: 63.68,	webcam: 37.93,	dslr: 46.67
Mean Accuracy: 51.580
Standard Deviation: 11.526


47
[4, 13, 19, 12, 2, 6, 11, 9, 16, 7, 3, 0, 18, 5, 15, 14, 1, 10, 8, 17]
4:0.023		13:0.076		19:0.023		12:0.076		2:0.012		6:0.076		11:0.023		9:0.089		16:0.089		7:0.023		3:0.076		0:0.012		18:0.012		5:0.012		15:0.023		14:0.012		1:0.089		10:0.076		8:0.089		17:0.089
The 47 Communcation Round: Method: fedavg
caltech10: 57.14,	amazon: 65.26,	webcam: 36.21,	dslr: 56.67
Mean Accuracy: 53.820
Standard Deviation: 12.385


48
[14, 17, 10, 4, 13, 19, 2, 8, 7, 1, 12, 3, 6, 18, 11, 0, 16, 9, 5, 15]
14:0.012		17:0.089		10:0.076		4:0.023		13:0.076		19:0.023		2:0.012		8:0.089		7:0.023		1:0.089		12:0.076		3:0.076		6:0.076		18:0.012		11:0.023		0:0.012		16:0.089		9:0.089		5:0.012		15:0.023
The 48 Communcation Round: Method: fedavg
caltech10: 55.36,	amazon: 63.16,	webcam: 36.21,	dslr: 43.33
Mean Accuracy: 49.515
Standard Deviation: 12.050


49
[17, 19, 18, 7, 12, 0, 3, 14, 9, 11, 13, 16, 1, 4, 15, 6, 5, 10, 8, 2]
17:0.089		19:0.023		18:0.012		7:0.023		12:0.076		0:0.012		3:0.076		14:0.012		9:0.089		11:0.023		13:0.076		16:0.089		1:0.089		4:0.023		15:0.023		6:0.076		5:0.012		10:0.076		8:0.089		2:0.012
The 49 Communcation Round: Method: fedavg
caltech10: 52.23,	amazon: 65.26,	webcam: 31.03,	dslr: 53.33
Mean Accuracy: 50.463
Standard Deviation: 14.235


50
[0, 19, 14, 10, 7, 8, 12, 5, 16, 6, 1, 18, 11, 13, 15, 3, 2, 17, 4, 9]
0:0.012		19:0.023		14:0.012		10:0.076		7:0.023		8:0.089		12:0.076		5:0.012		16:0.089		6:0.076		1:0.089		18:0.012		11:0.023		13:0.076		15:0.023		3:0.076		2:0.012		17:0.089		4:0.023		9:0.089
The 50 Communcation Round: Method: fedavg
caltech10: 55.36,	amazon: 60.0,	webcam: 37.93,	dslr: 50.0
Mean Accuracy: 50.822
Standard Deviation: 9.517


51
[18, 12, 14, 6, 17, 8, 5, 7, 10, 9, 13, 0, 3, 1, 16, 11, 2, 15, 19, 4]
18:0.012		12:0.076		14:0.012		6:0.076		17:0.089		8:0.089		5:0.012		7:0.023		10:0.076		9:0.089		13:0.076		0:0.012		3:0.076		1:0.089		16:0.089		11:0.023		2:0.012		15:0.023		19:0.023		4:0.023
The 51 Communcation Round: Method: fedavg
caltech10: 54.02,	amazon: 63.16,	webcam: 37.93,	dslr: 56.67
Mean Accuracy: 52.945
Standard Deviation: 10.721


52
[0, 19, 11, 15, 8, 1, 17, 12, 10, 6, 13, 4, 18, 7, 9, 5, 2, 14, 3, 16]
0:0.012		19:0.023		11:0.023		15:0.023		8:0.089		1:0.089		17:0.089		12:0.076		10:0.076		6:0.076		13:0.076		4:0.023		18:0.012		7:0.023		9:0.089		5:0.012		2:0.012		14:0.012		3:0.076		16:0.089
The 52 Communcation Round: Method: fedavg
caltech10: 53.57,	amazon: 63.68,	webcam: 34.48,	dslr: 46.67
Mean Accuracy: 49.600
Standard Deviation: 12.264


53
[10, 8, 12, 18, 1, 16, 15, 17, 0, 7, 5, 19, 9, 2, 14, 11, 6, 4, 13, 3]
10:0.076		8:0.089		12:0.076		18:0.012		1:0.089		16:0.089		15:0.023		17:0.089		0:0.012		7:0.023		5:0.012		19:0.023		9:0.089		2:0.012		14:0.012		11:0.023		6:0.076		4:0.023		13:0.076		3:0.076
The 53 Communcation Round: Method: fedavg
caltech10: 55.8,	amazon: 64.74,	webcam: 34.48,	dslr: 56.67
Mean Accuracy: 52.922
Standard Deviation: 12.937


54
[10, 6, 16, 19, 15, 18, 2, 4, 14, 17, 13, 7, 1, 3, 5, 12, 11, 8, 9, 0]
10:0.076		6:0.076		16:0.089		19:0.023		15:0.023		18:0.012		2:0.012		4:0.023		14:0.012		17:0.089		13:0.076		7:0.023		1:0.089		3:0.076		5:0.012		12:0.076		11:0.023		8:0.089		9:0.089		0:0.012
The 54 Communcation Round: Method: fedavg
caltech10: 55.8,	amazon: 68.95,	webcam: 34.48,	dslr: 43.33
Mean Accuracy: 50.640
Standard Deviation: 15.016


55
[4, 10, 7, 9, 3, 17, 5, 12, 8, 6, 19, 18, 15, 16, 0, 14, 1, 2, 13, 11]
4:0.023		10:0.076		7:0.023		9:0.089		3:0.076		17:0.089		5:0.012		12:0.076		8:0.089		6:0.076		19:0.023		18:0.012		15:0.023		16:0.089		0:0.012		14:0.012		1:0.089		2:0.012		13:0.076		11:0.023
The 55 Communcation Round: Method: fedavg
caltech10: 56.25,	amazon: 66.32,	webcam: 37.93,	dslr: 56.67
Mean Accuracy: 54.293
Standard Deviation: 11.859


56
[2, 7, 1, 11, 8, 14, 17, 6, 18, 13, 19, 10, 12, 9, 16, 3, 15, 5, 0, 4]
2:0.012		7:0.023		1:0.089		11:0.023		8:0.089		14:0.012		17:0.089		6:0.076		18:0.012		13:0.076		19:0.023		10:0.076		12:0.076		9:0.089		16:0.089		3:0.076		15:0.023		5:0.012		0:0.012		4:0.023
The 56 Communcation Round: Method: fedavg
caltech10: 57.59,	amazon: 66.32,	webcam: 43.1,	dslr: 56.67
Mean Accuracy: 55.920
Standard Deviation: 9.589


57
[19, 13, 1, 3, 5, 4, 14, 6, 2, 16, 10, 9, 8, 18, 7, 12, 17, 15, 11, 0]
19:0.023		13:0.076		1:0.089		3:0.076		5:0.012		4:0.023		14:0.012		6:0.076		2:0.012		16:0.089		10:0.076		9:0.089		8:0.089		18:0.012		7:0.023		12:0.076		17:0.089		15:0.023		11:0.023		0:0.012
The 57 Communcation Round: Method: fedavg
caltech10: 56.25,	amazon: 63.68,	webcam: 37.93,	dslr: 56.67
Mean Accuracy: 53.633
Standard Deviation: 11.009


58
[3, 5, 19, 6, 18, 8, 0, 9, 7, 10, 17, 1, 4, 2, 16, 14, 13, 11, 15, 12]
3:0.076		5:0.012		19:0.023		6:0.076		18:0.012		8:0.089		0:0.012		9:0.089		7:0.023		10:0.076		17:0.089		1:0.089		4:0.023		2:0.012		16:0.089		14:0.012		13:0.076		11:0.023		15:0.023		12:0.076
The 58 Communcation Round: Method: fedavg
caltech10: 56.7,	amazon: 67.89,	webcam: 37.93,	dslr: 56.67
Mean Accuracy: 54.797
Standard Deviation: 12.424


59
[4, 1, 9, 3, 7, 19, 11, 15, 5, 13, 14, 8, 2, 10, 16, 12, 18, 0, 6, 17]
4:0.023		1:0.089		9:0.089		3:0.076		7:0.023		19:0.023		11:0.023		15:0.023		5:0.012		13:0.076		14:0.012		8:0.089		2:0.012		10:0.076		16:0.089		12:0.076		18:0.012		0:0.012		6:0.076		17:0.089
The 59 Communcation Round: Method: fedavg
caltech10: 56.25,	amazon: 65.79,	webcam: 34.48,	dslr: 63.33
Mean Accuracy: 54.963
Standard Deviation: 14.241


60
[19, 8, 12, 17, 0, 14, 15, 13, 11, 2, 6, 18, 5, 3, 1, 4, 10, 16, 7, 9]
19:0.023		8:0.089		12:0.076		17:0.089		0:0.012		14:0.012		15:0.023		13:0.076		11:0.023		2:0.012		6:0.076		18:0.012		5:0.012		3:0.076		1:0.089		4:0.023		10:0.076		16:0.089		7:0.023		9:0.089
The 60 Communcation Round: Method: fedavg
caltech10: 57.59,	amazon: 63.16,	webcam: 37.93,	dslr: 56.67
Mean Accuracy: 53.838
Standard Deviation: 10.986


61
[11, 18, 12, 6, 17, 8, 5, 4, 2, 0, 13, 14, 9, 7, 3, 1, 10, 16, 15, 19]
11:0.023		18:0.012		12:0.076		6:0.076		17:0.089		8:0.089		5:0.012		4:0.023		2:0.012		0:0.012		13:0.076		14:0.012		9:0.089		7:0.023		3:0.076		1:0.089		10:0.076		16:0.089		15:0.023		19:0.023
The 61 Communcation Round: Method: fedavg
caltech10: 57.14,	amazon: 65.26,	webcam: 41.38,	dslr: 56.67
Mean Accuracy: 55.112
Standard Deviation: 9.968


62
[16, 6, 13, 19, 3, 15, 11, 4, 9, 7, 17, 0, 12, 1, 18, 10, 2, 8, 14, 5]
16:0.089		6:0.076		13:0.076		19:0.023		3:0.076		15:0.023		11:0.023		4:0.023		9:0.089		7:0.023		17:0.089		0:0.012		12:0.076		1:0.089		18:0.012		10:0.076		2:0.012		8:0.089		14:0.012		5:0.012
The 62 Communcation Round: Method: fedavg
caltech10: 55.36,	amazon: 66.32,	webcam: 39.66,	dslr: 53.33
Mean Accuracy: 53.667
Standard Deviation: 10.943


63
[3, 8, 12, 10, 6, 1, 11, 19, 16, 14, 9, 4, 2, 7, 17, 15, 5, 18, 13, 0]
3:0.076		8:0.089		12:0.076		10:0.076		6:0.076		1:0.089		11:0.023		19:0.023		16:0.089		14:0.012		9:0.089		4:0.023		2:0.012		7:0.023		17:0.089		15:0.023		5:0.012		18:0.012		13:0.076		0:0.012
The 63 Communcation Round: Method: fedavg
caltech10: 55.8,	amazon: 62.11,	webcam: 36.21,	dslr: 53.33
Mean Accuracy: 51.862
Standard Deviation: 11.071


64
[13, 5, 10, 12, 8, 7, 18, 4, 6, 11, 17, 15, 2, 19, 9, 1, 0, 16, 3, 14]
13:0.076		5:0.012		10:0.076		12:0.076		8:0.089		7:0.023		18:0.012		4:0.023		6:0.076		11:0.023		17:0.089		15:0.023		2:0.012		19:0.023		9:0.089		1:0.089		0:0.012		16:0.089		3:0.076		14:0.012
The 64 Communcation Round: Method: fedavg
caltech10: 54.91,	amazon: 66.84,	webcam: 39.66,	dslr: 63.33
Mean Accuracy: 56.185
Standard Deviation: 12.101


65
[2, 7, 4, 0, 19, 11, 5, 10, 9, 15, 1, 8, 17, 16, 13, 14, 3, 12, 6, 18]
2:0.012		7:0.023		4:0.023		0:0.012		19:0.023		11:0.023		5:0.012		10:0.076		9:0.089		15:0.023		1:0.089		8:0.089		17:0.089		16:0.089		13:0.076		14:0.012		3:0.076		12:0.076		6:0.076		18:0.012
The 65 Communcation Round: Method: fedavg
caltech10: 54.46,	amazon: 65.79,	webcam: 36.21,	dslr: 56.67
Mean Accuracy: 53.282
Standard Deviation: 12.393


66
[8, 5, 15, 6, 12, 19, 9, 14, 3, 17, 13, 1, 11, 2, 4, 0, 16, 18, 10, 7]
8:0.089		5:0.012		15:0.023		6:0.076		12:0.076		19:0.023		9:0.089		14:0.012		3:0.076		17:0.089		13:0.076		1:0.089		11:0.023		2:0.012		4:0.023		0:0.012		16:0.089		18:0.012		10:0.076		7:0.023
The 66 Communcation Round: Method: fedavg
caltech10: 54.91,	amazon: 66.32,	webcam: 36.21,	dslr: 53.33
Mean Accuracy: 52.692
Standard Deviation: 12.419


67
[7, 14, 9, 6, 11, 8, 5, 17, 13, 3, 18, 2, 15, 12, 19, 16, 10, 4, 1, 0]
7:0.023		14:0.012		9:0.089		6:0.076		11:0.023		8:0.089		5:0.012		17:0.089		13:0.076		3:0.076		18:0.012		2:0.012		15:0.023		12:0.076		19:0.023		16:0.089		10:0.076		4:0.023		1:0.089		0:0.012
The 67 Communcation Round: Method: fedavg
caltech10: 54.46,	amazon: 67.89,	webcam: 37.93,	dslr: 60.0
Mean Accuracy: 55.070
Standard Deviation: 12.686


68
[12, 13, 6, 5, 9, 19, 1, 11, 4, 17, 15, 14, 7, 0, 16, 8, 3, 2, 18, 10]
12:0.076		13:0.076		6:0.076		5:0.012		9:0.089		19:0.023		1:0.089		11:0.023		4:0.023		17:0.089		15:0.023		14:0.012		7:0.023		0:0.012		16:0.089		8:0.089		3:0.076		2:0.012		18:0.012		10:0.076
The 68 Communcation Round: Method: fedavg
caltech10: 56.25,	amazon: 69.47,	webcam: 39.66,	dslr: 63.33
Mean Accuracy: 57.177
Standard Deviation: 12.867


69
[1, 6, 9, 11, 17, 2, 16, 0, 13, 18, 10, 12, 19, 7, 14, 3, 5, 4, 15, 8]
1:0.089		6:0.076		9:0.089		11:0.023		17:0.089		2:0.012		16:0.089		0:0.012		13:0.076		18:0.012		10:0.076		12:0.076		19:0.023		7:0.023		14:0.012		3:0.076		5:0.012		4:0.023		15:0.023		8:0.089
The 69 Communcation Round: Method: fedavg
caltech10: 57.59,	amazon: 63.16,	webcam: 39.66,	dslr: 63.33
Mean Accuracy: 55.935
Standard Deviation: 11.173


70
[6, 9, 1, 5, 2, 3, 11, 19, 13, 12, 14, 18, 17, 16, 0, 10, 4, 15, 8, 7]
6:0.076		9:0.089		1:0.089		5:0.012		2:0.012		3:0.076		11:0.023		19:0.023		13:0.076		12:0.076		14:0.012		18:0.012		17:0.089		16:0.089		0:0.012		10:0.076		4:0.023		15:0.023		8:0.089		7:0.023
The 70 Communcation Round: Method: fedavg
caltech10: 57.14,	amazon: 68.95,	webcam: 37.93,	dslr: 60.0
Mean Accuracy: 56.005
Standard Deviation: 13.058


71
[6, 3, 14, 15, 11, 8, 0, 19, 10, 12, 4, 2, 18, 1, 7, 9, 5, 16, 13, 17]
6:0.076		3:0.076		14:0.012		15:0.023		11:0.023		8:0.089		0:0.012		19:0.023		10:0.076		12:0.076		4:0.023		2:0.012		18:0.012		1:0.089		7:0.023		9:0.089		5:0.012		16:0.089		13:0.076		17:0.089
The 71 Communcation Round: Method: fedavg
caltech10: 55.36,	amazon: 63.68,	webcam: 39.66,	dslr: 60.0
Mean Accuracy: 54.675
Standard Deviation: 10.573


72
[10, 6, 12, 8, 17, 11, 0, 15, 2, 4, 9, 14, 13, 19, 7, 18, 1, 5, 3, 16]
10:0.076		6:0.076		12:0.076		8:0.089		17:0.089		11:0.023		0:0.012		15:0.023		2:0.012		4:0.023		9:0.089		14:0.012		13:0.076		19:0.023		7:0.023		18:0.012		1:0.089		5:0.012		3:0.076		16:0.089
The 72 Communcation Round: Method: fedavg
caltech10: 54.02,	amazon: 60.0,	webcam: 31.03,	dslr: 60.0
Mean Accuracy: 51.263
Standard Deviation: 13.780


73
[17, 7, 1, 14, 9, 6, 5, 13, 2, 12, 18, 4, 0, 15, 8, 3, 11, 10, 19, 16]
17:0.089		7:0.023		1:0.089		14:0.012		9:0.089		6:0.076		5:0.012		13:0.076		2:0.012		12:0.076		18:0.012		4:0.023		0:0.012		15:0.023		8:0.089		3:0.076		11:0.023		10:0.076		19:0.023		16:0.089
The 73 Communcation Round: Method: fedavg
caltech10: 58.48,	amazon: 65.26,	webcam: 37.93,	dslr: 66.67
Mean Accuracy: 57.085
Standard Deviation: 13.261


74
[9, 17, 15, 10, 6, 4, 3, 19, 8, 13, 16, 18, 5, 14, 2, 0, 1, 11, 12, 7]
9:0.089		17:0.089		15:0.023		10:0.076		6:0.076		4:0.023		3:0.076		19:0.023		8:0.089		13:0.076		16:0.089		18:0.012		5:0.012		14:0.012		2:0.012		0:0.012		1:0.089		11:0.023		12:0.076		7:0.023
The 74 Communcation Round: Method: fedavg
caltech10: 57.14,	amazon: 65.26,	webcam: 37.93,	dslr: 60.0
Mean Accuracy: 55.083
Standard Deviation: 11.919


75
[2, 11, 17, 8, 4, 12, 3, 15, 7, 18, 9, 19, 1, 6, 14, 0, 13, 10, 5, 16]
2:0.012		11:0.023		17:0.089		8:0.089		4:0.023		12:0.076		3:0.076		15:0.023		7:0.023		18:0.012		9:0.089		19:0.023		1:0.089		6:0.076		14:0.012		0:0.012		13:0.076		10:0.076		5:0.012		16:0.089
The 75 Communcation Round: Method: fedavg
caltech10: 57.59,	amazon: 63.68,	webcam: 39.66,	dslr: 53.33
Mean Accuracy: 53.565
Standard Deviation: 10.197


76
[0, 1, 12, 8, 11, 3, 9, 15, 18, 16, 2, 7, 19, 14, 4, 5, 10, 6, 17, 13]
0:0.012		1:0.089		12:0.076		8:0.089		11:0.023		3:0.076		9:0.089		15:0.023		18:0.012		16:0.089		2:0.012		7:0.023		19:0.023		14:0.012		4:0.023		5:0.012		10:0.076		6:0.076		17:0.089		13:0.076
The 76 Communcation Round: Method: fedavg
caltech10: 57.59,	amazon: 72.11,	webcam: 39.66,	dslr: 63.33
Mean Accuracy: 58.172
Standard Deviation: 13.710


77
[10, 6, 13, 17, 11, 12, 15, 18, 3, 2, 14, 0, 4, 9, 19, 5, 7, 8, 1, 16]
10:0.076		6:0.076		13:0.076		17:0.089		11:0.023		12:0.076		15:0.023		18:0.012		3:0.076		2:0.012		14:0.012		0:0.012		4:0.023		9:0.089		19:0.023		5:0.012		7:0.023		8:0.089		1:0.089		16:0.089
The 77 Communcation Round: Method: fedavg
caltech10: 57.59,	amazon: 65.26,	webcam: 39.66,	dslr: 63.33
Mean Accuracy: 56.460
Standard Deviation: 11.664


78
[2, 14, 13, 11, 7, 19, 6, 10, 3, 16, 12, 18, 9, 8, 15, 1, 0, 4, 17, 5]
2:0.012		14:0.012		13:0.076		11:0.023		7:0.023		19:0.023		6:0.076		10:0.076		3:0.076		16:0.089		12:0.076		18:0.012		9:0.089		8:0.089		15:0.023		1:0.089		0:0.012		4:0.023		17:0.089		5:0.012
The 78 Communcation Round: Method: fedavg
caltech10: 57.59,	amazon: 68.95,	webcam: 37.93,	dslr: 70.0
Mean Accuracy: 58.617
Standard Deviation: 14.892


79
[4, 11, 10, 7, 13, 6, 9, 16, 0, 17, 3, 19, 2, 15, 5, 8, 12, 14, 18, 1]
4:0.023		11:0.023		10:0.076		7:0.023		13:0.076		6:0.076		9:0.089		16:0.089		0:0.012		17:0.089		3:0.076		19:0.023		2:0.012		15:0.023		5:0.012		8:0.089		12:0.076		14:0.012		18:0.012		1:0.089
The 79 Communcation Round: Method: fedavg
caltech10: 56.25,	amazon: 67.89,	webcam: 43.1,	dslr: 63.33
Mean Accuracy: 57.642
Standard Deviation: 10.813


80
[11, 12, 5, 1, 19, 16, 8, 7, 10, 6, 18, 0, 9, 2, 14, 3, 15, 13, 4, 17]
11:0.023		12:0.076		5:0.012		1:0.089		19:0.023		16:0.089		8:0.089		7:0.023		10:0.076		6:0.076		18:0.012		0:0.012		9:0.089		2:0.012		14:0.012		3:0.076		15:0.023		13:0.076		4:0.023		17:0.089
The 80 Communcation Round: Method: fedavg
caltech10: 55.36,	amazon: 68.95,	webcam: 41.38,	dslr: 63.33
Mean Accuracy: 57.255
Standard Deviation: 11.962


81
[10, 4, 6, 9, 13, 17, 3, 5, 16, 8, 19, 0, 14, 2, 7, 11, 15, 12, 18, 1]
10:0.076		4:0.023		6:0.076		9:0.089		13:0.076		17:0.089		3:0.076		5:0.012		16:0.089		8:0.089		19:0.023		0:0.012		14:0.012		2:0.012		7:0.023		11:0.023		15:0.023		12:0.076		18:0.012		1:0.089
The 81 Communcation Round: Method: fedavg
caltech10: 57.14,	amazon: 64.21,	webcam: 37.93,	dslr: 60.0
Mean Accuracy: 54.820
Standard Deviation: 11.628


82
[5, 0, 7, 15, 2, 13, 3, 18, 9, 12, 19, 6, 11, 10, 1, 17, 8, 14, 16, 4]
5:0.012		0:0.012		7:0.023		15:0.023		2:0.012		13:0.076		3:0.076		18:0.012		9:0.089		12:0.076		19:0.023		6:0.076		11:0.023		10:0.076		1:0.089		17:0.089		8:0.089		14:0.012		16:0.089		4:0.023
The 82 Communcation Round: Method: fedavg
caltech10: 57.59,	amazon: 68.42,	webcam: 39.66,	dslr: 70.0
Mean Accuracy: 58.918
Standard Deviation: 13.973


83
[2, 15, 16, 4, 1, 17, 19, 10, 8, 7, 3, 5, 12, 13, 9, 11, 18, 6, 14, 0]
2:0.012		15:0.023		16:0.089		4:0.023		1:0.089		17:0.089		19:0.023		10:0.076		8:0.089		7:0.023		3:0.076		5:0.012		12:0.076		13:0.076		9:0.089		11:0.023		18:0.012		6:0.076		14:0.012		0:0.012
The 83 Communcation Round: Method: fedavg
caltech10: 54.91,	amazon: 68.42,	webcam: 37.93,	dslr: 60.0
Mean Accuracy: 55.315
Standard Deviation: 12.859


84
[3, 11, 13, 5, 9, 4, 8, 15, 18, 12, 14, 16, 1, 2, 6, 7, 0, 17, 19, 10]
3:0.076		11:0.023		13:0.076		5:0.012		9:0.089		4:0.023		8:0.089		15:0.023		18:0.012		12:0.076		14:0.012		16:0.089		1:0.089		2:0.012		6:0.076		7:0.023		0:0.012		17:0.089		19:0.023		10:0.076
The 84 Communcation Round: Method: fedavg
caltech10: 58.48,	amazon: 67.37,	webcam: 46.55,	dslr: 60.0
Mean Accuracy: 58.100
Standard Deviation: 8.623


85
[0, 11, 14, 13, 9, 8, 15, 12, 1, 17, 2, 10, 16, 7, 4, 5, 3, 19, 6, 18]
0:0.012		11:0.023		14:0.012		13:0.076		9:0.089		8:0.089		15:0.023		12:0.076		1:0.089		17:0.089		2:0.012		10:0.076		16:0.089		7:0.023		4:0.023		5:0.012		3:0.076		19:0.023		6:0.076		18:0.012
The 85 Communcation Round: Method: fedavg
caltech10: 56.7,	amazon: 68.42,	webcam: 41.38,	dslr: 60.0
Mean Accuracy: 56.625
Standard Deviation: 11.298


86
[8, 1, 12, 2, 7, 18, 6, 11, 16, 10, 19, 9, 14, 13, 17, 5, 15, 4, 3, 0]
8:0.089		1:0.089		12:0.076		2:0.012		7:0.023		18:0.012		6:0.076		11:0.023		16:0.089		10:0.076		19:0.023		9:0.089		14:0.012		13:0.076		17:0.089		5:0.012		15:0.023		4:0.023		3:0.076		0:0.012
The 86 Communcation Round: Method: fedavg
caltech10: 56.25,	amazon: 66.32,	webcam: 41.38,	dslr: 60.0
Mean Accuracy: 55.987
Standard Deviation: 10.588


87
[8, 3, 15, 9, 19, 4, 0, 13, 5, 14, 18, 17, 7, 1, 16, 2, 11, 12, 6, 10]
8:0.089		3:0.076		15:0.023		9:0.089		19:0.023		4:0.023		0:0.012		13:0.076		5:0.012		14:0.012		18:0.012		17:0.089		7:0.023		1:0.089		16:0.089		2:0.012		11:0.023		12:0.076		6:0.076		10:0.076
The 87 Communcation Round: Method: fedavg
caltech10: 58.93,	amazon: 70.0,	webcam: 43.1,	dslr: 56.67
Mean Accuracy: 57.175
Standard Deviation: 11.044


88
[0, 18, 17, 12, 14, 1, 19, 10, 3, 6, 11, 9, 16, 5, 8, 13, 7, 2, 4, 15]
0:0.012		18:0.012		17:0.089		12:0.076		14:0.012		1:0.089		19:0.023		10:0.076		3:0.076		6:0.076		11:0.023		9:0.089		16:0.089		5:0.012		8:0.089		13:0.076		7:0.023		2:0.012		4:0.023		15:0.023
The 88 Communcation Round: Method: fedavg
caltech10: 56.7,	amazon: 67.37,	webcam: 43.1,	dslr: 63.33
Mean Accuracy: 57.625
Standard Deviation: 10.636


89
[6, 4, 0, 11, 16, 14, 15, 9, 5, 13, 19, 12, 10, 7, 17, 2, 3, 1, 8, 18]
6:0.076		4:0.023		0:0.012		11:0.023		16:0.089		14:0.012		15:0.023		9:0.089		5:0.012		13:0.076		19:0.023		12:0.076		10:0.076		7:0.023		17:0.089		2:0.012		3:0.076		1:0.089		8:0.089		18:0.012
The 89 Communcation Round: Method: fedavg
caltech10: 59.38,	amazon: 69.47,	webcam: 39.66,	dslr: 53.33
Mean Accuracy: 55.460
Standard Deviation: 12.461


90
[3, 9, 6, 2, 4, 13, 14, 12, 15, 0, 19, 16, 11, 7, 10, 1, 8, 5, 18, 17]
3:0.076		9:0.089		6:0.076		2:0.012		4:0.023		13:0.076		14:0.012		12:0.076		15:0.023		0:0.012		19:0.023		16:0.089		11:0.023		7:0.023		10:0.076		1:0.089		8:0.089		5:0.012		18:0.012		17:0.089
The 90 Communcation Round: Method: fedavg
caltech10: 58.93,	amazon: 67.37,	webcam: 41.38,	dslr: 63.33
Mean Accuracy: 57.752
Standard Deviation: 11.446


91
[0, 9, 2, 11, 13, 6, 5, 14, 1, 15, 16, 19, 17, 4, 7, 10, 3, 12, 18, 8]
0:0.012		9:0.089		2:0.012		11:0.023		13:0.076		6:0.076		5:0.012		14:0.012		1:0.089		15:0.023		16:0.089		19:0.023		17:0.089		4:0.023		7:0.023		10:0.076		3:0.076		12:0.076		18:0.012		8:0.089
The 91 Communcation Round: Method: fedavg
caltech10: 56.7,	amazon: 63.16,	webcam: 41.38,	dslr: 60.0
Mean Accuracy: 55.310
Standard Deviation: 9.654


92
[3, 19, 6, 4, 17, 12, 18, 0, 8, 5, 9, 16, 15, 11, 1, 2, 13, 10, 7, 14]
3:0.076		19:0.023		6:0.076		4:0.023		17:0.089		12:0.076		18:0.012		0:0.012		8:0.089		5:0.012		9:0.089		16:0.089		15:0.023		11:0.023		1:0.089		2:0.012		13:0.076		10:0.076		7:0.023		14:0.012
The 92 Communcation Round: Method: fedavg
caltech10: 57.14,	amazon: 66.32,	webcam: 43.1,	dslr: 63.33
Mean Accuracy: 57.472
Standard Deviation: 10.316


93
[19, 18, 5, 3, 9, 6, 16, 13, 7, 15, 2, 11, 14, 0, 10, 1, 12, 17, 4, 8]
19:0.023		18:0.012		5:0.012		3:0.076		9:0.089		6:0.076		16:0.089		13:0.076		7:0.023		15:0.023		2:0.012		11:0.023		14:0.012		0:0.012		10:0.076		1:0.089		12:0.076		17:0.089		4:0.023		8:0.089
The 93 Communcation Round: Method: fedavg
caltech10: 54.91,	amazon: 63.68,	webcam: 41.38,	dslr: 60.0
Mean Accuracy: 54.992
Standard Deviation: 9.761


94
[10, 5, 8, 2, 14, 15, 11, 19, 7, 17, 1, 12, 18, 4, 6, 13, 0, 16, 3, 9]
10:0.076		5:0.012		8:0.089		2:0.012		14:0.012		15:0.023		11:0.023		19:0.023		7:0.023		17:0.089		1:0.089		12:0.076		18:0.012		4:0.023		6:0.076		13:0.076		0:0.012		16:0.089		3:0.076		9:0.089
The 94 Communcation Round: Method: fedavg
caltech10: 55.8,	amazon: 68.42,	webcam: 44.83,	dslr: 66.67
Mean Accuracy: 58.930
Standard Deviation: 10.933


95
[0, 16, 15, 17, 18, 14, 2, 8, 3, 9, 13, 10, 12, 19, 7, 5, 11, 4, 1, 6]
0:0.012		16:0.089		15:0.023		17:0.089		18:0.012		14:0.012		2:0.012		8:0.089		3:0.076		9:0.089		13:0.076		10:0.076		12:0.076		19:0.023		7:0.023		5:0.012		11:0.023		4:0.023		1:0.089		6:0.076
The 95 Communcation Round: Method: fedavg
caltech10: 57.14,	amazon: 69.47,	webcam: 43.1,	dslr: 60.0
Mean Accuracy: 57.428
Standard Deviation: 10.909


96
[16, 17, 8, 18, 3, 19, 5, 2, 4, 10, 6, 1, 14, 7, 0, 9, 11, 12, 15, 13]
16:0.089		17:0.089		8:0.089		18:0.012		3:0.076		19:0.023		5:0.012		2:0.012		4:0.023		10:0.076		6:0.076		1:0.089		14:0.012		7:0.023		0:0.012		9:0.089		11:0.023		12:0.076		15:0.023		13:0.076
The 96 Communcation Round: Method: fedavg
caltech10: 59.82,	amazon: 70.0,	webcam: 43.1,	dslr: 66.67
Mean Accuracy: 59.897
Standard Deviation: 11.973


97
[18, 8, 7, 16, 5, 0, 1, 9, 3, 19, 14, 10, 13, 2, 4, 6, 15, 11, 12, 17]
18:0.012		8:0.089		7:0.023		16:0.089		5:0.012		0:0.012		1:0.089		9:0.089		3:0.076		19:0.023		14:0.012		10:0.076		13:0.076		2:0.012		4:0.023		6:0.076		15:0.023		11:0.023		12:0.076		17:0.089
The 97 Communcation Round: Method: fedavg
caltech10: 57.59,	amazon: 65.26,	webcam: 41.38,	dslr: 56.67
Mean Accuracy: 55.225
Standard Deviation: 10.001


98
[15, 11, 17, 13, 3, 1, 6, 7, 5, 18, 10, 0, 16, 12, 4, 8, 14, 19, 2, 9]
15:0.023		11:0.023		17:0.089		13:0.076		3:0.076		1:0.089		6:0.076		7:0.023		5:0.012		18:0.012		10:0.076		0:0.012		16:0.089		12:0.076		4:0.023		8:0.089		14:0.012		19:0.023		2:0.012		9:0.089
The 98 Communcation Round: Method: fedavg
caltech10: 56.25,	amazon: 69.47,	webcam: 44.83,	dslr: 60.0
Mean Accuracy: 57.638
Standard Deviation: 10.191


99
[6, 2, 4, 13, 11, 12, 0, 8, 9, 16, 15, 14, 7, 1, 17, 5, 3, 10, 18, 19]
6:0.076		2:0.012		4:0.023		13:0.076		11:0.023		12:0.076		0:0.012		8:0.089		9:0.089		16:0.089		15:0.023		14:0.012		7:0.023		1:0.089		17:0.089		5:0.012		3:0.076		10:0.076		18:0.012		19:0.023
The 99 Communcation Round: Method: fedavg
caltech10: 59.82,	amazon: 70.53,	webcam: 46.55,	dslr: 60.0
Mean Accuracy: 59.225
Standard Deviation: 9.822


100
[16, 14, 0, 15, 2, 5, 6, 1, 17, 19, 13, 4, 8, 7, 10, 18, 3, 11, 9, 12]
16:0.089		14:0.012		0:0.012		15:0.023		2:0.012		5:0.012		6:0.076		1:0.089		17:0.089		19:0.023		13:0.076		4:0.023		8:0.089		7:0.023		10:0.076		18:0.012		3:0.076		11:0.023		9:0.089		12:0.076
The 100 Communcation Round: Method: fedavg
caltech10: 58.93,	amazon: 66.32,	webcam: 41.38,	dslr: 53.33
Mean Accuracy: 54.990
Standard Deviation: 10.518


101
[2, 11, 15, 14, 0, 12, 8, 4, 17, 7, 1, 5, 9, 19, 13, 10, 18, 16, 3, 6]
2:0.012		11:0.023		15:0.023		14:0.012		0:0.012		12:0.076		8:0.089		4:0.023		17:0.089		7:0.023		1:0.089		5:0.012		9:0.089		19:0.023		13:0.076		10:0.076		18:0.012		16:0.089		3:0.076		6:0.076
The 101 Communcation Round: Method: fedavg
caltech10: 57.14,	amazon: 66.32,	webcam: 41.38,	dslr: 56.67
Mean Accuracy: 55.377
Standard Deviation: 10.335


102
[3, 13, 12, 16, 17, 19, 15, 14, 10, 7, 8, 4, 9, 5, 18, 1, 0, 2, 6, 11]
3:0.076		13:0.076		12:0.076		16:0.089		17:0.089		19:0.023		15:0.023		14:0.012		10:0.076		7:0.023		8:0.089		4:0.023		9:0.089		5:0.012		18:0.012		1:0.089		0:0.012		2:0.012		6:0.076		11:0.023
The 102 Communcation Round: Method: fedavg
caltech10: 58.93,	amazon: 73.68,	webcam: 43.1,	dslr: 50.0
Mean Accuracy: 56.428
Standard Deviation: 13.202


103
[4, 17, 0, 2, 8, 12, 1, 3, 13, 6, 9, 16, 5, 15, 14, 19, 7, 11, 10, 18]
4:0.023		17:0.089		0:0.012		2:0.012		8:0.089		12:0.076		1:0.089		3:0.076		13:0.076		6:0.076		9:0.089		16:0.089		5:0.012		15:0.023		14:0.012		19:0.023		7:0.023		11:0.023		10:0.076		18:0.012
The 103 Communcation Round: Method: fedavg
caltech10: 57.59,	amazon: 72.11,	webcam: 46.55,	dslr: 63.33
Mean Accuracy: 59.895
Standard Deviation: 10.715


104
[6, 15, 3, 11, 14, 19, 8, 13, 0, 2, 10, 4, 18, 16, 7, 9, 12, 1, 5, 17]
6:0.076		15:0.023		3:0.076		11:0.023		14:0.012		19:0.023		8:0.089		13:0.076		0:0.012		2:0.012		10:0.076		4:0.023		18:0.012		16:0.089		7:0.023		9:0.089		12:0.076		1:0.089		5:0.012		17:0.089
The 104 Communcation Round: Method: fedavg
caltech10: 58.48,	amazon: 65.26,	webcam: 44.83,	dslr: 53.33
Mean Accuracy: 55.475
Standard Deviation: 8.616


105
[15, 7, 0, 17, 16, 11, 9, 19, 18, 5, 2, 3, 14, 12, 8, 13, 10, 1, 6, 4]
15:0.023		7:0.023		0:0.012		17:0.089		16:0.089		11:0.023		9:0.089		19:0.023		18:0.012		5:0.012		2:0.012		3:0.076		14:0.012		12:0.076		8:0.089		13:0.076		10:0.076		1:0.089		6:0.076		4:0.023
The 105 Communcation Round: Method: fedavg
caltech10: 54.46,	amazon: 64.74,	webcam: 39.66,	dslr: 60.0
Mean Accuracy: 54.715
Standard Deviation: 10.880


106
[0, 8, 19, 13, 4, 17, 9, 14, 10, 1, 18, 6, 2, 12, 15, 11, 16, 7, 5, 3]
0:0.012		8:0.089		19:0.023		13:0.076		4:0.023		17:0.089		9:0.089		14:0.012		10:0.076		1:0.089		18:0.012		6:0.076		2:0.012		12:0.076		15:0.023		11:0.023		16:0.089		7:0.023		5:0.012		3:0.076
The 106 Communcation Round: Method: fedavg
caltech10: 58.48,	amazon: 65.26,	webcam: 44.83,	dslr: 50.0
Mean Accuracy: 54.642
Standard Deviation: 9.042


107
[9, 7, 6, 11, 16, 5, 8, 4, 14, 10, 2, 1, 19, 13, 3, 15, 17, 18, 12, 0]
9:0.089		7:0.023		6:0.076		11:0.023		16:0.089		5:0.012		8:0.089		4:0.023		14:0.012		10:0.076		2:0.012		1:0.089		19:0.023		13:0.076		3:0.076		15:0.023		17:0.089		18:0.012		12:0.076		0:0.012
The 107 Communcation Round: Method: fedavg
caltech10: 58.04,	amazon: 66.32,	webcam: 44.83,	dslr: 53.33
Mean Accuracy: 55.630
Standard Deviation: 8.982


108
[10, 7, 4, 11, 0, 8, 14, 3, 16, 2, 17, 5, 12, 18, 13, 6, 9, 19, 1, 15]
10:0.076		7:0.023		4:0.023		11:0.023		0:0.012		8:0.089		14:0.012		3:0.076		16:0.089		2:0.012		17:0.089		5:0.012		12:0.076		18:0.012		13:0.076		6:0.076		9:0.089		19:0.023		1:0.089		15:0.023
The 108 Communcation Round: Method: fedavg
caltech10: 56.7,	amazon: 67.89,	webcam: 44.83,	dslr: 60.0
Mean Accuracy: 57.355
Standard Deviation: 9.579


109
[0, 7, 18, 1, 3, 14, 10, 4, 9, 13, 11, 2, 5, 19, 15, 16, 8, 12, 6, 17]
0:0.012		7:0.023		18:0.012		1:0.089		3:0.076		14:0.012		10:0.076		4:0.023		9:0.089		13:0.076		11:0.023		2:0.012		5:0.012		19:0.023		15:0.023		16:0.089		8:0.089		12:0.076		6:0.076		17:0.089
The 109 Communcation Round: Method: fedavg
caltech10: 57.14,	amazon: 72.11,	webcam: 43.1,	dslr: 60.0
Mean Accuracy: 58.087
Standard Deviation: 11.914


110
[13, 12, 1, 0, 15, 18, 5, 10, 7, 4, 6, 19, 14, 2, 9, 11, 16, 3, 8, 17]
13:0.076		12:0.076		1:0.089		0:0.012		15:0.023		18:0.012		5:0.012		10:0.076		7:0.023		4:0.023		6:0.076		19:0.023		14:0.012		2:0.012		9:0.089		11:0.023		16:0.089		3:0.076		8:0.089		17:0.089
The 110 Communcation Round: Method: fedavg
caltech10: 57.14,	amazon: 71.58,	webcam: 44.83,	dslr: 53.33
Mean Accuracy: 56.720
Standard Deviation: 11.163


111
[19, 12, 6, 13, 2, 9, 18, 3, 8, 7, 16, 0, 17, 4, 10, 14, 5, 11, 1, 15]
19:0.023		12:0.076		6:0.076		13:0.076		2:0.012		9:0.089		18:0.012		3:0.076		8:0.089		7:0.023		16:0.089		0:0.012		17:0.089		4:0.023		10:0.076		14:0.012		5:0.012		11:0.023		1:0.089		15:0.023
The 111 Communcation Round: Method: fedavg
caltech10: 58.48,	amazon: 71.58,	webcam: 44.83,	dslr: 50.0
Mean Accuracy: 56.222
Standard Deviation: 11.683


112
[0, 5, 10, 9, 17, 16, 7, 2, 19, 15, 12, 1, 13, 14, 4, 3, 11, 6, 8, 18]
0:0.012		5:0.012		10:0.076		9:0.089		17:0.089		16:0.089		7:0.023		2:0.012		19:0.023		15:0.023		12:0.076		1:0.089		13:0.076		14:0.012		4:0.023		3:0.076		11:0.023		6:0.076		8:0.089		18:0.012
The 112 Communcation Round: Method: fedavg
caltech10: 58.93,	amazon: 71.05,	webcam: 39.66,	dslr: 63.33
Mean Accuracy: 58.242
Standard Deviation: 13.363


113
[11, 10, 2, 16, 6, 4, 1, 17, 12, 8, 13, 18, 5, 14, 19, 0, 15, 9, 3, 7]
11:0.023		10:0.076		2:0.012		16:0.089		6:0.076		4:0.023		1:0.089		17:0.089		12:0.076		8:0.089		13:0.076		18:0.012		5:0.012		14:0.012		19:0.023		0:0.012		15:0.023		9:0.089		3:0.076		7:0.023
The 113 Communcation Round: Method: fedavg
caltech10: 59.82,	amazon: 66.84,	webcam: 44.83,	dslr: 60.0
Mean Accuracy: 57.873
Standard Deviation: 9.289


114
[14, 9, 1, 18, 0, 3, 17, 6, 5, 7, 12, 8, 13, 4, 10, 15, 11, 19, 16, 2]
14:0.012		9:0.089		1:0.089		18:0.012		0:0.012		3:0.076		17:0.089		6:0.076		5:0.012		7:0.023		12:0.076		8:0.089		13:0.076		4:0.023		10:0.076		15:0.023		11:0.023		19:0.023		16:0.089		2:0.012
The 114 Communcation Round: Method: fedavg
caltech10: 60.27,	amazon: 70.53,	webcam: 43.1,	dslr: 50.0
Mean Accuracy: 55.975
Standard Deviation: 11.997


115
[18, 10, 13, 15, 14, 16, 17, 0, 2, 5, 3, 4, 8, 19, 12, 7, 11, 1, 9, 6]
18:0.012		10:0.076		13:0.076		15:0.023		14:0.012		16:0.089		17:0.089		0:0.012		2:0.012		5:0.012		3:0.076		4:0.023		8:0.089		19:0.023		12:0.076		7:0.023		11:0.023		1:0.089		9:0.089		6:0.076
The 115 Communcation Round: Method: fedavg
caltech10: 58.04,	amazon: 70.53,	webcam: 43.1,	dslr: 50.0
Mean Accuracy: 55.417
Standard Deviation: 11.780


116
[19, 17, 7, 14, 4, 6, 15, 2, 18, 0, 16, 12, 11, 10, 5, 1, 9, 3, 8, 13]
19:0.023		17:0.089		7:0.023		14:0.012		4:0.023		6:0.076		15:0.023		2:0.012		18:0.012		0:0.012		16:0.089		12:0.076		11:0.023		10:0.076		5:0.012		1:0.089		9:0.089		3:0.076		8:0.089		13:0.076
The 116 Communcation Round: Method: fedavg
caltech10: 56.25,	amazon: 66.84,	webcam: 41.38,	dslr: 50.0
Mean Accuracy: 53.617
Standard Deviation: 10.718


117
[2, 3, 17, 13, 0, 19, 1, 9, 14, 16, 12, 5, 7, 6, 18, 10, 8, 15, 11, 4]
2:0.012		3:0.076		17:0.089		13:0.076		0:0.012		19:0.023		1:0.089		9:0.089		14:0.012		16:0.089		12:0.076		5:0.012		7:0.023		6:0.076		18:0.012		10:0.076		8:0.089		15:0.023		11:0.023		4:0.023
The 117 Communcation Round: Method: fedavg
caltech10: 60.71,	amazon: 72.63,	webcam: 41.38,	dslr: 50.0
Mean Accuracy: 56.180
Standard Deviation: 13.520


118
[14, 10, 4, 16, 1, 15, 18, 13, 11, 19, 8, 5, 12, 3, 17, 2, 7, 6, 0, 9]
14:0.012		10:0.076		4:0.023		16:0.089		1:0.089		15:0.023		18:0.012		13:0.076		11:0.023		19:0.023		8:0.089		5:0.012		12:0.076		3:0.076		17:0.089		2:0.012		7:0.023		6:0.076		0:0.012		9:0.089
The 118 Communcation Round: Method: fedavg
caltech10: 58.04,	amazon: 65.79,	webcam: 41.38,	dslr: 56.67
Mean Accuracy: 55.470
Standard Deviation: 10.216


119
[1, 9, 17, 8, 5, 12, 2, 15, 14, 0, 13, 16, 3, 19, 11, 4, 6, 10, 18, 7]
1:0.089		9:0.089		17:0.089		8:0.089		5:0.012		12:0.076		2:0.012		15:0.023		14:0.012		0:0.012		13:0.076		16:0.089		3:0.076		19:0.023		11:0.023		4:0.023		6:0.076		10:0.076		18:0.012		7:0.023
The 119 Communcation Round: Method: fedavg
caltech10: 57.14,	amazon: 67.37,	webcam: 43.1,	dslr: 60.0
Mean Accuracy: 56.903
Standard Deviation: 10.161


120
[17, 6, 4, 14, 0, 7, 10, 3, 1, 2, 13, 18, 11, 19, 15, 12, 16, 8, 5, 9]
17:0.089		6:0.076		4:0.023		14:0.012		0:0.012		7:0.023		10:0.076		3:0.076		1:0.089		2:0.012		13:0.076		18:0.012		11:0.023		19:0.023		15:0.023		12:0.076		16:0.089		8:0.089		5:0.012		9:0.089
The 120 Communcation Round: Method: fedavg
caltech10: 61.16,	amazon: 70.53,	webcam: 44.83,	dslr: 53.33
Mean Accuracy: 57.462
Standard Deviation: 10.971


121
[18, 10, 2, 19, 9, 14, 17, 11, 16, 13, 15, 8, 6, 1, 5, 12, 4, 3, 7, 0]
18:0.012		10:0.076		2:0.012		19:0.023		9:0.089		14:0.012		17:0.089		11:0.023		16:0.089		13:0.076		15:0.023		8:0.089		6:0.076		1:0.089		5:0.012		12:0.076		4:0.023		3:0.076		7:0.023		0:0.012
The 121 Communcation Round: Method: fedavg
caltech10: 58.93,	amazon: 65.26,	webcam: 46.55,	dslr: 56.67
Mean Accuracy: 56.853
Standard Deviation: 7.771


122
[1, 15, 10, 9, 13, 4, 18, 17, 19, 11, 6, 14, 7, 16, 5, 0, 8, 3, 2, 12]
1:0.089		15:0.023		10:0.076		9:0.089		13:0.076		4:0.023		18:0.012		17:0.089		19:0.023		11:0.023		6:0.076		14:0.012		7:0.023		16:0.089		5:0.012		0:0.012		8:0.089		3:0.076		2:0.012		12:0.076
The 122 Communcation Round: Method: fedavg
caltech10: 59.82,	amazon: 65.26,	webcam: 44.83,	dslr: 60.0
Mean Accuracy: 57.478
Standard Deviation: 8.801


123
[7, 2, 19, 8, 11, 9, 3, 15, 14, 18, 13, 4, 1, 10, 0, 5, 16, 17, 12, 6]
7:0.023		2:0.012		19:0.023		8:0.089		11:0.023		9:0.089		3:0.076		15:0.023		14:0.012		18:0.012		13:0.076		4:0.023		1:0.089		10:0.076		0:0.012		5:0.012		16:0.089		17:0.089		12:0.076		6:0.076
The 123 Communcation Round: Method: fedavg
caltech10: 56.7,	amazon: 63.68,	webcam: 44.83,	dslr: 60.0
Mean Accuracy: 56.302
Standard Deviation: 8.162


124
[3, 9, 17, 11, 13, 7, 12, 6, 8, 10, 19, 1, 0, 15, 16, 2, 4, 14, 5, 18]
3:0.076		9:0.089		17:0.089		11:0.023		13:0.076		7:0.023		12:0.076		6:0.076		8:0.089		10:0.076		19:0.023		1:0.089		0:0.012		15:0.023		16:0.089		2:0.012		4:0.023		14:0.012		5:0.012		18:0.012
The 124 Communcation Round: Method: fedavg
caltech10: 58.04,	amazon: 64.21,	webcam: 43.1,	dslr: 63.33
Mean Accuracy: 57.170
Standard Deviation: 9.768


125
[6, 8, 13, 0, 4, 14, 19, 9, 12, 11, 2, 3, 17, 7, 1, 5, 15, 10, 16, 18]
6:0.076		8:0.089		13:0.076		0:0.012		4:0.023		14:0.012		19:0.023		9:0.089		12:0.076		11:0.023		2:0.012		3:0.076		17:0.089		7:0.023		1:0.089		5:0.012		15:0.023		10:0.076		16:0.089		18:0.012
The 125 Communcation Round: Method: fedavg
caltech10: 59.38,	amazon: 71.58,	webcam: 46.55,	dslr: 60.0
Mean Accuracy: 59.377
Standard Deviation: 10.228


126
[19, 3, 9, 18, 11, 8, 0, 15, 2, 1, 5, 10, 13, 4, 6, 14, 17, 16, 12, 7]
19:0.023		3:0.076		9:0.089		18:0.012		11:0.023		8:0.089		0:0.012		15:0.023		2:0.012		1:0.089		5:0.012		10:0.076		13:0.076		4:0.023		6:0.076		14:0.012		17:0.089		16:0.089		12:0.076		7:0.023
The 126 Communcation Round: Method: fedavg
caltech10: 58.93,	amazon: 65.79,	webcam: 41.38,	dslr: 60.0
Mean Accuracy: 56.525
Standard Deviation: 10.537


127
[14, 3, 7, 17, 10, 16, 0, 2, 8, 18, 6, 4, 12, 15, 1, 9, 19, 11, 13, 5]
14:0.012		3:0.076		7:0.023		17:0.089		10:0.076		16:0.089		0:0.012		2:0.012		8:0.089		18:0.012		6:0.076		4:0.023		12:0.076		15:0.023		1:0.089		9:0.089		19:0.023		11:0.023		13:0.076		5:0.012
The 127 Communcation Round: Method: fedavg
caltech10: 56.7,	amazon: 66.84,	webcam: 43.1,	dslr: 50.0
Mean Accuracy: 54.160
Standard Deviation: 10.114


128
[12, 8, 14, 17, 3, 16, 2, 7, 9, 11, 10, 4, 19, 0, 5, 13, 18, 15, 1, 6]
12:0.076		8:0.089		14:0.012		17:0.089		3:0.076		16:0.089		2:0.012		7:0.023		9:0.089		11:0.023		10:0.076		4:0.023		19:0.023		0:0.012		5:0.012		13:0.076		18:0.012		15:0.023		1:0.089		6:0.076
The 128 Communcation Round: Method: fedavg
caltech10: 57.59,	amazon: 70.0,	webcam: 44.83,	dslr: 53.33
Mean Accuracy: 56.438
Standard Deviation: 10.483


129
[0, 3, 4, 18, 14, 12, 1, 6, 2, 5, 19, 17, 15, 9, 8, 13, 10, 11, 7, 16]
0:0.012		3:0.076		4:0.023		18:0.012		14:0.012		12:0.076		1:0.089		6:0.076		2:0.012		5:0.012		19:0.023		17:0.089		15:0.023		9:0.089		8:0.089		13:0.076		10:0.076		11:0.023		7:0.023		16:0.089
The 129 Communcation Round: Method: fedavg
caltech10: 60.71,	amazon: 72.11,	webcam: 39.66,	dslr: 60.0
Mean Accuracy: 58.120
Standard Deviation: 13.500


130
[6, 2, 13, 5, 19, 15, 8, 7, 12, 17, 18, 9, 10, 0, 1, 4, 3, 16, 11, 14]
6:0.076		2:0.012		13:0.076		5:0.012		19:0.023		15:0.023		8:0.089		7:0.023		12:0.076		17:0.089		18:0.012		9:0.089		10:0.076		0:0.012		1:0.089		4:0.023		3:0.076		16:0.089		11:0.023		14:0.012
The 130 Communcation Round: Method: fedavg
caltech10: 60.27,	amazon: 68.95,	webcam: 43.1,	dslr: 60.0
Mean Accuracy: 58.080
Standard Deviation: 10.817


131
[5, 12, 7, 10, 15, 16, 3, 9, 0, 2, 4, 8, 1, 17, 13, 6, 18, 14, 19, 11]
5:0.012		12:0.076		7:0.023		10:0.076		15:0.023		16:0.089		3:0.076		9:0.089		0:0.012		2:0.012		4:0.023		8:0.089		1:0.089		17:0.089		13:0.076		6:0.076		18:0.012		14:0.012		19:0.023		11:0.023
The 131 Communcation Round: Method: fedavg
caltech10: 54.91,	amazon: 67.89,	webcam: 44.83,	dslr: 60.0
Mean Accuracy: 56.907
Standard Deviation: 9.662


132
[3, 0, 6, 5, 9, 15, 12, 7, 8, 11, 2, 16, 10, 17, 4, 1, 13, 18, 19, 14]
3:0.076		0:0.012		6:0.076		5:0.012		9:0.089		15:0.023		12:0.076		7:0.023		8:0.089		11:0.023		2:0.012		16:0.089		10:0.076		17:0.089		4:0.023		1:0.089		13:0.076		18:0.012		19:0.023		14:0.012
The 132 Communcation Round: Method: fedavg
caltech10: 60.27,	amazon: 70.53,	webcam: 39.66,	dslr: 60.0
Mean Accuracy: 57.615
Standard Deviation: 12.935


133
[10, 3, 15, 2, 4, 0, 6, 7, 16, 8, 1, 18, 11, 17, 19, 5, 12, 14, 9, 13]
10:0.076		3:0.076		15:0.023		2:0.012		4:0.023		0:0.012		6:0.076		7:0.023		16:0.089		8:0.089		1:0.089		18:0.012		11:0.023		17:0.089		19:0.023		5:0.012		12:0.076		14:0.012		9:0.089		13:0.076
The 133 Communcation Round: Method: fedavg
caltech10: 57.59,	amazon: 66.84,	webcam: 43.1,	dslr: 53.33
Mean Accuracy: 55.215
Standard Deviation: 9.851


134
[18, 0, 13, 2, 16, 4, 14, 3, 7, 8, 10, 1, 6, 5, 9, 15, 11, 17, 12, 19]
18:0.012		0:0.012		13:0.076		2:0.012		16:0.089		4:0.023		14:0.012		3:0.076		7:0.023		8:0.089		10:0.076		1:0.089		6:0.076		5:0.012		9:0.089		15:0.023		11:0.023		17:0.089		12:0.076		19:0.023
The 134 Communcation Round: Method: fedavg
caltech10: 58.04,	amazon: 66.32,	webcam: 41.38,	dslr: 56.67
Mean Accuracy: 55.602
Standard Deviation: 10.396


135
[13, 18, 3, 5, 4, 14, 1, 12, 19, 8, 9, 15, 2, 6, 7, 10, 0, 16, 17, 11]
13:0.076		18:0.012		3:0.076		5:0.012		4:0.023		14:0.012		1:0.089		12:0.076		19:0.023		8:0.089		9:0.089		15:0.023		2:0.012		6:0.076		7:0.023		10:0.076		0:0.012		16:0.089		17:0.089		11:0.023
The 135 Communcation Round: Method: fedavg
caltech10: 60.71,	amazon: 66.84,	webcam: 44.83,	dslr: 53.33
Mean Accuracy: 56.427
Standard Deviation: 9.502


136
[8, 15, 7, 13, 0, 16, 2, 10, 4, 17, 3, 12, 9, 6, 5, 19, 1, 11, 18, 14]
8:0.089		15:0.023		7:0.023		13:0.076		0:0.012		16:0.089		2:0.012		10:0.076		4:0.023		17:0.089		3:0.076		12:0.076		9:0.089		6:0.076		5:0.012		19:0.023		1:0.089		11:0.023		18:0.012		14:0.012
The 136 Communcation Round: Method: fedavg
caltech10: 54.91,	amazon: 70.0,	webcam: 39.66,	dslr: 56.67
Mean Accuracy: 55.310
Standard Deviation: 12.419


137
[16, 4, 8, 11, 17, 18, 9, 7, 0, 1, 19, 12, 6, 2, 15, 10, 13, 5, 3, 14]
16:0.089		4:0.023		8:0.089		11:0.023		17:0.089		18:0.012		9:0.089		7:0.023		0:0.012		1:0.089		19:0.023		12:0.076		6:0.076		2:0.012		15:0.023		10:0.076		13:0.076		5:0.012		3:0.076		14:0.012
The 137 Communcation Round: Method: fedavg
caltech10: 56.25,	amazon: 64.74,	webcam: 44.83,	dslr: 56.67
Mean Accuracy: 55.623
Standard Deviation: 8.187


138
[2, 17, 1, 3, 0, 14, 16, 7, 4, 15, 12, 5, 11, 18, 10, 8, 6, 13, 19, 9]
2:0.012		17:0.089		1:0.089		3:0.076		0:0.012		14:0.012		16:0.089		7:0.023		4:0.023		15:0.023		12:0.076		5:0.012		11:0.023		18:0.012		10:0.076		8:0.089		6:0.076		13:0.076		19:0.023		9:0.089
The 138 Communcation Round: Method: fedavg
caltech10: 58.93,	amazon: 69.47,	webcam: 46.55,	dslr: 63.33
Mean Accuracy: 59.570
Standard Deviation: 9.697


139
[16, 7, 14, 17, 19, 0, 10, 15, 1, 12, 13, 18, 9, 2, 11, 8, 5, 4, 3, 6]
16:0.089		7:0.023		14:0.012		17:0.089		19:0.023		0:0.012		10:0.076		15:0.023		1:0.089		12:0.076		13:0.076		18:0.012		9:0.089		2:0.012		11:0.023		8:0.089		5:0.012		4:0.023		3:0.076		6:0.076
The 139 Communcation Round: Method: fedavg
caltech10: 58.48,	amazon: 71.58,	webcam: 46.55,	dslr: 56.67
Mean Accuracy: 58.320
Standard Deviation: 10.281


140
[13, 0, 8, 6, 19, 3, 5, 14, 1, 9, 11, 16, 12, 17, 7, 10, 4, 2, 18, 15]
13:0.076		0:0.012		8:0.089		6:0.076		19:0.023		3:0.076		5:0.012		14:0.012		1:0.089		9:0.089		11:0.023		16:0.089		12:0.076		17:0.089		7:0.023		10:0.076		4:0.023		2:0.012		18:0.012		15:0.023
The 140 Communcation Round: Method: fedavg
caltech10: 58.93,	amazon: 67.89,	webcam: 43.1,	dslr: 53.33
Mean Accuracy: 55.812
Standard Deviation: 10.382


141
[4, 5, 3, 12, 10, 19, 7, 17, 1, 8, 6, 16, 15, 14, 13, 2, 9, 11, 0, 18]
4:0.023		5:0.012		3:0.076		12:0.076		10:0.076		19:0.023		7:0.023		17:0.089		1:0.089		8:0.089		6:0.076		16:0.089		15:0.023		14:0.012		13:0.076		2:0.012		9:0.089		11:0.023		0:0.012		18:0.012
The 141 Communcation Round: Method: fedavg
caltech10: 58.04,	amazon: 70.53,	webcam: 44.83,	dslr: 56.67
Mean Accuracy: 57.517
Standard Deviation: 10.509


142
[2, 11, 3, 0, 17, 10, 7, 15, 4, 1, 19, 6, 18, 13, 8, 12, 14, 9, 5, 16]
2:0.012		11:0.023		3:0.076		0:0.012		17:0.089		10:0.076		7:0.023		15:0.023		4:0.023		1:0.089		19:0.023		6:0.076		18:0.012		13:0.076		8:0.089		12:0.076		14:0.012		9:0.089		5:0.012		16:0.089
The 142 Communcation Round: Method: fedavg
caltech10: 56.7,	amazon: 69.47,	webcam: 46.55,	dslr: 60.0
Mean Accuracy: 58.180
Standard Deviation: 9.456


143
[19, 11, 12, 5, 16, 13, 8, 3, 2, 4, 14, 7, 0, 15, 6, 10, 18, 17, 1, 9]
19:0.023		11:0.023		12:0.076		5:0.012		16:0.089		13:0.076		8:0.089		3:0.076		2:0.012		4:0.023		14:0.012		7:0.023		0:0.012		15:0.023		6:0.076		10:0.076		18:0.012		17:0.089		1:0.089		9:0.089
The 143 Communcation Round: Method: fedavg
caltech10: 59.38,	amazon: 72.63,	webcam: 44.83,	dslr: 63.33
Mean Accuracy: 60.042
Standard Deviation: 11.563


144
[6, 10, 12, 13, 9, 1, 15, 18, 8, 19, 17, 7, 5, 0, 3, 14, 11, 16, 2, 4]
6:0.076		10:0.076		12:0.076		13:0.076		9:0.089		1:0.089		15:0.023		18:0.012		8:0.089		19:0.023		17:0.089		7:0.023		5:0.012		0:0.012		3:0.076		14:0.012		11:0.023		16:0.089		2:0.012		4:0.023
The 144 Communcation Round: Method: fedavg
caltech10: 58.93,	amazon: 67.37,	webcam: 44.83,	dslr: 63.33
Mean Accuracy: 58.615
Standard Deviation: 9.815


145
[18, 12, 10, 9, 19, 11, 3, 6, 14, 16, 2, 17, 4, 8, 13, 7, 0, 5, 1, 15]
18:0.012		12:0.076		10:0.076		9:0.089		19:0.023		11:0.023		3:0.076		6:0.076		14:0.012		16:0.089		2:0.012		17:0.089		4:0.023		8:0.089		13:0.076		7:0.023		0:0.012		5:0.012		1:0.089		15:0.023
The 145 Communcation Round: Method: fedavg
caltech10: 59.38,	amazon: 69.47,	webcam: 41.38,	dslr: 53.33
Mean Accuracy: 55.890
Standard Deviation: 11.743


146
[11, 1, 14, 9, 17, 3, 19, 4, 15, 18, 2, 5, 0, 6, 7, 8, 10, 16, 13, 12]
11:0.023		1:0.089		14:0.012		9:0.089		17:0.089		3:0.076		19:0.023		4:0.023		15:0.023		18:0.012		2:0.012		5:0.012		0:0.012		6:0.076		7:0.023		8:0.089		10:0.076		16:0.089		13:0.076		12:0.076
The 146 Communcation Round: Method: fedavg
caltech10: 57.14,	amazon: 66.84,	webcam: 43.1,	dslr: 63.33
Mean Accuracy: 57.603
Standard Deviation: 10.467


147
[1, 5, 16, 11, 4, 0, 10, 2, 13, 15, 14, 6, 3, 17, 12, 7, 19, 9, 8, 18]
1:0.089		5:0.012		16:0.089		11:0.023		4:0.023		0:0.012		10:0.076		2:0.012		13:0.076		15:0.023		14:0.012		6:0.076		3:0.076		17:0.089		12:0.076		7:0.023		19:0.023		9:0.089		8:0.089		18:0.012
The 147 Communcation Round: Method: fedavg
caltech10: 58.48,	amazon: 70.0,	webcam: 43.1,	dslr: 63.33
Mean Accuracy: 58.727
Standard Deviation: 11.439


148
[19, 8, 6, 14, 9, 12, 15, 16, 1, 11, 13, 3, 17, 7, 18, 4, 5, 10, 2, 0]
19:0.023		8:0.089		6:0.076		14:0.012		9:0.089		12:0.076		15:0.023		16:0.089		1:0.089		11:0.023		13:0.076		3:0.076		17:0.089		7:0.023		18:0.012		4:0.023		5:0.012		10:0.076		2:0.012		0:0.012
The 148 Communcation Round: Method: fedavg
caltech10: 56.7,	amazon: 65.79,	webcam: 39.66,	dslr: 66.67
Mean Accuracy: 57.205
Standard Deviation: 12.535


149
[19, 1, 11, 12, 18, 8, 5, 2, 0, 15, 7, 3, 13, 9, 6, 16, 4, 10, 14, 17]
19:0.023		1:0.089		11:0.023		12:0.076		18:0.012		8:0.089		5:0.012		2:0.012		0:0.012		15:0.023		7:0.023		3:0.076		13:0.076		9:0.089		6:0.076		16:0.089		4:0.023		10:0.076		14:0.012		17:0.089
The 149 Communcation Round: Method: fedavg
caltech10: 59.82,	amazon: 67.89,	webcam: 44.83,	dslr: 53.33
Mean Accuracy: 56.468
Standard Deviation: 9.781


150
[8, 3, 13, 14, 2, 18, 6, 4, 15, 0, 17, 12, 9, 11, 1, 7, 16, 10, 19, 5]
8:0.089		3:0.076		13:0.076		14:0.012		2:0.012		18:0.012		6:0.076		4:0.023		15:0.023		0:0.012		17:0.089		12:0.076		9:0.089		11:0.023		1:0.089		7:0.023		16:0.089		10:0.076		19:0.023		5:0.012
The 150 Communcation Round: Method: fedavg
caltech10: 60.27,	amazon: 72.11,	webcam: 39.66,	dslr: 56.67
Mean Accuracy: 57.177
Standard Deviation: 13.412


151
[3, 10, 8, 18, 0, 7, 9, 6, 1, 4, 16, 14, 13, 19, 17, 2, 5, 12, 15, 11]
3:0.076		10:0.076		8:0.089		18:0.012		0:0.012		7:0.023		9:0.089		6:0.076		1:0.089		4:0.023		16:0.089		14:0.012		13:0.076		19:0.023		17:0.089		2:0.012		5:0.012		12:0.076		15:0.023		11:0.023
The 151 Communcation Round: Method: fedavg
caltech10: 55.8,	amazon: 70.0,	webcam: 44.83,	dslr: 56.67
Mean Accuracy: 56.825
Standard Deviation: 10.304


152
[11, 3, 7, 18, 1, 14, 16, 5, 17, 19, 13, 12, 10, 0, 8, 9, 4, 6, 15, 2]
11:0.023		3:0.076		7:0.023		18:0.012		1:0.089		14:0.012		16:0.089		5:0.012		17:0.089		19:0.023		13:0.076		12:0.076		10:0.076		0:0.012		8:0.089		9:0.089		4:0.023		6:0.076		15:0.023		2:0.012
The 152 Communcation Round: Method: fedavg
caltech10: 59.82,	amazon: 71.05,	webcam: 43.1,	dslr: 60.0
Mean Accuracy: 58.492
Standard Deviation: 11.528


153
[6, 7, 12, 14, 4, 18, 0, 10, 1, 16, 9, 19, 8, 15, 13, 17, 11, 3, 2, 5]
6:0.076		7:0.023		12:0.076		14:0.012		4:0.023		18:0.012		0:0.012		10:0.076		1:0.089		16:0.089		9:0.089		19:0.023		8:0.089		15:0.023		13:0.076		17:0.089		11:0.023		3:0.076		2:0.012		5:0.012
The 153 Communcation Round: Method: fedavg
caltech10: 58.93,	amazon: 68.95,	webcam: 46.55,	dslr: 56.67
Mean Accuracy: 57.775
Standard Deviation: 9.191


154
[7, 18, 9, 5, 2, 8, 19, 10, 14, 1, 16, 12, 3, 11, 17, 6, 4, 0, 13, 15]
7:0.023		18:0.012		9:0.089		5:0.012		2:0.012		8:0.089		19:0.023		10:0.076		14:0.012		1:0.089		16:0.089		12:0.076		3:0.076		11:0.023		17:0.089		6:0.076		4:0.023		0:0.012		13:0.076		15:0.023
The 154 Communcation Round: Method: fedavg
caltech10: 59.82,	amazon: 67.37,	webcam: 43.1,	dslr: 53.33
Mean Accuracy: 55.905
Standard Deviation: 10.285


155
[13, 12, 17, 10, 8, 7, 18, 2, 16, 3, 9, 5, 11, 15, 14, 4, 6, 19, 0, 1]
13:0.076		12:0.076		17:0.089		10:0.076		8:0.089		7:0.023		18:0.012		2:0.012		16:0.089		3:0.076		9:0.089		5:0.012		11:0.023		15:0.023		14:0.012		4:0.023		6:0.076		19:0.023		0:0.012		1:0.089
The 155 Communcation Round: Method: fedavg
caltech10: 57.59,	amazon: 68.42,	webcam: 44.83,	dslr: 60.0
Mean Accuracy: 57.710
Standard Deviation: 9.761


156
[18, 12, 16, 5, 7, 11, 13, 2, 9, 17, 1, 6, 14, 19, 10, 3, 0, 15, 8, 4]
18:0.012		12:0.076		16:0.089		5:0.012		7:0.023		11:0.023		13:0.076		2:0.012		9:0.089		17:0.089		1:0.089		6:0.076		14:0.012		19:0.023		10:0.076		3:0.076		0:0.012		15:0.023		8:0.089		4:0.023
The 156 Communcation Round: Method: fedavg
caltech10: 57.59,	amazon: 67.37,	webcam: 43.1,	dslr: 60.0
Mean Accuracy: 57.015
Standard Deviation: 10.167


157
[11, 1, 13, 12, 8, 17, 2, 6, 18, 0, 4, 10, 7, 9, 15, 14, 16, 3, 19, 5]
11:0.023		1:0.089		13:0.076		12:0.076		8:0.089		17:0.089		2:0.012		6:0.076		18:0.012		0:0.012		4:0.023		10:0.076		7:0.023		9:0.089		15:0.023		14:0.012		16:0.089		3:0.076		19:0.023		5:0.012
The 157 Communcation Round: Method: fedavg
caltech10: 59.82,	amazon: 68.95,	webcam: 46.55,	dslr: 56.67
Mean Accuracy: 57.998
Standard Deviation: 9.239


158
[1, 10, 4, 16, 9, 12, 11, 5, 3, 8, 13, 6, 15, 17, 19, 14, 7, 18, 0, 2]
1:0.089		10:0.076		4:0.023		16:0.089		9:0.089		12:0.076		11:0.023		5:0.012		3:0.076		8:0.089		13:0.076		6:0.076		15:0.023		17:0.089		19:0.023		14:0.012		7:0.023		18:0.012		0:0.012		2:0.012
The 158 Communcation Round: Method: fedavg
caltech10: 57.59,	amazon: 70.0,	webcam: 46.55,	dslr: 56.67
Mean Accuracy: 57.703
Standard Deviation: 9.604


159
[19, 6, 3, 12, 0, 13, 7, 4, 8, 17, 18, 5, 10, 1, 11, 9, 16, 14, 15, 2]
19:0.023		6:0.076		3:0.076		12:0.076		0:0.012		13:0.076		7:0.023		4:0.023		8:0.089		17:0.089		18:0.012		5:0.012		10:0.076		1:0.089		11:0.023		9:0.089		16:0.089		14:0.012		15:0.023		2:0.012
The 159 Communcation Round: Method: fedavg
caltech10: 59.82,	amazon: 70.53,	webcam: 44.83,	dslr: 63.33
Mean Accuracy: 59.627
Standard Deviation: 10.826


160
[12, 19, 10, 5, 15, 9, 2, 8, 7, 4, 13, 11, 14, 1, 16, 0, 3, 18, 17, 6]
12:0.076		19:0.023		10:0.076		5:0.012		15:0.023		9:0.089		2:0.012		8:0.089		7:0.023		4:0.023		13:0.076		11:0.023		14:0.012		1:0.089		16:0.089		0:0.012		3:0.076		18:0.012		17:0.089		6:0.076
The 160 Communcation Round: Method: fedavg
caltech10: 59.38,	amazon: 71.05,	webcam: 41.38,	dslr: 50.0
Mean Accuracy: 55.453
Standard Deviation: 12.734


161
[9, 4, 12, 11, 13, 16, 10, 1, 15, 2, 14, 18, 5, 6, 19, 8, 17, 0, 7, 3]
9:0.089		4:0.023		12:0.076		11:0.023		13:0.076		16:0.089		10:0.076		1:0.089		15:0.023		2:0.012		14:0.012		18:0.012		5:0.012		6:0.076		19:0.023		8:0.089		17:0.089		0:0.012		7:0.023		3:0.076
The 161 Communcation Round: Method: fedavg
caltech10: 60.71,	amazon: 66.32,	webcam: 39.66,	dslr: 63.33
Mean Accuracy: 57.505
Standard Deviation: 12.115


162
[13, 0, 7, 14, 8, 1, 9, 4, 19, 12, 5, 2, 3, 6, 16, 15, 11, 10, 18, 17]
13:0.076		0:0.012		7:0.023		14:0.012		8:0.089		1:0.089		9:0.089		4:0.023		19:0.023		12:0.076		5:0.012		2:0.012		3:0.076		6:0.076		16:0.089		15:0.023		11:0.023		10:0.076		18:0.012		17:0.089
The 162 Communcation Round: Method: fedavg
caltech10: 61.61,	amazon: 69.47,	webcam: 46.55,	dslr: 56.67
Mean Accuracy: 58.575
Standard Deviation: 9.594


163
[11, 17, 1, 14, 18, 0, 6, 15, 3, 19, 5, 12, 8, 7, 4, 16, 2, 13, 9, 10]
11:0.023		17:0.089		1:0.089		14:0.012		18:0.012		0:0.012		6:0.076		15:0.023		3:0.076		19:0.023		5:0.012		12:0.076		8:0.089		7:0.023		4:0.023		16:0.089		2:0.012		13:0.076		9:0.089		10:0.076
The 163 Communcation Round: Method: fedavg
caltech10: 61.61,	amazon: 74.21,	webcam: 43.1,	dslr: 63.33
Mean Accuracy: 60.562
Standard Deviation: 12.909


164
[10, 19, 0, 13, 2, 6, 18, 17, 1, 11, 4, 7, 16, 12, 9, 8, 14, 3, 5, 15]
10:0.076		19:0.023		0:0.012		13:0.076		2:0.012		6:0.076		18:0.012		17:0.089		1:0.089		11:0.023		4:0.023		7:0.023		16:0.089		12:0.076		9:0.089		8:0.089		14:0.012		3:0.076		5:0.012		15:0.023
The 164 Communcation Round: Method: fedavg
caltech10: 59.38,	amazon: 66.84,	webcam: 43.1,	dslr: 60.0
Mean Accuracy: 57.330
Standard Deviation: 10.071


165
[0, 4, 11, 17, 8, 19, 1, 13, 14, 2, 18, 16, 10, 6, 12, 9, 5, 15, 3, 7]
0:0.012		4:0.023		11:0.023		17:0.089		8:0.089		19:0.023		1:0.089		13:0.076		14:0.012		2:0.012		18:0.012		16:0.089		10:0.076		6:0.076		12:0.076		9:0.089		5:0.012		15:0.023		3:0.076		7:0.023
The 165 Communcation Round: Method: fedavg
caltech10: 61.16,	amazon: 71.05,	webcam: 48.28,	dslr: 63.33
Mean Accuracy: 60.955
Standard Deviation: 9.456


166
[16, 9, 4, 13, 8, 15, 6, 3, 0, 17, 18, 10, 1, 2, 12, 14, 11, 5, 19, 7]
16:0.089		9:0.089		4:0.023		13:0.076		8:0.089		15:0.023		6:0.076		3:0.076		0:0.012		17:0.089		18:0.012		10:0.076		1:0.089		2:0.012		12:0.076		14:0.012		11:0.023		5:0.012		19:0.023		7:0.023
The 166 Communcation Round: Method: fedavg
caltech10: 61.16,	amazon: 68.42,	webcam: 46.55,	dslr: 66.67
Mean Accuracy: 60.700
Standard Deviation: 9.928


167
[7, 17, 2, 12, 1, 18, 9, 4, 10, 8, 19, 3, 15, 11, 6, 16, 5, 0, 14, 13]
7:0.023		17:0.089		2:0.012		12:0.076		1:0.089		18:0.012		9:0.089		4:0.023		10:0.076		8:0.089		19:0.023		3:0.076		15:0.023		11:0.023		6:0.076		16:0.089		5:0.012		0:0.012		14:0.012		13:0.076
The 167 Communcation Round: Method: fedavg
caltech10: 58.04,	amazon: 70.0,	webcam: 46.55,	dslr: 60.0
Mean Accuracy: 58.647
Standard Deviation: 9.616


168
[19, 13, 16, 6, 7, 18, 3, 0, 15, 11, 9, 8, 1, 17, 5, 14, 2, 12, 4, 10]
19:0.023		13:0.076		16:0.089		6:0.076		7:0.023		18:0.012		3:0.076		0:0.012		15:0.023		11:0.023		9:0.089		8:0.089		1:0.089		17:0.089		5:0.012		14:0.012		2:0.012		12:0.076		4:0.023		10:0.076
The 168 Communcation Round: Method: fedavg
caltech10: 60.71,	amazon: 70.53,	webcam: 46.55,	dslr: 60.0
Mean Accuracy: 59.448
Standard Deviation: 9.850


169
[13, 9, 2, 4, 12, 0, 5, 18, 10, 16, 6, 17, 3, 8, 14, 7, 11, 15, 1, 19]
13:0.076		9:0.089		2:0.012		4:0.023		12:0.076		0:0.012		5:0.012		18:0.012		10:0.076		16:0.089		6:0.076		17:0.089		3:0.076		8:0.089		14:0.012		7:0.023		11:0.023		15:0.023		1:0.089		19:0.023
The 169 Communcation Round: Method: fedavg
caltech10: 58.48,	amazon: 72.11,	webcam: 41.38,	dslr: 60.0
Mean Accuracy: 57.992
Standard Deviation: 12.643


170
[2, 6, 9, 4, 8, 7, 3, 19, 12, 16, 5, 15, 13, 10, 14, 0, 1, 11, 17, 18]
2:0.012		6:0.076		9:0.089		4:0.023		8:0.089		7:0.023		3:0.076		19:0.023		12:0.076		16:0.089		5:0.012		15:0.023		13:0.076		10:0.076		14:0.012		0:0.012		1:0.089		11:0.023		17:0.089		18:0.012
The 170 Communcation Round: Method: fedavg
caltech10: 61.16,	amazon: 72.63,	webcam: 43.1,	dslr: 56.67
Mean Accuracy: 58.390
Standard Deviation: 12.209


171
[1, 19, 16, 15, 13, 8, 14, 10, 9, 18, 5, 12, 4, 3, 6, 2, 7, 17, 0, 11]
1:0.089		19:0.023		16:0.089		15:0.023		13:0.076		8:0.089		14:0.012		10:0.076		9:0.089		18:0.012		5:0.012		12:0.076		4:0.023		3:0.076		6:0.076		2:0.012		7:0.023		17:0.089		0:0.012		11:0.023
The 171 Communcation Round: Method: fedavg
caltech10: 61.16,	amazon: 68.95,	webcam: 43.1,	dslr: 56.67
Mean Accuracy: 57.470
Standard Deviation: 10.840


172
[16, 14, 11, 17, 1, 2, 18, 19, 13, 3, 6, 5, 7, 0, 12, 15, 9, 8, 4, 10]
16:0.089		14:0.012		11:0.023		17:0.089		1:0.089		2:0.012		18:0.012		19:0.023		13:0.076		3:0.076		6:0.076		5:0.012		7:0.023		0:0.012		12:0.076		15:0.023		9:0.089		8:0.089		4:0.023		10:0.076
The 172 Communcation Round: Method: fedavg
caltech10: 59.82,	amazon: 70.0,	webcam: 43.1,	dslr: 63.33
Mean Accuracy: 59.062
Standard Deviation: 11.449


173
[19, 3, 11, 14, 13, 2, 18, 9, 17, 4, 5, 6, 0, 15, 10, 8, 7, 16, 12, 1]
19:0.023		3:0.076		11:0.023		14:0.012		13:0.076		2:0.012		18:0.012		9:0.089		17:0.089		4:0.023		5:0.012		6:0.076		0:0.012		15:0.023		10:0.076		8:0.089		7:0.023		16:0.089		12:0.076		1:0.089
The 173 Communcation Round: Method: fedavg
caltech10: 60.71,	amazon: 68.95,	webcam: 43.1,	dslr: 60.0
Mean Accuracy: 58.190
Standard Deviation: 10.849


174
[1, 19, 5, 0, 11, 16, 3, 9, 13, 12, 4, 6, 10, 8, 7, 17, 14, 18, 15, 2]
1:0.089		19:0.023		5:0.012		0:0.012		11:0.023		16:0.089		3:0.076		9:0.089		13:0.076		12:0.076		4:0.023		6:0.076		10:0.076		8:0.089		7:0.023		17:0.089		14:0.012		18:0.012		15:0.023		2:0.012
The 174 Communcation Round: Method: fedavg
caltech10: 59.82,	amazon: 71.58,	webcam: 41.38,	dslr: 60.0
Mean Accuracy: 58.195
Standard Deviation: 12.487


175
[7, 3, 12, 6, 16, 10, 0, 5, 18, 9, 8, 14, 17, 4, 1, 11, 15, 13, 19, 2]
7:0.023		3:0.076		12:0.076		6:0.076		16:0.089		10:0.076		0:0.012		5:0.012		18:0.012		9:0.089		8:0.089		14:0.012		17:0.089		4:0.023		1:0.089		11:0.023		15:0.023		13:0.076		19:0.023		2:0.012
The 175 Communcation Round: Method: fedavg
caltech10: 58.93,	amazon: 70.53,	webcam: 44.83,	dslr: 56.67
Mean Accuracy: 57.740
Standard Deviation: 10.533


176
[7, 1, 10, 8, 4, 3, 14, 5, 9, 19, 13, 11, 16, 0, 2, 6, 12, 15, 18, 17]
7:0.023		1:0.089		10:0.076		8:0.089		4:0.023		3:0.076		14:0.012		5:0.012		9:0.089		19:0.023		13:0.076		11:0.023		16:0.089		0:0.012		2:0.012		6:0.076		12:0.076		15:0.023		18:0.012		17:0.089
The 176 Communcation Round: Method: fedavg
caltech10: 58.93,	amazon: 66.32,	webcam: 43.1,	dslr: 63.33
Mean Accuracy: 57.920
Standard Deviation: 10.336


177
[0, 9, 14, 1, 6, 16, 7, 13, 8, 11, 12, 3, 15, 18, 5, 2, 19, 4, 10, 17]
0:0.012		9:0.089		14:0.012		1:0.089		6:0.076		16:0.089		7:0.023		13:0.076		8:0.089		11:0.023		12:0.076		3:0.076		15:0.023		18:0.012		5:0.012		2:0.012		19:0.023		4:0.023		10:0.076		17:0.089
The 177 Communcation Round: Method: fedavg
caltech10: 57.59,	amazon: 66.32,	webcam: 43.1,	dslr: 53.33
Mean Accuracy: 55.085
Standard Deviation: 9.647


178
[4, 10, 15, 1, 9, 0, 17, 14, 16, 13, 12, 18, 11, 7, 8, 5, 2, 6, 19, 3]
4:0.023		10:0.076		15:0.023		1:0.089		9:0.089		0:0.012		17:0.089		14:0.012		16:0.089		13:0.076		12:0.076		18:0.012		11:0.023		7:0.023		8:0.089		5:0.012		2:0.012		6:0.076		19:0.023		3:0.076
The 178 Communcation Round: Method: fedavg
caltech10: 59.38,	amazon: 65.26,	webcam: 44.83,	dslr: 60.0
Mean Accuracy: 57.368
Standard Deviation: 8.765


179
[15, 0, 13, 16, 14, 3, 9, 17, 2, 4, 7, 10, 18, 19, 12, 6, 1, 11, 8, 5]
15:0.023		0:0.012		13:0.076		16:0.089		14:0.012		3:0.076		9:0.089		17:0.089		2:0.012		4:0.023		7:0.023		10:0.076		18:0.012		19:0.023		12:0.076		6:0.076		1:0.089		11:0.023		8:0.089		5:0.012
The 179 Communcation Round: Method: fedavg
caltech10: 59.38,	amazon: 68.42,	webcam: 44.83,	dslr: 53.33
Mean Accuracy: 56.490
Standard Deviation: 9.943


180
[15, 11, 19, 18, 3, 9, 8, 6, 10, 12, 14, 16, 1, 5, 2, 7, 13, 0, 4, 17]
15:0.023		11:0.023		19:0.023		18:0.012		3:0.076		9:0.089		8:0.089		6:0.076		10:0.076		12:0.076		14:0.012		16:0.089		1:0.089		5:0.012		2:0.012		7:0.023		13:0.076		0:0.012		4:0.023		17:0.089
The 180 Communcation Round: Method: fedavg
caltech10: 60.71,	amazon: 70.0,	webcam: 44.83,	dslr: 63.33
Mean Accuracy: 59.718
Standard Deviation: 10.668


181
[7, 10, 3, 16, 12, 15, 11, 0, 1, 18, 9, 2, 8, 14, 13, 19, 5, 17, 6, 4]
7:0.023		10:0.076		3:0.076		16:0.089		12:0.076		15:0.023		11:0.023		0:0.012		1:0.089		18:0.012		9:0.089		2:0.012		8:0.089		14:0.012		13:0.076		19:0.023		5:0.012		17:0.089		6:0.076		4:0.023
The 181 Communcation Round: Method: fedavg
caltech10: 59.82,	amazon: 72.11,	webcam: 39.66,	dslr: 63.33
Mean Accuracy: 58.730
Standard Deviation: 13.724


182
[9, 19, 3, 5, 12, 15, 14, 4, 18, 2, 6, 7, 11, 0, 16, 17, 1, 13, 10, 8]
9:0.089		19:0.023		3:0.076		5:0.012		12:0.076		15:0.023		14:0.012		4:0.023		18:0.012		2:0.012		6:0.076		7:0.023		11:0.023		0:0.012		16:0.089		17:0.089		1:0.089		13:0.076		10:0.076		8:0.089
The 182 Communcation Round: Method: fedavg
caltech10: 62.05,	amazon: 67.89,	webcam: 43.1,	dslr: 66.67
Mean Accuracy: 59.927
Standard Deviation: 11.497


183
[3, 11, 1, 13, 2, 5, 17, 8, 15, 12, 7, 10, 18, 4, 9, 14, 6, 0, 19, 16]
3:0.076		11:0.023		1:0.089		13:0.076		2:0.012		5:0.012		17:0.089		8:0.089		15:0.023		12:0.076		7:0.023		10:0.076		18:0.012		4:0.023		9:0.089		14:0.012		6:0.076		0:0.012		19:0.023		16:0.089
The 183 Communcation Round: Method: fedavg
caltech10: 59.82,	amazon: 73.16,	webcam: 48.28,	dslr: 56.67
Mean Accuracy: 59.483
Standard Deviation: 10.338


184
[15, 7, 3, 1, 10, 18, 4, 11, 9, 13, 2, 5, 16, 19, 6, 8, 17, 12, 0, 14]
15:0.023		7:0.023		3:0.076		1:0.089		10:0.076		18:0.012		4:0.023		11:0.023		9:0.089		13:0.076		2:0.012		5:0.012		16:0.089		19:0.023		6:0.076		8:0.089		17:0.089		12:0.076		0:0.012		14:0.012
The 184 Communcation Round: Method: fedavg
caltech10: 59.38,	amazon: 68.95,	webcam: 44.83,	dslr: 56.67
Mean Accuracy: 57.458
Standard Deviation: 9.931


185
[7, 10, 3, 0, 9, 8, 4, 6, 15, 12, 18, 16, 5, 1, 19, 11, 2, 17, 14, 13]
7:0.023		10:0.076		3:0.076		0:0.012		9:0.089		8:0.089		4:0.023		6:0.076		15:0.023		12:0.076		18:0.012		16:0.089		5:0.012		1:0.089		19:0.023		11:0.023		2:0.012		17:0.089		14:0.012		13:0.076
The 185 Communcation Round: Method: fedavg
caltech10: 59.38,	amazon: 70.0,	webcam: 46.55,	dslr: 66.67
Mean Accuracy: 60.650
Standard Deviation: 10.394


186
[11, 6, 14, 17, 9, 4, 12, 8, 13, 19, 16, 10, 18, 1, 5, 0, 15, 2, 3, 7]
11:0.023		6:0.076		14:0.012		17:0.089		9:0.089		4:0.023		12:0.076		8:0.089		13:0.076		19:0.023		16:0.089		10:0.076		18:0.012		1:0.089		5:0.012		0:0.012		15:0.023		2:0.012		3:0.076		7:0.023
The 186 Communcation Round: Method: fedavg
caltech10: 60.71,	amazon: 70.53,	webcam: 46.55,	dslr: 56.67
Mean Accuracy: 58.615
Standard Deviation: 9.928


187
[16, 12, 1, 0, 17, 8, 19, 9, 15, 18, 14, 13, 2, 3, 6, 7, 4, 10, 5, 11]
16:0.089		12:0.076		1:0.089		0:0.012		17:0.089		8:0.089		19:0.023		9:0.089		15:0.023		18:0.012		14:0.012		13:0.076		2:0.012		3:0.076		6:0.076		7:0.023		4:0.023		10:0.076		5:0.012		11:0.023
The 187 Communcation Round: Method: fedavg
caltech10: 59.82,	amazon: 69.47,	webcam: 44.83,	dslr: 60.0
Mean Accuracy: 58.530
Standard Deviation: 10.185


188
[17, 15, 19, 6, 13, 12, 4, 11, 10, 1, 8, 16, 0, 5, 14, 9, 18, 7, 2, 3]
17:0.089		15:0.023		19:0.023		6:0.076		13:0.076		12:0.076		4:0.023		11:0.023		10:0.076		1:0.089		8:0.089		16:0.089		0:0.012		5:0.012		14:0.012		9:0.089		18:0.012		7:0.023		2:0.012		3:0.076
The 188 Communcation Round: Method: fedavg
caltech10: 59.82,	amazon: 65.79,	webcam: 44.83,	dslr: 60.0
Mean Accuracy: 57.610
Standard Deviation: 8.960


189
[18, 2, 1, 7, 5, 9, 12, 10, 16, 13, 8, 17, 3, 14, 19, 11, 0, 4, 15, 6]
18:0.012		2:0.012		1:0.089		7:0.023		5:0.012		9:0.089		12:0.076		10:0.076		16:0.089		13:0.076		8:0.089		17:0.089		3:0.076		14:0.012		19:0.023		11:0.023		0:0.012		4:0.023		15:0.023		6:0.076
The 189 Communcation Round: Method: fedavg
caltech10: 58.04,	amazon: 67.89,	webcam: 46.55,	dslr: 60.0
Mean Accuracy: 58.120
Standard Deviation: 8.810


190
[13, 16, 5, 19, 10, 7, 6, 3, 15, 12, 18, 14, 2, 17, 4, 9, 1, 0, 8, 11]
13:0.076		16:0.089		5:0.012		19:0.023		10:0.076		7:0.023		6:0.076		3:0.076		15:0.023		12:0.076		18:0.012		14:0.012		2:0.012		17:0.089		4:0.023		9:0.089		1:0.089		0:0.012		8:0.089		11:0.023
The 190 Communcation Round: Method: fedavg
caltech10: 59.38,	amazon: 69.47,	webcam: 44.83,	dslr: 63.33
Mean Accuracy: 59.252
Standard Deviation: 10.473


191
[2, 10, 13, 18, 12, 6, 14, 8, 0, 17, 11, 1, 15, 9, 5, 16, 4, 7, 19, 3]
2:0.012		10:0.076		13:0.076		18:0.012		12:0.076		6:0.076		14:0.012		8:0.089		0:0.012		17:0.089		11:0.023		1:0.089		15:0.023		9:0.089		5:0.012		16:0.089		4:0.023		7:0.023		19:0.023		3:0.076
The 191 Communcation Round: Method: fedavg
caltech10: 56.25,	amazon: 74.21,	webcam: 43.1,	dslr: 56.67
Mean Accuracy: 57.557
Standard Deviation: 12.765


192
[4, 6, 1, 17, 11, 15, 16, 8, 19, 12, 10, 14, 3, 18, 5, 13, 7, 9, 0, 2]
4:0.023		6:0.076		1:0.089		17:0.089		11:0.023		15:0.023		16:0.089		8:0.089		19:0.023		12:0.076		10:0.076		14:0.012		3:0.076		18:0.012		5:0.012		13:0.076		7:0.023		9:0.089		0:0.012		2:0.012
The 192 Communcation Round: Method: fedavg
caltech10: 58.93,	amazon: 68.95,	webcam: 41.38,	dslr: 60.0
Mean Accuracy: 57.315
Standard Deviation: 11.534


193
[3, 6, 12, 8, 5, 16, 13, 2, 7, 11, 18, 15, 17, 0, 1, 14, 4, 19, 10, 9]
3:0.076		6:0.076		12:0.076		8:0.089		5:0.012		16:0.089		13:0.076		2:0.012		7:0.023		11:0.023		18:0.012		15:0.023		17:0.089		0:0.012		1:0.089		14:0.012		4:0.023		19:0.023		10:0.076		9:0.089
The 193 Communcation Round: Method: fedavg
caltech10: 60.71,	amazon: 70.0,	webcam: 41.38,	dslr: 56.67
Mean Accuracy: 57.190
Standard Deviation: 11.926


194
[15, 8, 14, 6, 17, 9, 19, 12, 7, 4, 13, 2, 16, 1, 5, 3, 10, 18, 11, 0]
15:0.023		8:0.089		14:0.012		6:0.076		17:0.089		9:0.089		19:0.023		12:0.076		7:0.023		4:0.023		13:0.076		2:0.012		16:0.089		1:0.089		5:0.012		3:0.076		10:0.076		18:0.012		11:0.023		0:0.012
The 194 Communcation Round: Method: fedavg
caltech10: 58.48,	amazon: 73.68,	webcam: 43.1,	dslr: 56.67
Mean Accuracy: 57.983
Standard Deviation: 12.515


195
[12, 7, 4, 13, 9, 10, 17, 8, 2, 6, 11, 5, 3, 16, 18, 15, 0, 19, 1, 14]
12:0.076		7:0.023		4:0.023		13:0.076		9:0.089		10:0.076		17:0.089		8:0.089		2:0.012		6:0.076		11:0.023		5:0.012		3:0.076		16:0.089		18:0.012		15:0.023		0:0.012		19:0.023		1:0.089		14:0.012
The 195 Communcation Round: Method: fedavg
caltech10: 58.48,	amazon: 71.05,	webcam: 46.55,	dslr: 66.67
Mean Accuracy: 60.688
Standard Deviation: 10.769


196
[14, 4, 19, 1, 15, 5, 18, 6, 3, 12, 10, 7, 9, 16, 2, 11, 0, 17, 13, 8]
14:0.012		4:0.023		19:0.023		1:0.089		15:0.023		5:0.012		18:0.012		6:0.076		3:0.076		12:0.076		10:0.076		7:0.023		9:0.089		16:0.089		2:0.012		11:0.023		0:0.012		17:0.089		13:0.076		8:0.089
The 196 Communcation Round: Method: fedavg
caltech10: 59.38,	amazon: 70.53,	webcam: 48.28,	dslr: 63.33
Mean Accuracy: 60.380
Standard Deviation: 9.294


197
[2, 17, 12, 10, 3, 14, 19, 15, 1, 0, 4, 13, 8, 5, 6, 18, 7, 11, 16, 9]
2:0.012		17:0.089		12:0.076		10:0.076		3:0.076		14:0.012		19:0.023		15:0.023		1:0.089		0:0.012		4:0.023		13:0.076		8:0.089		5:0.012		6:0.076		18:0.012		7:0.023		11:0.023		16:0.089		9:0.089
The 197 Communcation Round: Method: fedavg
caltech10: 60.71,	amazon: 68.42,	webcam: 43.1,	dslr: 60.0
Mean Accuracy: 58.057
Standard Deviation: 10.676


198
[5, 18, 4, 9, 16, 13, 10, 6, 12, 2, 7, 0, 14, 15, 11, 17, 1, 19, 8, 3]
5:0.012		18:0.012		4:0.023		9:0.089		16:0.089		13:0.076		10:0.076		6:0.076		12:0.076		2:0.012		7:0.023		0:0.012		14:0.012		15:0.023		11:0.023		17:0.089		1:0.089		19:0.023		8:0.089		3:0.076
The 198 Communcation Round: Method: fedavg
caltech10: 59.38,	amazon: 74.74,	webcam: 41.38,	dslr: 56.67
Mean Accuracy: 58.043
Standard Deviation: 13.664


199
[18, 14, 4, 19, 10, 0, 13, 5, 12, 11, 16, 9, 15, 7, 2, 8, 6, 1, 3, 17]
18:0.012		14:0.012		4:0.023		19:0.023		10:0.076		0:0.012		13:0.076		5:0.012		12:0.076		11:0.023		16:0.089		9:0.089		15:0.023		7:0.023		2:0.012		8:0.089		6:0.076		1:0.089		3:0.076		17:0.089
The 199 Communcation Round: Method: fedavg
caltech10: 61.16,	amazon: 73.16,	webcam: 44.83,	dslr: 60.0
Mean Accuracy: 59.787
Standard Deviation: 11.611


